
///////////////////////////////////
// Efinity Synthesis Started 
// Sep 23, 2024 12:33:17
///////////////////////////////////

[EFX-0011 VERI-WARNING] parameter 'divisor' becomes localparam in 'uart' with formal parameter declaration list (VERI-1199) (/Work/Proyects/ecb_T8_T113/femtoRV/basic/rtl/cores/uart/uart.v:24)
[EFX-0011 VERI-WARNING] expression size 32 truncated to fit in target size 5 (VERI-1209) (/Work/Proyects/ecb_T8_T113/femtoRV/basic/rtl/cores/cpu/femtorv32_quark.v:174)
[EFX-0011 VERI-WARNING] expression size 25 truncated to fit in target size 24 (VERI-1209) (/Work/Proyects/ecb_T8_T113/femtoRV/basic/rtl/cores/cpu/femtorv32_quark.v:200)
[EFX-0011 VERI-WARNING] synthesis - simulation differences may occur when using parallel_case directive (VERI-1174) (/Work/Proyects/ecb_T8_T113/femtoRV/basic/rtl/cores/cpu/femtorv32_quark.v:342)
[EFX-0011 VERI-WARNING] expression size 32 truncated to fit in target size 16 (VERI-1209) (/Work/Proyects/ecb_T8_T113/femtoRV/basic/rtl/cores/uart/uart.v:39)
[EFX-0011 VERI-WARNING] expression size 5 truncated to fit in target size 4 (VERI-1209) (/Work/Proyects/ecb_T8_T113/femtoRV/basic/rtl/cores/uart/uart.v:88)
[EFX-0011 VERI-WARNING] expression size 5 truncated to fit in target size 4 (VERI-1209) (/Work/Proyects/ecb_T8_T113/femtoRV/basic/rtl/cores/uart/uart.v:91)
[EFX-0011 VERI-WARNING] expression size 5 truncated to fit in target size 4 (VERI-1209) (/Work/Proyects/ecb_T8_T113/femtoRV/basic/rtl/cores/uart/uart.v:137)
[EFX-0011 VERI-WARNING] expression size 5 truncated to fit in target size 4 (VERI-1209) (/Work/Proyects/ecb_T8_T113/femtoRV/basic/rtl/cores/uart/uart.v:140)
[EFX-0011 VERI-WARNING] expression size 6 truncated to fit in target size 5 (VERI-1209) (/Work/Proyects/ecb_T8_T113/femtoRV/basic/rtl/cores/mult/mult.v:83)
[EFX-0011 VERI-WARNING] net 'gpio_dout[31]' does not have a driver (VDB-1002) (/Work/Proyects/ecb_T8_T113/femtoRV/basic/rtl/SOC.v:38)
[EFX-0011 VERI-WARNING] net 'div_dout[31]' does not have a driver (VDB-1002) (/Work/Proyects/ecb_T8_T113/femtoRV/basic/rtl/SOC.v:40)
[EFX-0011 VERI-WARNING] net 'bin2bcd_dout[31]' does not have a driver (VDB-1002) (/Work/Proyects/ecb_T8_T113/femtoRV/basic/rtl/SOC.v:41)
[EFX-0011 VERI-WARNING] net 'dpram_dout[31]' does not have a driver (VDB-1002) (/Work/Proyects/ecb_T8_T113/femtoRV/basic/rtl/SOC.v:42)
[EFX-0200 WARNING] Removing redundant signal : mem_addr[1]. (/Work/Proyects/ecb_T8_T113/femtoRV/basic/rtl/cores/bram/bram.v:5)
[EFX-0200 WARNING] Removing redundant signal : mem_addr[0]. (/Work/Proyects/ecb_T8_T113/femtoRV/basic/rtl/cores/bram/bram.v:5)
[EFX-0200 WARNING] Removing redundant signal : d_in[31]. (/Work/Proyects/ecb_T8_T113/femtoRV/basic/rtl/cores/uart/perip_uart.v:7)
[EFX-0200 WARNING] Removing redundant signal : d_in[30]. (/Work/Proyects/ecb_T8_T113/femtoRV/basic/rtl/cores/uart/perip_uart.v:7)
[EFX-0200 WARNING] Removing redundant signal : d_in[29]. (/Work/Proyects/ecb_T8_T113/femtoRV/basic/rtl/cores/uart/perip_uart.v:7)
[EFX-0200 WARNING] Removing redundant signal : d_in[28]. (/Work/Proyects/ecb_T8_T113/femtoRV/basic/rtl/cores/uart/perip_uart.v:7)
[EFX-0200 WARNING] Removing redundant signal : d_in[27]. (/Work/Proyects/ecb_T8_T113/femtoRV/basic/rtl/cores/uart/perip_uart.v:7)
[EFX-0200 WARNING] Removing redundant signal : d_in[26]. (/Work/Proyects/ecb_T8_T113/femtoRV/basic/rtl/cores/uart/perip_uart.v:7)
[EFX-0200 WARNING] Removing redundant signal : d_in[25]. (/Work/Proyects/ecb_T8_T113/femtoRV/basic/rtl/cores/uart/perip_uart.v:7)
[EFX-0200 WARNING] Removing redundant signal : d_in[24]. (/Work/Proyects/ecb_T8_T113/femtoRV/basic/rtl/cores/uart/perip_uart.v:7)
[EFX-0200 WARNING] Removing redundant signal : d_in[23]. (/Work/Proyects/ecb_T8_T113/femtoRV/basic/rtl/cores/uart/perip_uart.v:7)
[EFX-0200 WARNING] Removing redundant signal : d_in[22]. (/Work/Proyects/ecb_T8_T113/femtoRV/basic/rtl/cores/uart/perip_uart.v:7)
[EFX-0200 WARNING] Removing redundant signal : d_in[21]. (/Work/Proyects/ecb_T8_T113/femtoRV/basic/rtl/cores/uart/perip_uart.v:7)
[EFX-0200 WARNING] Removing redundant signal : d_in[20]. (/Work/Proyects/ecb_T8_T113/femtoRV/basic/rtl/cores/uart/perip_uart.v:7)
[EFX-0200 WARNING] Removing redundant signal : d_in[19]. (/Work/Proyects/ecb_T8_T113/femtoRV/basic/rtl/cores/uart/perip_uart.v:7)
[EFX-0200 WARNING] Removing redundant signal : d_in[18]. (/Work/Proyects/ecb_T8_T113/femtoRV/basic/rtl/cores/uart/perip_uart.v:7)
[EFX-0200 WARNING] Removing redundant signal : d_in[17]. (/Work/Proyects/ecb_T8_T113/femtoRV/basic/rtl/cores/uart/perip_uart.v:7)
[EFX-0200 WARNING] Removing redundant signal : d_in[16]. (/Work/Proyects/ecb_T8_T113/femtoRV/basic/rtl/cores/uart/perip_uart.v:7)
[EFX-0200 WARNING] Removing redundant signal : d_in[15]. (/Work/Proyects/ecb_T8_T113/femtoRV/basic/rtl/cores/uart/perip_uart.v:7)
[EFX-0200 WARNING] Removing redundant signal : d_in[14]. (/Work/Proyects/ecb_T8_T113/femtoRV/basic/rtl/cores/uart/perip_uart.v:7)
[EFX-0266 WARNING] Module Instance 'CPU' input pin tied to constant (mem_rbusy=0).
[EFX-0266 WARNING] Module Instance 'CPU' input pin tied to constant (mem_wbusy=0).
[EFX-0201 WARNING] Re-wiring to GND non-driven net 'gpio_dout[31]'. (/Work/Proyects/ecb_T8_T113/femtoRV/basic/rtl/SOC.v:38)
[EFX-0201 WARNING] Re-wiring to GND non-driven net 'gpio_dout[30]'. (/Work/Proyects/ecb_T8_T113/femtoRV/basic/rtl/SOC.v:38)
[EFX-0201 WARNING] Re-wiring to GND non-driven net 'gpio_dout[29]'. (/Work/Proyects/ecb_T8_T113/femtoRV/basic/rtl/SOC.v:38)
[EFX-0201 WARNING] Re-wiring to GND non-driven net 'gpio_dout[28]'. (/Work/Proyects/ecb_T8_T113/femtoRV/basic/rtl/SOC.v:38)
[EFX-0201 WARNING] Re-wiring to GND non-driven net 'gpio_dout[27]'. (/Work/Proyects/ecb_T8_T113/femtoRV/basic/rtl/SOC.v:38)
[EFX-0201 WARNING] Re-wiring to GND non-driven net 'gpio_dout[26]'. (/Work/Proyects/ecb_T8_T113/femtoRV/basic/rtl/SOC.v:38)
[EFX-0201 WARNING] Re-wiring to GND non-driven net 'gpio_dout[25]'. (/Work/Proyects/ecb_T8_T113/femtoRV/basic/rtl/SOC.v:38)
[EFX-0201 WARNING] Re-wiring to GND non-driven net 'gpio_dout[24]'. (/Work/Proyects/ecb_T8_T113/femtoRV/basic/rtl/SOC.v:38)
[EFX-0201 WARNING] Re-wiring to GND non-driven net 'gpio_dout[23]'. (/Work/Proyects/ecb_T8_T113/femtoRV/basic/rtl/SOC.v:38)
[EFX-0201 WARNING] Re-wiring to GND non-driven net 'gpio_dout[22]'. (/Work/Proyects/ecb_T8_T113/femtoRV/basic/rtl/SOC.v:38)

///////////////////////////////////
// Efinity Synthesis Started 
// Sep 23, 2024 12:35:14
///////////////////////////////////

[EFX-0011 VERI-WARNING] parameter 'divisor' becomes localparam in 'uart' with formal parameter declaration list (VERI-1199) (/Work/Proyects/ecb_T8_T113/femtoRV/basic/rtl/cores/uart/uart.v:24)
[EFX-0011 VERI-WARNING] expression size 32 truncated to fit in target size 5 (VERI-1209) (/Work/Proyects/ecb_T8_T113/femtoRV/basic/rtl/cores/cpu/femtorv32_quark.v:174)
[EFX-0011 VERI-WARNING] expression size 25 truncated to fit in target size 24 (VERI-1209) (/Work/Proyects/ecb_T8_T113/femtoRV/basic/rtl/cores/cpu/femtorv32_quark.v:200)
[EFX-0011 VERI-WARNING] synthesis - simulation differences may occur when using parallel_case directive (VERI-1174) (/Work/Proyects/ecb_T8_T113/femtoRV/basic/rtl/cores/cpu/femtorv32_quark.v:342)
[EFX-0011 VERI-WARNING] expression size 32 truncated to fit in target size 16 (VERI-1209) (/Work/Proyects/ecb_T8_T113/femtoRV/basic/rtl/cores/uart/uart.v:39)
[EFX-0011 VERI-WARNING] expression size 5 truncated to fit in target size 4 (VERI-1209) (/Work/Proyects/ecb_T8_T113/femtoRV/basic/rtl/cores/uart/uart.v:88)
[EFX-0011 VERI-WARNING] expression size 5 truncated to fit in target size 4 (VERI-1209) (/Work/Proyects/ecb_T8_T113/femtoRV/basic/rtl/cores/uart/uart.v:91)
[EFX-0011 VERI-WARNING] expression size 5 truncated to fit in target size 4 (VERI-1209) (/Work/Proyects/ecb_T8_T113/femtoRV/basic/rtl/cores/uart/uart.v:137)
[EFX-0011 VERI-WARNING] expression size 5 truncated to fit in target size 4 (VERI-1209) (/Work/Proyects/ecb_T8_T113/femtoRV/basic/rtl/cores/uart/uart.v:140)
[EFX-0011 VERI-WARNING] expression size 6 truncated to fit in target size 5 (VERI-1209) (/Work/Proyects/ecb_T8_T113/femtoRV/basic/rtl/cores/mult/mult.v:83)
[EFX-0011 VERI-WARNING] net 'gpio_dout[31]' does not have a driver (VDB-1002) (/Work/Proyects/ecb_T8_T113/femtoRV/basic/rtl/SOC.v:38)
[EFX-0011 VERI-WARNING] net 'div_dout[31]' does not have a driver (VDB-1002) (/Work/Proyects/ecb_T8_T113/femtoRV/basic/rtl/SOC.v:40)
[EFX-0011 VERI-WARNING] net 'bin2bcd_dout[31]' does not have a driver (VDB-1002) (/Work/Proyects/ecb_T8_T113/femtoRV/basic/rtl/SOC.v:41)
[EFX-0011 VERI-WARNING] net 'dpram_dout[31]' does not have a driver (VDB-1002) (/Work/Proyects/ecb_T8_T113/femtoRV/basic/rtl/SOC.v:42)
[EFX-0200 WARNING] Removing redundant signal : mem_addr[1]. (/Work/Proyects/ecb_T8_T113/femtoRV/basic/rtl/cores/bram/bram.v:5)
[EFX-0200 WARNING] Removing redundant signal : mem_addr[0]. (/Work/Proyects/ecb_T8_T113/femtoRV/basic/rtl/cores/bram/bram.v:5)
[EFX-0200 WARNING] Removing redundant signal : d_in[31]. (/Work/Proyects/ecb_T8_T113/femtoRV/basic/rtl/cores/uart/perip_uart.v:7)
[EFX-0200 WARNING] Removing redundant signal : d_in[30]. (/Work/Proyects/ecb_T8_T113/femtoRV/basic/rtl/cores/uart/perip_uart.v:7)
[EFX-0200 WARNING] Removing redundant signal : d_in[29]. (/Work/Proyects/ecb_T8_T113/femtoRV/basic/rtl/cores/uart/perip_uart.v:7)
[EFX-0200 WARNING] Removing redundant signal : d_in[28]. (/Work/Proyects/ecb_T8_T113/femtoRV/basic/rtl/cores/uart/perip_uart.v:7)
[EFX-0200 WARNING] Removing redundant signal : d_in[27]. (/Work/Proyects/ecb_T8_T113/femtoRV/basic/rtl/cores/uart/perip_uart.v:7)
[EFX-0200 WARNING] Removing redundant signal : d_in[26]. (/Work/Proyects/ecb_T8_T113/femtoRV/basic/rtl/cores/uart/perip_uart.v:7)
[EFX-0200 WARNING] Removing redundant signal : d_in[25]. (/Work/Proyects/ecb_T8_T113/femtoRV/basic/rtl/cores/uart/perip_uart.v:7)
[EFX-0200 WARNING] Removing redundant signal : d_in[24]. (/Work/Proyects/ecb_T8_T113/femtoRV/basic/rtl/cores/uart/perip_uart.v:7)
[EFX-0200 WARNING] Removing redundant signal : d_in[23]. (/Work/Proyects/ecb_T8_T113/femtoRV/basic/rtl/cores/uart/perip_uart.v:7)
[EFX-0200 WARNING] Removing redundant signal : d_in[22]. (/Work/Proyects/ecb_T8_T113/femtoRV/basic/rtl/cores/uart/perip_uart.v:7)
[EFX-0200 WARNING] Removing redundant signal : d_in[21]. (/Work/Proyects/ecb_T8_T113/femtoRV/basic/rtl/cores/uart/perip_uart.v:7)
[EFX-0200 WARNING] Removing redundant signal : d_in[20]. (/Work/Proyects/ecb_T8_T113/femtoRV/basic/rtl/cores/uart/perip_uart.v:7)
[EFX-0200 WARNING] Removing redundant signal : d_in[19]. (/Work/Proyects/ecb_T8_T113/femtoRV/basic/rtl/cores/uart/perip_uart.v:7)
[EFX-0200 WARNING] Removing redundant signal : d_in[18]. (/Work/Proyects/ecb_T8_T113/femtoRV/basic/rtl/cores/uart/perip_uart.v:7)
[EFX-0200 WARNING] Removing redundant signal : d_in[17]. (/Work/Proyects/ecb_T8_T113/femtoRV/basic/rtl/cores/uart/perip_uart.v:7)
[EFX-0200 WARNING] Removing redundant signal : d_in[16]. (/Work/Proyects/ecb_T8_T113/femtoRV/basic/rtl/cores/uart/perip_uart.v:7)
[EFX-0200 WARNING] Removing redundant signal : d_in[15]. (/Work/Proyects/ecb_T8_T113/femtoRV/basic/rtl/cores/uart/perip_uart.v:7)
[EFX-0200 WARNING] Removing redundant signal : d_in[14]. (/Work/Proyects/ecb_T8_T113/femtoRV/basic/rtl/cores/uart/perip_uart.v:7)
[EFX-0266 WARNING] Module Instance 'CPU' input pin tied to constant (mem_rbusy=0).
[EFX-0266 WARNING] Module Instance 'CPU' input pin tied to constant (mem_wbusy=0).
[EFX-0201 WARNING] Re-wiring to GND non-driven net 'gpio_dout[31]'. (/Work/Proyects/ecb_T8_T113/femtoRV/basic/rtl/SOC.v:38)
[EFX-0201 WARNING] Re-wiring to GND non-driven net 'gpio_dout[30]'. (/Work/Proyects/ecb_T8_T113/femtoRV/basic/rtl/SOC.v:38)
[EFX-0201 WARNING] Re-wiring to GND non-driven net 'gpio_dout[29]'. (/Work/Proyects/ecb_T8_T113/femtoRV/basic/rtl/SOC.v:38)
[EFX-0201 WARNING] Re-wiring to GND non-driven net 'gpio_dout[28]'. (/Work/Proyects/ecb_T8_T113/femtoRV/basic/rtl/SOC.v:38)
[EFX-0201 WARNING] Re-wiring to GND non-driven net 'gpio_dout[27]'. (/Work/Proyects/ecb_T8_T113/femtoRV/basic/rtl/SOC.v:38)
[EFX-0201 WARNING] Re-wiring to GND non-driven net 'gpio_dout[26]'. (/Work/Proyects/ecb_T8_T113/femtoRV/basic/rtl/SOC.v:38)
[EFX-0201 WARNING] Re-wiring to GND non-driven net 'gpio_dout[25]'. (/Work/Proyects/ecb_T8_T113/femtoRV/basic/rtl/SOC.v:38)
[EFX-0201 WARNING] Re-wiring to GND non-driven net 'gpio_dout[24]'. (/Work/Proyects/ecb_T8_T113/femtoRV/basic/rtl/SOC.v:38)
[EFX-0201 WARNING] Re-wiring to GND non-driven net 'gpio_dout[23]'. (/Work/Proyects/ecb_T8_T113/femtoRV/basic/rtl/SOC.v:38)
[EFX-0201 WARNING] Re-wiring to GND non-driven net 'gpio_dout[22]'. (/Work/Proyects/ecb_T8_T113/femtoRV/basic/rtl/SOC.v:38)

///////////////////////////////////
// Efinity Synthesis Started 
// Sep 23, 2024 12:37:33
///////////////////////////////////

[EFX-0011 VERI-WARNING] parameter 'divisor' becomes localparam in 'uart' with formal parameter declaration list (VERI-1199) (/Work/Proyects/ecb_T8_T113/femtoRV/basic/rtl/cores/uart/uart.v:24)
[EFX-0011 VERI-WARNING] expression size 32 truncated to fit in target size 5 (VERI-1209) (/Work/Proyects/ecb_T8_T113/femtoRV/basic/rtl/cores/cpu/femtorv32_quark.v:174)
[EFX-0011 VERI-WARNING] expression size 25 truncated to fit in target size 24 (VERI-1209) (/Work/Proyects/ecb_T8_T113/femtoRV/basic/rtl/cores/cpu/femtorv32_quark.v:200)
[EFX-0011 VERI-WARNING] synthesis - simulation differences may occur when using parallel_case directive (VERI-1174) (/Work/Proyects/ecb_T8_T113/femtoRV/basic/rtl/cores/cpu/femtorv32_quark.v:342)
[EFX-0011 VERI-WARNING] expression size 32 truncated to fit in target size 16 (VERI-1209) (/Work/Proyects/ecb_T8_T113/femtoRV/basic/rtl/cores/uart/uart.v:39)
[EFX-0011 VERI-WARNING] expression size 5 truncated to fit in target size 4 (VERI-1209) (/Work/Proyects/ecb_T8_T113/femtoRV/basic/rtl/cores/uart/uart.v:88)
[EFX-0011 VERI-WARNING] expression size 5 truncated to fit in target size 4 (VERI-1209) (/Work/Proyects/ecb_T8_T113/femtoRV/basic/rtl/cores/uart/uart.v:91)
[EFX-0011 VERI-WARNING] expression size 5 truncated to fit in target size 4 (VERI-1209) (/Work/Proyects/ecb_T8_T113/femtoRV/basic/rtl/cores/uart/uart.v:137)
[EFX-0011 VERI-WARNING] expression size 5 truncated to fit in target size 4 (VERI-1209) (/Work/Proyects/ecb_T8_T113/femtoRV/basic/rtl/cores/uart/uart.v:140)
[EFX-0011 VERI-WARNING] expression size 6 truncated to fit in target size 5 (VERI-1209) (/Work/Proyects/ecb_T8_T113/femtoRV/basic/rtl/cores/mult/mult.v:83)
[EFX-0011 VERI-WARNING] net 'gpio_dout[31]' does not have a driver (VDB-1002) (/Work/Proyects/ecb_T8_T113/femtoRV/basic/rtl/SOC.v:38)
[EFX-0011 VERI-WARNING] net 'div_dout[31]' does not have a driver (VDB-1002) (/Work/Proyects/ecb_T8_T113/femtoRV/basic/rtl/SOC.v:40)
[EFX-0011 VERI-WARNING] net 'bin2bcd_dout[31]' does not have a driver (VDB-1002) (/Work/Proyects/ecb_T8_T113/femtoRV/basic/rtl/SOC.v:41)
[EFX-0011 VERI-WARNING] net 'dpram_dout[31]' does not have a driver (VDB-1002) (/Work/Proyects/ecb_T8_T113/femtoRV/basic/rtl/SOC.v:42)
[EFX-0200 WARNING] Removing redundant signal : mem_addr[1]. (/Work/Proyects/ecb_T8_T113/femtoRV/basic/rtl/cores/bram/bram.v:5)
[EFX-0200 WARNING] Removing redundant signal : mem_addr[0]. (/Work/Proyects/ecb_T8_T113/femtoRV/basic/rtl/cores/bram/bram.v:5)
[EFX-0200 WARNING] Removing redundant signal : d_in[31]. (/Work/Proyects/ecb_T8_T113/femtoRV/basic/rtl/cores/uart/perip_uart.v:7)
[EFX-0200 WARNING] Removing redundant signal : d_in[30]. (/Work/Proyects/ecb_T8_T113/femtoRV/basic/rtl/cores/uart/perip_uart.v:7)
[EFX-0200 WARNING] Removing redundant signal : d_in[29]. (/Work/Proyects/ecb_T8_T113/femtoRV/basic/rtl/cores/uart/perip_uart.v:7)
[EFX-0200 WARNING] Removing redundant signal : d_in[28]. (/Work/Proyects/ecb_T8_T113/femtoRV/basic/rtl/cores/uart/perip_uart.v:7)
[EFX-0200 WARNING] Removing redundant signal : d_in[27]. (/Work/Proyects/ecb_T8_T113/femtoRV/basic/rtl/cores/uart/perip_uart.v:7)
[EFX-0200 WARNING] Removing redundant signal : d_in[26]. (/Work/Proyects/ecb_T8_T113/femtoRV/basic/rtl/cores/uart/perip_uart.v:7)
[EFX-0200 WARNING] Removing redundant signal : d_in[25]. (/Work/Proyects/ecb_T8_T113/femtoRV/basic/rtl/cores/uart/perip_uart.v:7)
[EFX-0200 WARNING] Removing redundant signal : d_in[24]. (/Work/Proyects/ecb_T8_T113/femtoRV/basic/rtl/cores/uart/perip_uart.v:7)
[EFX-0200 WARNING] Removing redundant signal : d_in[23]. (/Work/Proyects/ecb_T8_T113/femtoRV/basic/rtl/cores/uart/perip_uart.v:7)
[EFX-0200 WARNING] Removing redundant signal : d_in[22]. (/Work/Proyects/ecb_T8_T113/femtoRV/basic/rtl/cores/uart/perip_uart.v:7)
[EFX-0200 WARNING] Removing redundant signal : d_in[21]. (/Work/Proyects/ecb_T8_T113/femtoRV/basic/rtl/cores/uart/perip_uart.v:7)
[EFX-0200 WARNING] Removing redundant signal : d_in[20]. (/Work/Proyects/ecb_T8_T113/femtoRV/basic/rtl/cores/uart/perip_uart.v:7)
[EFX-0200 WARNING] Removing redundant signal : d_in[19]. (/Work/Proyects/ecb_T8_T113/femtoRV/basic/rtl/cores/uart/perip_uart.v:7)
[EFX-0200 WARNING] Removing redundant signal : d_in[18]. (/Work/Proyects/ecb_T8_T113/femtoRV/basic/rtl/cores/uart/perip_uart.v:7)
[EFX-0200 WARNING] Removing redundant signal : d_in[17]. (/Work/Proyects/ecb_T8_T113/femtoRV/basic/rtl/cores/uart/perip_uart.v:7)
[EFX-0200 WARNING] Removing redundant signal : d_in[16]. (/Work/Proyects/ecb_T8_T113/femtoRV/basic/rtl/cores/uart/perip_uart.v:7)
[EFX-0200 WARNING] Removing redundant signal : d_in[15]. (/Work/Proyects/ecb_T8_T113/femtoRV/basic/rtl/cores/uart/perip_uart.v:7)
[EFX-0200 WARNING] Removing redundant signal : d_in[14]. (/Work/Proyects/ecb_T8_T113/femtoRV/basic/rtl/cores/uart/perip_uart.v:7)
[EFX-0266 WARNING] Module Instance 'CPU' input pin tied to constant (mem_rbusy=0).
[EFX-0266 WARNING] Module Instance 'CPU' input pin tied to constant (mem_wbusy=0).
[EFX-0201 WARNING] Re-wiring to GND non-driven net 'gpio_dout[31]'. (/Work/Proyects/ecb_T8_T113/femtoRV/basic/rtl/SOC.v:38)
[EFX-0201 WARNING] Re-wiring to GND non-driven net 'gpio_dout[30]'. (/Work/Proyects/ecb_T8_T113/femtoRV/basic/rtl/SOC.v:38)
[EFX-0201 WARNING] Re-wiring to GND non-driven net 'gpio_dout[29]'. (/Work/Proyects/ecb_T8_T113/femtoRV/basic/rtl/SOC.v:38)
[EFX-0201 WARNING] Re-wiring to GND non-driven net 'gpio_dout[28]'. (/Work/Proyects/ecb_T8_T113/femtoRV/basic/rtl/SOC.v:38)
[EFX-0201 WARNING] Re-wiring to GND non-driven net 'gpio_dout[27]'. (/Work/Proyects/ecb_T8_T113/femtoRV/basic/rtl/SOC.v:38)
[EFX-0201 WARNING] Re-wiring to GND non-driven net 'gpio_dout[26]'. (/Work/Proyects/ecb_T8_T113/femtoRV/basic/rtl/SOC.v:38)
[EFX-0201 WARNING] Re-wiring to GND non-driven net 'gpio_dout[25]'. (/Work/Proyects/ecb_T8_T113/femtoRV/basic/rtl/SOC.v:38)
[EFX-0201 WARNING] Re-wiring to GND non-driven net 'gpio_dout[24]'. (/Work/Proyects/ecb_T8_T113/femtoRV/basic/rtl/SOC.v:38)
[EFX-0201 WARNING] Re-wiring to GND non-driven net 'gpio_dout[23]'. (/Work/Proyects/ecb_T8_T113/femtoRV/basic/rtl/SOC.v:38)
[EFX-0201 WARNING] Re-wiring to GND non-driven net 'gpio_dout[22]'. (/Work/Proyects/ecb_T8_T113/femtoRV/basic/rtl/SOC.v:38)
