#! /usr/bin/vvp
:ivl_version "12.0 (stable)" "(v12_0-dirty)";
:ivl_delay_selection "TYPICAL";
:vpi_time_precision - 12;
:vpi_module "/usr/lib/ivl/system.vpi";
:vpi_module "/usr/lib/ivl/vhdl_sys.vpi";
:vpi_module "/usr/lib/ivl/vhdl_textio.vpi";
:vpi_module "/usr/lib/ivl/v2005_math.vpi";
:vpi_module "/usr/lib/ivl/va_math.vpi";
S_0x562db3fbd120 .scope module, "bin2bcd_tb" "bin2bcd_tb" 2 4;
 .timescale -9 -12;
P_0x562db3f7ac70 .param/l "CLK_PERIOD" 0 2 8, +C4<00000001011111010111100001000000>;
P_0x562db3f7acb0 .param/l "DECIMAL_DIGITS" 0 2 7, +C4<00000000000000000000000000000101>;
P_0x562db3f7acf0 .param/l "INPUT_WIDTH" 0 2 6, +C4<00000000000000000000000000010000>;
v0x562db3fdf250_0 .var/i "i", 31 0;
v0x562db3fdf350_0 .var "i_Binary", 15 0;
v0x562db3fdf440_0 .var "i_Clock", 0 0;
v0x562db3fdf540_0 .var "i_Start", 0 0;
v0x562db3fdf610_0 .net "o_BCD", 19 0, L_0x562db3fefc40;  1 drivers
v0x562db3fdf6b0_0 .net "o_DV", 0 0, L_0x562db3fefd50;  1 drivers
v0x562db3fdf780 .array "test_values", 9 0, 15 0;
E_0x562db3fb4e20 .event anyedge, v0x562db3fdeaf0_0;
S_0x562db3fbd350 .scope module, "uut" "bin2bcd" 2 23, 3 1 0, S_0x562db3fbd120;
 .timescale -9 -12;
    .port_info 0 /INPUT 1 "i_Clock";
    .port_info 1 /INPUT 16 "i_Binary";
    .port_info 2 /INPUT 1 "i_Start";
    .port_info 3 /OUTPUT 20 "o_BCD";
    .port_info 4 /OUTPUT 1 "o_DV";
P_0x562db3f79190 .param/l "DECIMAL_DIGITS" 0 3 3, +C4<00000000000000000000000000000101>;
P_0x562db3f791d0 .param/l "INPUT_WIDTH" 0 3 2, +C4<00000000000000000000000000010000>;
P_0x562db3f79210 .param/l "s_ADD" 1 3 16, C4<011>;
P_0x562db3f79250 .param/l "s_BCD_DONE" 1 3 18, C4<101>;
P_0x562db3f79290 .param/l "s_CHECK_DIGIT_INDEX" 1 3 17, C4<100>;
P_0x562db3f792d0 .param/l "s_CHECK_SHIFT_INDEX" 1 3 15, C4<010>;
P_0x562db3f79310 .param/l "s_IDLE" 1 3 13, C4<000>;
P_0x562db3f79350 .param/l "s_SHIFT" 1 3 14, C4<001>;
L_0x562db3fefc40 .functor BUFZ 20, v0x562db3fdebb0_0, C4<00000000000000000000>, C4<00000000000000000000>, C4<00000000000000000000>;
L_0x562db3fefd50 .functor BUFZ 1, v0x562db3fded70_0, C4<0>, C4<0>, C4<0>;
v0x562db3fbda50_0 .net *"_ivl_0", 31 0, L_0x562db3fdf820;  1 drivers
L_0x797a07ccf018 .functor BUFT 1, C4<000000000000000000000000000>, C4<0>, C4<0>, C4<0>;
v0x562db3fde3d0_0 .net *"_ivl_3", 26 0, L_0x797a07ccf018;  1 drivers
L_0x797a07ccf060 .functor BUFT 1, C4<00000000000000000000000000000100>, C4<0>, C4<0>, C4<0>;
v0x562db3fde4b0_0 .net/2u *"_ivl_4", 31 0, L_0x797a07ccf060;  1 drivers
v0x562db3fde5a0_0 .net *"_ivl_7", 31 0, L_0x562db3fef9e0;  1 drivers
v0x562db3fde680_0 .var "count", 4 0;
v0x562db3fde7b0_0 .net "i_Binary", 15 0, v0x562db3fdf350_0;  1 drivers
v0x562db3fde890_0 .net "i_Clock", 0 0, v0x562db3fdf440_0;  1 drivers
v0x562db3fde950_0 .net "i_Start", 0 0, v0x562db3fdf540_0;  1 drivers
v0x562db3fdea10_0 .net "o_BCD", 19 0, L_0x562db3fefc40;  alias, 1 drivers
v0x562db3fdeaf0_0 .net "o_DV", 0 0, L_0x562db3fefd50;  alias, 1 drivers
v0x562db3fdebb0_0 .var "r_BCD", 19 0;
v0x562db3fdec90_0 .var "r_Binary", 15 0;
v0x562db3fded70_0 .var "r_DV", 0 0;
v0x562db3fdee30_0 .var "r_Digit_Index", 4 0;
v0x562db3fdef10_0 .var "r_Loop_Count", 7 0;
v0x562db3fdeff0_0 .var "r_SM_Main", 2 0;
v0x562db3fdf0d0_0 .net "w_BCD_Digit", 3 0, L_0x562db3fefb50;  1 drivers
E_0x562db3fb36a0 .event posedge, v0x562db3fde890_0;
L_0x562db3fdf820 .concat [ 5 27 0 0], v0x562db3fdee30_0, L_0x797a07ccf018;
L_0x562db3fef9e0 .arith/mult 32, L_0x562db3fdf820, L_0x797a07ccf060;
L_0x562db3fefb50 .part/v v0x562db3fdebb0_0, L_0x562db3fef9e0, 4;
    .scope S_0x562db3fbd350;
T_0 ;
    %pushi/vec4 0, 0, 3;
    %store/vec4 v0x562db3fdeff0_0, 0, 3;
    %pushi/vec4 0, 0, 20;
    %store/vec4 v0x562db3fdebb0_0, 0, 20;
    %pushi/vec4 0, 0, 16;
    %store/vec4 v0x562db3fdec90_0, 0, 16;
    %pushi/vec4 0, 0, 5;
    %store/vec4 v0x562db3fdee30_0, 0, 5;
    %pushi/vec4 0, 0, 8;
    %store/vec4 v0x562db3fdef10_0, 0, 8;
    %pushi/vec4 0, 0, 1;
    %store/vec4 v0x562db3fded70_0, 0, 1;
    %end;
    .thread T_0;
    .scope S_0x562db3fbd350;
T_1 ;
    %wait E_0x562db3fb36a0;
    %load/vec4 v0x562db3fdeff0_0;
    %dup/vec4;
    %pushi/vec4 0, 0, 3;
    %cmp/u;
    %jmp/1 T_1.0, 6;
    %dup/vec4;
    %pushi/vec4 1, 0, 3;
    %cmp/u;
    %jmp/1 T_1.1, 6;
    %dup/vec4;
    %pushi/vec4 2, 0, 3;
    %cmp/u;
    %jmp/1 T_1.2, 6;
    %dup/vec4;
    %pushi/vec4 3, 0, 3;
    %cmp/u;
    %jmp/1 T_1.3, 6;
    %dup/vec4;
    %pushi/vec4 4, 0, 3;
    %cmp/u;
    %jmp/1 T_1.4, 6;
    %dup/vec4;
    %pushi/vec4 5, 0, 3;
    %cmp/u;
    %jmp/1 T_1.5, 6;
    %pushi/vec4 0, 0, 3;
    %assign/vec4 v0x562db3fdeff0_0, 0;
    %jmp T_1.7;
T_1.0 ;
    %pushi/vec4 0, 0, 1;
    %assign/vec4 v0x562db3fded70_0, 0;
    %load/vec4 v0x562db3fde950_0;
    %cmpi/e 1, 0, 1;
    %jmp/0xz  T_1.8, 4;
    %load/vec4 v0x562db3fde7b0_0;
    %assign/vec4 v0x562db3fdec90_0, 0;
    %pushi/vec4 1, 0, 3;
    %assign/vec4 v0x562db3fdeff0_0, 0;
    %pushi/vec4 0, 0, 20;
    %assign/vec4 v0x562db3fdebb0_0, 0;
    %pushi/vec4 0, 0, 5;
    %assign/vec4 v0x562db3fde680_0, 0;
    %jmp T_1.9;
T_1.8 ;
    %pushi/vec4 0, 0, 3;
    %assign/vec4 v0x562db3fdeff0_0, 0;
T_1.9 ;
    %jmp T_1.7;
T_1.1 ;
    %load/vec4 v0x562db3fdebb0_0;
    %ix/load 4, 1, 0;
    %flag_set/imm 4, 0;
    %shiftl 4;
    %assign/vec4 v0x562db3fdebb0_0, 0;
    %load/vec4 v0x562db3fdec90_0;
    %parti/s 1, 15, 5;
    %ix/load 4, 0, 0;
    %ix/load 5, 0, 0;
    %flag_set/imm 4, 0;
    %assign/vec4/off/d v0x562db3fdebb0_0, 4, 5;
    %load/vec4 v0x562db3fdec90_0;
    %ix/load 4, 1, 0;
    %flag_set/imm 4, 0;
    %shiftl 4;
    %assign/vec4 v0x562db3fdec90_0, 0;
    %pushi/vec4 2, 0, 3;
    %assign/vec4 v0x562db3fdeff0_0, 0;
    %jmp T_1.7;
T_1.2 ;
    %load/vec4 v0x562db3fdef10_0;
    %pad/u 32;
    %cmpi/e 15, 0, 32;
    %jmp/0xz  T_1.10, 4;
    %pushi/vec4 0, 0, 8;
    %assign/vec4 v0x562db3fdef10_0, 0;
    %pushi/vec4 5, 0, 3;
    %assign/vec4 v0x562db3fdeff0_0, 0;
    %jmp T_1.11;
T_1.10 ;
    %load/vec4 v0x562db3fdef10_0;
    %addi 1, 0, 8;
    %assign/vec4 v0x562db3fdef10_0, 0;
    %pushi/vec4 3, 0, 3;
    %assign/vec4 v0x562db3fdeff0_0, 0;
T_1.11 ;
    %jmp T_1.7;
T_1.3 ;
    %load/vec4 v0x562db3fdf0d0_0;
    %pad/u 32;
    %cmpi/u 4, 0, 32;
    %flag_or 5, 4; GT is !LE
    %flag_inv 5;
    %jmp/0xz  T_1.12, 5;
    %load/vec4 v0x562db3fdf0d0_0;
    %addi 3, 0, 4;
    %ix/load 5, 0, 0;
    %load/vec4 v0x562db3fdee30_0;
    %pad/u 32;
    %muli 4, 0, 32;
    %ix/vec4 4;
    %assign/vec4/off/d v0x562db3fdebb0_0, 4, 5;
T_1.12 ;
    %pushi/vec4 4, 0, 3;
    %assign/vec4 v0x562db3fdeff0_0, 0;
    %jmp T_1.7;
T_1.4 ;
    %load/vec4 v0x562db3fdee30_0;
    %pad/u 32;
    %cmpi/e 4, 0, 32;
    %jmp/0xz  T_1.14, 4;
    %pushi/vec4 0, 0, 5;
    %assign/vec4 v0x562db3fdee30_0, 0;
    %pushi/vec4 1, 0, 3;
    %assign/vec4 v0x562db3fdeff0_0, 0;
    %jmp T_1.15;
T_1.14 ;
    %load/vec4 v0x562db3fdee30_0;
    %addi 1, 0, 5;
    %assign/vec4 v0x562db3fdee30_0, 0;
    %pushi/vec4 3, 0, 3;
    %assign/vec4 v0x562db3fdeff0_0, 0;
T_1.15 ;
    %jmp T_1.7;
T_1.5 ;
    %pushi/vec4 1, 0, 1;
    %assign/vec4 v0x562db3fded70_0, 0;
    %load/vec4 v0x562db3fde680_0;
    %addi 1, 0, 5;
    %store/vec4 v0x562db3fde680_0, 0, 5;
    %load/vec4 v0x562db3fde680_0;
    %pad/u 32;
    %cmpi/u 29, 0, 32;
    %flag_or 5, 4; GT is !LE
    %flag_inv 5;
    %flag_mov 8, 5;
    %jmp/0 T_1.16, 8;
    %pushi/vec4 0, 0, 3;
    %jmp/1 T_1.17, 8;
T_1.16 ; End of true expr.
    %pushi/vec4 5, 0, 3;
    %jmp/0 T_1.17, 8;
 ; End of false expr.
    %blend;
T_1.17;
    %store/vec4 v0x562db3fdeff0_0, 0, 3;
    %jmp T_1.7;
T_1.7 ;
    %pop/vec4 1;
    %jmp T_1;
    .thread T_1;
    .scope S_0x562db3fbd120;
T_2 ;
    %delay 3910065408, 2;
    %load/vec4 v0x562db3fdf440_0;
    %inv;
    %store/vec4 v0x562db3fdf440_0, 0, 1;
    %jmp T_2;
    .thread T_2;
    .scope S_0x562db3fbd120;
T_3 ;
    %pushi/vec4 0, 0, 16;
    %ix/load 4, 0, 0;
    %flag_set/imm 4, 0;
    %store/vec4a v0x562db3fdf780, 4, 0;
    %pushi/vec4 123, 0, 16;
    %ix/load 4, 1, 0;
    %flag_set/imm 4, 0;
    %store/vec4a v0x562db3fdf780, 4, 0;
    %pushi/vec4 999, 0, 16;
    %ix/load 4, 2, 0;
    %flag_set/imm 4, 0;
    %store/vec4a v0x562db3fdf780, 4, 0;
    %pushi/vec4 4096, 0, 16;
    %ix/load 4, 3, 0;
    %flag_set/imm 4, 0;
    %store/vec4a v0x562db3fdf780, 4, 0;
    %pushi/vec4 32767, 0, 16;
    %ix/load 4, 4, 0;
    %flag_set/imm 4, 0;
    %store/vec4a v0x562db3fdf780, 4, 0;
    %pushi/vec4 65535, 0, 16;
    %ix/load 4, 5, 0;
    %flag_set/imm 4, 0;
    %store/vec4a v0x562db3fdf780, 4, 0;
    %pushi/vec4 10000, 0, 16;
    %ix/load 4, 6, 0;
    %flag_set/imm 4, 0;
    %store/vec4a v0x562db3fdf780, 4, 0;
    %pushi/vec4 5432, 0, 16;
    %ix/load 4, 7, 0;
    %flag_set/imm 4, 0;
    %store/vec4a v0x562db3fdf780, 4, 0;
    %pushi/vec4 888, 0, 16;
    %ix/load 4, 8, 0;
    %flag_set/imm 4, 0;
    %store/vec4a v0x562db3fdf780, 4, 0;
    %pushi/vec4 42, 0, 16;
    %ix/load 4, 9, 0;
    %flag_set/imm 4, 0;
    %store/vec4a v0x562db3fdf780, 4, 0;
    %pushi/vec4 0, 0, 1;
    %store/vec4 v0x562db3fdf440_0, 0, 1;
    %pushi/vec4 0, 0, 16;
    %store/vec4 v0x562db3fdf350_0, 0, 16;
    %pushi/vec4 0, 0, 1;
    %store/vec4 v0x562db3fdf540_0, 0, 1;
    %delay 100000, 0;
    %pushi/vec4 0, 0, 32;
    %store/vec4 v0x562db3fdf250_0, 0, 32;
T_3.0 ;
    %load/vec4 v0x562db3fdf250_0;
    %cmpi/s 10, 0, 32;
    %jmp/0xz T_3.1, 5;
    %ix/getv/s 4, v0x562db3fdf250_0;
    %load/vec4a v0x562db3fdf780, 4;
    %store/vec4 v0x562db3fdf350_0, 0, 16;
    %delay 1783793664, 116;
    %pushi/vec4 1, 0, 1;
    %store/vec4 v0x562db3fdf540_0, 0, 1;
    %delay 3525163520, 5;
    %pushi/vec4 0, 0, 1;
    %store/vec4 v0x562db3fdf540_0, 0, 1;
T_3.2 ;
    %load/vec4 v0x562db3fdf6b0_0;
    %pad/u 32;
    %pushi/vec4 1, 0, 32;
    %cmp/e;
    %flag_get/vec4 4;
    %cmpi/ne 1, 0, 1;
    %jmp/0xz T_3.3, 6;
    %wait E_0x562db3fb4e20;
    %jmp T_3.2;
T_3.3 ;
    %delay 445948416, 29;
    %vpi_call 2 73 "$display", "Binary: %d -> BCD: %x", v0x562db3fdf350_0, v0x562db3fdf610_0 {0 0 0};
    %delay 891896832, 58;
    %load/vec4 v0x562db3fdf250_0;
    %addi 1, 0, 32;
    %store/vec4 v0x562db3fdf250_0, 0, 32;
    %jmp T_3.0;
T_3.1 ;
    %delay 100000, 0;
    %vpi_call 2 81 "$display", "Simulaci\303\263n completada" {0 0 0};
    %vpi_call 2 82 "$finish" {0 0 0};
    %end;
    .thread T_3;
    .scope S_0x562db3fbd120;
T_4 ;
    %vpi_call 2 87 "$dumpfile", "bin2bcd_tb.vcd" {0 0 0};
    %vpi_call 2 88 "$dumpvars", 32'sb00000000000000000000000000000000, S_0x562db3fbd120 {0 0 0};
    %end;
    .thread T_4;
# The file index is used to find the file name in the following table.
:file_names 4;
    "N/A";
    "<interactive>";
    "basic/rtl/cores/bin2bcd/bin2bcd_TB.v";
    "/home/kevargaso/Documents/Digital II/version 1.0.2/basic/rtl/cores/bin2bcd/bin2bcd.v";
