#! /usr/bin/vvp
:ivl_version "12.0 (stable)" "(v12_0-dirty)";
:ivl_delay_selection "TYPICAL";
:vpi_time_precision + 0;
:vpi_module "/usr/lib/ivl/system.vpi";
:vpi_module "/usr/lib/ivl/vhdl_sys.vpi";
:vpi_module "/usr/lib/ivl/vhdl_textio.vpi";
:vpi_module "/usr/lib/ivl/v2005_math.vpi";
:vpi_module "/usr/lib/ivl/va_math.vpi";
S_0x5d027e527830 .scope module, "bench" "bench" 2 1;
 .timescale 0 0;
P_0x5d027e57aeb0 .param/l "c_BIT_PERIOD" 0 2 6, +C4<00000000000000000010000111101000>;
P_0x5d027e57aef0 .param/l "tck" 0 2 5, +C4<00000000000000000000000000101000>;
v0x5d027e5a7510_0 .var "CLK", 0 0;
v0x5d027e5a75d0_0 .net "LEDS", 0 0, v0x5d027e5a5610_0;  1 drivers
v0x5d027e5a76e0_0 .var "RESET", 0 0;
v0x5d027e5a77d0_0 .var "RXD", 0 0;
v0x5d027e5a7870_0 .net "TXD", 0 0, v0x5d027e5a4ec0_0;  1 drivers
v0x5d027e5a7960_0 .var/i "idx", 31 0;
v0x5d027e5a7a00_0 .var "prev_LEDS", 4 0;
S_0x5d027e563110 .scope task, "UART_WRITE_BYTE" "UART_WRITE_BYTE" 2 18, 2 18 0, S_0x5d027e527830;
 .timescale 0 0;
v0x5d027e569f70_0 .var "i_Data", 7 0;
v0x5d027e5765d0_0 .var/i "ii", 31 0;
TD_bench.UART_WRITE_BYTE ;
    %pushi/vec4 0, 0, 1;
    %assign/vec4 v0x5d027e5a77d0_0, 0;
    %delay 8680, 0;
    %delay 1000, 0;
    %pushi/vec4 0, 0, 32;
    %store/vec4 v0x5d027e5765d0_0, 0, 32;
T_0.0 ;
    %load/vec4 v0x5d027e5765d0_0;
    %cmpi/s 8, 0, 32;
    %jmp/0xz T_0.1, 5;
    %load/vec4 v0x5d027e569f70_0;
    %load/vec4 v0x5d027e5765d0_0;
    %part/s 1;
    %assign/vec4 v0x5d027e5a77d0_0, 0;
    %delay 8680, 0;
    %load/vec4 v0x5d027e5765d0_0;
    %addi 1, 0, 32;
    %store/vec4 v0x5d027e5765d0_0, 0, 32;
    %jmp T_0.0;
T_0.1 ;
    %pushi/vec4 1, 0, 1;
    %assign/vec4 v0x5d027e5a77d0_0, 0;
    %delay 8680, 0;
    %end;
S_0x5d027e58ef10 .scope module, "uut" "SOC" 2 43, 3 1 0, S_0x5d027e527830;
 .timescale 0 0;
    .port_info 0 /INPUT 1 "clk";
    .port_info 1 /INPUT 1 "resetn";
    .port_info 2 /OUTPUT 1 "LEDS";
    .port_info 3 /INPUT 1 "RXD";
    .port_info 4 /OUTPUT 1 "TXD";
L_0x5d027e5cfc60 .functor BUFZ 1, L_0x5d027e5ce980, C4<0>, C4<0>, C4<0>;
L_0x5d027e5cfea0 .functor AND 1, L_0x5d027e5cfe00, L_0x5d027e5cfc60, C4<1>, C4<1>;
L_0x5d027e5d0170 .functor AND 4, L_0x5d027e5d0040, L_0x5d027e5ce5c0, C4<1111>, C4<1111>;
v0x5d027e5a6120_0 .net "LEDS", 0 0, v0x5d027e5a5610_0;  alias, 1 drivers
v0x5d027e5a6210_0 .net "RAM_rdata", 31 0, v0x5d027e5a0bf0_0;  1 drivers
v0x5d027e5a62e0_0 .net "RXD", 0 0, v0x5d027e5a77d0_0;  1 drivers
v0x5d027e5a63b0_0 .net "TXD", 0 0, v0x5d027e5a4ec0_0;  alias, 1 drivers
v0x5d027e5a64a0_0 .net *"_ivl_13", 0 0, L_0x5d027e5cffa0;  1 drivers
v0x5d027e5a6590_0 .net *"_ivl_14", 3 0, L_0x5d027e5d0040;  1 drivers
v0x5d027e5a6670_0 .net *"_ivl_9", 0 0, L_0x5d027e5cfe00;  1 drivers
o0x77ad658eb9c8 .functor BUFZ 32, C4<zzzzzzzzzzzzzzzzzzzzzzzzzzzzzzzz>; HiZ drive
v0x5d027e5a6750_0 .net "bin2bcd_dout", 31 0, o0x77ad658eb9c8;  0 drivers
v0x5d027e5a6830_0 .net "clk", 0 0, v0x5d027e5a7510_0;  1 drivers
v0x5d027e5a68d0_0 .var "cs", 6 0;
o0x77ad658eba28 .functor BUFZ 32, C4<zzzzzzzzzzzzzzzzzzzzzzzzzzzzzzzz>; HiZ drive
v0x5d027e5a69b0_0 .net "div_dout", 31 0, o0x77ad658eba28;  0 drivers
o0x77ad658eba58 .functor BUFZ 32, C4<zzzzzzzzzzzzzzzzzzzzzzzzzzzzzzzz>; HiZ drive
v0x5d027e5a6a90_0 .net "dpram_dout", 31 0, o0x77ad658eba58;  0 drivers
o0x77ad658eba88 .functor BUFZ 32, C4<zzzzzzzzzzzzzzzzzzzzzzzzzzzzzzzz>; HiZ drive
v0x5d027e5a6b70_0 .net "gpio_dout", 31 0, o0x77ad658eba88;  0 drivers
v0x5d027e5a6c50_0 .net "mem_addr", 31 0, L_0x5d027e5c6e70;  1 drivers
v0x5d027e5a6d10_0 .var "mem_rdata", 31 0;
v0x5d027e5a6dd0_0 .net "mem_rstrb", 0 0, L_0x5d027e5ce980;  1 drivers
v0x5d027e5a6e70_0 .net "mem_wdata", 31 0, L_0x5d027e5ccb90;  1 drivers
v0x5d027e5a7020_0 .net "mem_wmask", 3 0, L_0x5d027e5ce5c0;  1 drivers
v0x5d027e5a70c0_0 .net "mult_dout", 31 0, v0x5d027e5a2c10_0;  1 drivers
v0x5d027e5a7160_0 .net "rd", 0 0, L_0x5d027e5cfc60;  1 drivers
v0x5d027e5a7250_0 .net "resetn", 0 0, v0x5d027e5a76e0_0;  1 drivers
v0x5d027e5a72f0_0 .net "uart_dout", 31 0, v0x5d027e5a5550_0;  1 drivers
v0x5d027e5a73c0_0 .net "wr", 0 0, L_0x5d027e5cfbc0;  1 drivers
E_0x5d027e4d6ba0/0 .event anyedge, v0x5d027e5a68d0_0, v0x5d027e5a6a90_0, v0x5d027e5a5550_0, v0x5d027e5a6b70_0;
E_0x5d027e4d6ba0/1 .event anyedge, v0x5d027e5a2c10_0, v0x5d027e5a69b0_0, v0x5d027e5a6750_0, v0x5d027e5a0bf0_0;
E_0x5d027e4d6ba0 .event/or E_0x5d027e4d6ba0/0, E_0x5d027e4d6ba0/1;
E_0x5d027e4ce660 .event anyedge, v0x5d027e597740_0;
L_0x5d027e5cfbc0 .reduce/or L_0x5d027e5ce5c0;
L_0x5d027e5cfe00 .part v0x5d027e5a68d0_0, 0, 1;
L_0x5d027e5cffa0 .part v0x5d027e5a68d0_0, 0, 1;
L_0x5d027e5d0040 .concat [ 1 1 1 1], L_0x5d027e5cffa0, L_0x5d027e5cffa0, L_0x5d027e5cffa0, L_0x5d027e5cffa0;
L_0x5d027e5d05e0 .reduce/nor v0x5d027e5a76e0_0;
L_0x5d027e5d06d0 .part v0x5d027e5a68d0_0, 5, 1;
L_0x5d027e5d0770 .part L_0x5d027e5c6e70, 0, 5;
L_0x5d027e5d0810 .reduce/nor v0x5d027e5a76e0_0;
L_0x5d027e5d09e0 .part L_0x5d027e5ccb90, 0, 16;
L_0x5d027e5d0a80 .part v0x5d027e5a68d0_0, 3, 1;
L_0x5d027e5d0c10 .part L_0x5d027e5c6e70, 0, 5;
S_0x5d027e58f200 .scope module, "CPU" "FemtoRV32" 3 14, 4 37 0, S_0x5d027e58ef10;
 .timescale 0 0;
    .port_info 0 /INPUT 1 "clk";
    .port_info 1 /OUTPUT 32 "mem_addr";
    .port_info 2 /OUTPUT 32 "mem_wdata";
    .port_info 3 /OUTPUT 4 "mem_wmask";
    .port_info 4 /INPUT 32 "mem_rdata";
    .port_info 5 /OUTPUT 1 "mem_rstrb";
    .port_info 6 /INPUT 1 "mem_rbusy";
    .port_info 7 /INPUT 1 "mem_wbusy";
    .port_info 8 /INPUT 1 "reset";
P_0x5d027e58f400 .param/l "ADDR_WIDTH" 0 4 52, +C4<00000000000000000000000000011000>;
P_0x5d027e58f440 .param/l "EXECUTE" 1 4 303, +C4<0000000000000000000000000000000100>;
P_0x5d027e58f480 .param/l "EXECUTE_bit" 1 4 297, +C4<00000000000000000000000000000010>;
P_0x5d027e58f4c0 .param/l "FETCH_INSTR" 1 4 301, +C4<00000000000000000000000000000001>;
P_0x5d027e58f500 .param/l "FETCH_INSTR_bit" 1 4 295, +C4<00000000000000000000000000000000>;
P_0x5d027e58f540 .param/l "NB_STATES" 1 4 299, +C4<00000000000000000000000000000100>;
P_0x5d027e58f580 .param/l "RESET_ADDR" 0 4 51, C4<00000000000000000000000000000000>;
P_0x5d027e58f5c0 .param/l "WAIT_ALU_OR_MEM" 1 4 304, +C4<00000000000000000000000000000001000>;
P_0x5d027e58f600 .param/l "WAIT_ALU_OR_MEM_bit" 1 4 298, +C4<00000000000000000000000000000011>;
P_0x5d027e58f640 .param/l "WAIT_INSTR" 1 4 302, +C4<000000000000000000000000000000010>;
P_0x5d027e58f680 .param/l "WAIT_INSTR_bit" 1 4 296, +C4<00000000000000000000000000000001>;
L_0x5d027e576ff0 .functor OR 1, L_0x5d027e5ba9a0, L_0x5d027e5baf90, C4<0>, C4<0>;
L_0x5d027e561e20 .functor BUFZ 32, v0x5d027e5a01a0_0, C4<00000000000000000000000000000000>, C4<00000000000000000000000000000000>, C4<00000000000000000000000000000000>;
L_0x5d027e55ac60 .functor OR 1, L_0x5d027e5baf90, L_0x5d027e5bbfa0, C4<0>, C4<0>;
L_0x5d027e55c0c0 .functor NOT 32, L_0x5d027e5bc380, C4<00000000000000000000000000000000>, C4<00000000000000000000000000000000>, C4<00000000000000000000000000000000>;
L_0x5d027e55cab0 .functor XOR 1, L_0x5d027e5bd120, L_0x5d027e5bd380, C4<0>, C4<0>;
L_0x5d027e4a2950 .functor AND 1, L_0x5d027e5be2f0, L_0x5d027e5be390, C4<1>, C4<1>;
L_0x5d027e5b8bb0 .functor OR 32, L_0x5d027e5beba0, L_0x5d027e5bf140, C4<00000000000000000000000000000000>, C4<00000000000000000000000000000000>;
L_0x5d027e5bfb20 .functor OR 32, L_0x5d027e5b8bb0, L_0x5d027e5bf990, C4<00000000000000000000000000000000>, C4<00000000000000000000000000000000>;
L_0x5d027e5bff80 .functor XOR 32, L_0x5d027e561e20, L_0x5d027e5bc380, C4<00000000000000000000000000000000>, C4<00000000000000000000000000000000>;
L_0x5d027e5c0180 .functor OR 32, L_0x5d027e5bfb20, L_0x5d027e5bfff0, C4<00000000000000000000000000000000>, C4<00000000000000000000000000000000>;
L_0x5d027e5c0600 .functor OR 32, L_0x5d027e561e20, L_0x5d027e5bc380, C4<00000000000000000000000000000000>, C4<00000000000000000000000000000000>;
L_0x5d027e5c07b0 .functor OR 32, L_0x5d027e5c0180, L_0x5d027e5c0670, C4<00000000000000000000000000000000>, C4<00000000000000000000000000000000>;
L_0x5d027e5c0c50 .functor AND 32, L_0x5d027e561e20, L_0x5d027e5bc380, C4<11111111111111111111111111111111>, C4<11111111111111111111111111111111>;
L_0x5d027e5c0e50 .functor OR 32, L_0x5d027e5c07b0, L_0x5d027e5c0cc0, C4<00000000000000000000000000000000>, C4<00000000000000000000000000000000>;
L_0x5d027e5c08c0 .functor OR 32, L_0x5d027e5c0e50, L_0x5d027e5c0fe0, C4<00000000000000000000000000000000>, C4<00000000000000000000000000000000>;
L_0x5d027e5c18f0 .functor OR 1, L_0x5d027e5c1400, L_0x5d027e5c15b0, C4<0>, C4<0>;
L_0x5d027e5c1b80 .functor AND 1, L_0x5d027e5c1ae0, L_0x5d027e5bdee0, C4<1>, C4<1>;
L_0x5d027e5c2080 .functor AND 1, L_0x5d027e5c1c90, L_0x5d027e5c1fe0, C4<1>, C4<1>;
L_0x5d027e5c2230 .functor OR 1, L_0x5d027e5c1b80, L_0x5d027e5c2080, C4<0>, C4<0>;
L_0x5d027e5c26a0 .functor AND 1, L_0x5d027e5c2340, L_0x5d027e5bd7b0, C4<1>, C4<1>;
L_0x5d027e5c2810 .functor OR 1, L_0x5d027e5c2230, L_0x5d027e5c26a0, C4<0>, C4<0>;
L_0x5d027e5c2c90 .functor AND 1, L_0x5d027e5c2190, L_0x5d027e5c2920, C4<1>, C4<1>;
L_0x5d027e5c2e10 .functor OR 1, L_0x5d027e5c2810, L_0x5d027e5c2c90, C4<0>, C4<0>;
L_0x5d027e5c2fc0 .functor AND 1, L_0x5d027e5c2f20, L_0x5d027e5bdb20, C4<1>, C4<1>;
L_0x5d027e5c3150 .functor OR 1, L_0x5d027e5c2e10, L_0x5d027e5c2fc0, C4<0>, C4<0>;
L_0x5d027e5c3680 .functor AND 1, L_0x5d027e5c3260, L_0x5d027e5c35e0, C4<1>, C4<1>;
L_0x5d027e5c3820 .functor OR 1, L_0x5d027e5c3150, L_0x5d027e5c3680, C4<0>, C4<0>;
L_0x5d027e5c39d0 .functor OR 1, L_0x5d027e5c6230, L_0x5d027e5c62d0, C4<0>, C4<0>;
L_0x5d027e5c7610 .functor OR 32, L_0x5d027e5c7000, L_0x5d027e5c74d0, C4<00000000000000000000000000000000>, C4<00000000000000000000000000000000>;
L_0x5d027e5c7c50 .functor OR 32, L_0x5d027e5c7610, L_0x5d027e5c7720, C4<00000000000000000000000000000000>, C4<00000000000000000000000000000000>;
L_0x5d027e5c84e0 .functor OR 32, L_0x5d027e5c7c50, L_0x5d027e5c7fa0, C4<00000000000000000000000000000000>, C4<00000000000000000000000000000000>;
L_0x5d027e5c85f0 .functor OR 1, L_0x5d027e5bb550, L_0x5d027e5bb2a0, C4<0>, C4<0>;
L_0x5d027e5c8ea0 .functor OR 32, L_0x5d027e5c84e0, L_0x5d027e5c8950, C4<00000000000000000000000000000000>, C4<00000000000000000000000000000000>;
L_0x5d027e5c90f0 .functor OR 32, L_0x5d027e5c8ea0, L_0x5d027e5c8fb0, C4<00000000000000000000000000000000>, C4<00000000000000000000000000000000>;
L_0x5d027e5caef0 .functor AND 1, L_0x5d027e5ca320, L_0x5d027e5ca950, C4<1>, C4<1>;
L_0x5d027e5cd8a0 .functor OR 1, L_0x5d027e5bbfa0, L_0x5d027e5bac90, C4<0>, C4<0>;
L_0x5d027e5cd960 .functor NOT 1, L_0x5d027e5cd8a0, C4<0>, C4<0>, C4<0>;
L_0x5d027e5cdc40 .functor OR 1, L_0x5d027e5c9250, L_0x5d027e5cdba0, C4<0>, C4<0>;
L_0x5d027e5cde40 .functor AND 1, L_0x5d027e5cd960, L_0x5d027e5cdc40, C4<1>, C4<1>;
L_0x5d027e5cdff0 .functor AND 1, L_0x5d027e5cdf50, L_0x5d027e5ba6c0, C4<1>, C4<1>;
L_0x5d027e5ce980 .functor OR 1, L_0x5d027e5cdff0, L_0x5d027e5ce8e0, C4<0>, C4<0>;
L_0x5d027e5ce220 .functor AND 1, L_0x5d027e5ceae0, L_0x5d027e5bac90, C4<1>, C4<1>;
L_0x5d027e5ce5c0 .functor AND 4, L_0x5d027e5ce440, L_0x5d027e5cd7b0, C4<1111>, C4<1111>;
L_0x5d027e5ceb80 .functor AND 1, L_0x5d027e5ce6d0, L_0x5d027e576ff0, C4<1>, C4<1>;
L_0x5d027e5cedb0 .functor AND 1, L_0x5d027e5bbfa0, L_0x5d027e5c3820, C4<1>, C4<1>;
L_0x5d027e5cee20 .functor OR 1, L_0x5d027e5bb2a0, L_0x5d027e5cedb0, C4<0>, C4<0>;
L_0x5d027e5cf060 .functor OR 1, L_0x5d027e5ba6c0, L_0x5d027e5bac90, C4<0>, C4<0>;
L_0x5d027e5cf8c0 .functor AND 1, L_0x5d027e576ff0, L_0x5d027e5c18f0, C4<1>, C4<1>;
L_0x5d027e5cfb50 .functor OR 1, L_0x5d027e5cf060, L_0x5d027e5cf8c0, C4<0>, C4<0>;
v0x5d027e577110_0 .net "Bimm", 31 0, L_0x5d027e5b9610;  1 drivers
v0x5d027e561f40_0 .net "EQ", 0 0, L_0x5d027e5bdee0;  1 drivers
v0x5d027e55ad80_0 .net "Iimm", 31 0, L_0x5d027e5b8650;  1 drivers
v0x5d027e55c1e0_0 .net "Jimm", 31 0, L_0x5d027e5ba290;  1 drivers
v0x5d027e55c4d0_0 .net "LOAD_byte", 7 0, L_0x5d027e5cbd60;  1 drivers
v0x5d027e58fea0_0 .net "LOAD_data", 31 0, L_0x5d027e5cb370;  1 drivers
v0x5d027e58ff80_0 .net "LOAD_halfword", 15 0, L_0x5d027e5cb910;  1 drivers
v0x5d027e590060_0 .net "LOAD_sign", 0 0, L_0x5d027e5caef0;  1 drivers
v0x5d027e590120_0 .net "LT", 0 0, L_0x5d027e5bd7b0;  1 drivers
v0x5d027e5901e0_0 .net "LTU", 0 0, L_0x5d027e5bdb20;  1 drivers
v0x5d027e5902a0_0 .var "PC", 23 0;
v0x5d027e590380_0 .net "PCplus4", 23 0, L_0x5d027e5c3930;  1 drivers
v0x5d027e590460_0 .net "PCplusImm", 23 0, L_0x5d027e5c4de0;  1 drivers
v0x5d027e590540_0 .net "STORE_wmask", 3 0, L_0x5d027e5cd7b0;  1 drivers
v0x5d027e590620_0 .net "Simm", 31 0, L_0x5d027e5b8de0;  1 drivers
v0x5d027e590700_0 .net "Uimm", 31 0, L_0x5d027e5b7f90;  1 drivers
v0x5d027e5907e0_0 .net *"_ivl_101", 4 0, L_0x5d027e5bb810;  1 drivers
L_0x77ad6589e2e8 .functor BUFT 1, C4<01101>, C4<0>, C4<0>, C4<0>;
v0x5d027e5908c0_0 .net/2u *"_ivl_102", 4 0, L_0x77ad6589e2e8;  1 drivers
v0x5d027e5909a0_0 .net *"_ivl_107", 4 0, L_0x5d027e5bbb80;  1 drivers
L_0x77ad6589e330 .functor BUFT 1, C4<00101>, C4<0>, C4<0>, C4<0>;
v0x5d027e590a80_0 .net/2u *"_ivl_108", 4 0, L_0x77ad6589e330;  1 drivers
v0x5d027e590b60_0 .net *"_ivl_11", 18 0, L_0x5d027e5a7eb0;  1 drivers
v0x5d027e590c40_0 .net *"_ivl_113", 4 0, L_0x5d027e5bbf00;  1 drivers
L_0x77ad6589e378 .functor BUFT 1, C4<11000>, C4<0>, C4<0>, C4<0>;
v0x5d027e590d20_0 .net/2u *"_ivl_114", 4 0, L_0x77ad6589e378;  1 drivers
L_0x77ad6589e060 .functor BUFT 1, C4<000000000000>, C4<0>, C4<0>, C4<0>;
v0x5d027e590e00_0 .net/2u *"_ivl_12", 11 0, L_0x77ad6589e060;  1 drivers
v0x5d027e590ee0_0 .net *"_ivl_122", 0 0, L_0x5d027e55ac60;  1 drivers
L_0x77ad6589e3c0 .functor BUFT 1, C4<1>, C4<0>, C4<0>, C4<0>;
v0x5d027e590fc0_0 .net/2u *"_ivl_130", 0 0, L_0x77ad6589e3c0;  1 drivers
v0x5d027e5910a0_0 .net *"_ivl_132", 31 0, L_0x5d027e55c0c0;  1 drivers
v0x5d027e591180_0 .net *"_ivl_134", 32 0, L_0x5d027e5bc8c0;  1 drivers
L_0x77ad6589e408 .functor BUFT 1, C4<0>, C4<0>, C4<0>, C4<0>;
v0x5d027e591260_0 .net/2u *"_ivl_136", 0 0, L_0x77ad6589e408;  1 drivers
v0x5d027e591340_0 .net *"_ivl_138", 32 0, L_0x5d027e5bcbd0;  1 drivers
v0x5d027e591420_0 .net *"_ivl_140", 32 0, L_0x5d027e5bccc0;  1 drivers
L_0x77ad6589e450 .functor BUFT 1, C4<000000000000000000000000000000001>, C4<0>, C4<0>, C4<0>;
v0x5d027e591500_0 .net/2u *"_ivl_142", 32 0, L_0x77ad6589e450;  1 drivers
v0x5d027e5915e0_0 .net *"_ivl_147", 0 0, L_0x5d027e5bd120;  1 drivers
v0x5d027e5918d0_0 .net *"_ivl_149", 0 0, L_0x5d027e5bd380;  1 drivers
v0x5d027e5919b0_0 .net *"_ivl_150", 0 0, L_0x5d027e55cab0;  1 drivers
v0x5d027e591a90_0 .net *"_ivl_153", 0 0, L_0x5d027e5bd450;  1 drivers
v0x5d027e591b70_0 .net *"_ivl_155", 0 0, L_0x5d027e5bd6c0;  1 drivers
v0x5d027e591c50_0 .net *"_ivl_161", 31 0, L_0x5d027e5bdbc0;  1 drivers
L_0x77ad6589e498 .functor BUFT 1, C4<00000000000000000000000000000000>, C4<0>, C4<0>, C4<0>;
v0x5d027e591d30_0 .net/2u *"_ivl_162", 31 0, L_0x77ad6589e498;  1 drivers
v0x5d027e591e10_0 .net *"_ivl_167", 0 0, L_0x5d027e5be000;  1 drivers
v0x5d027e591ef0_0 .net *"_ivl_169", 0 0, L_0x5d027e5be2f0;  1 drivers
v0x5d027e591fd0_0 .net *"_ivl_17", 0 0, L_0x5d027e5b8170;  1 drivers
v0x5d027e5920b0_0 .net *"_ivl_171", 0 0, L_0x5d027e5be390;  1 drivers
v0x5d027e592190_0 .net *"_ivl_172", 0 0, L_0x5d027e4a2950;  1 drivers
v0x5d027e592270_0 .net *"_ivl_175", 31 0, L_0x5d027e5be750;  1 drivers
v0x5d027e592350_0 .net *"_ivl_176", 31 0, L_0x5d027e5be7f0;  1 drivers
L_0x77ad6589e4e0 .functor BUFT 1, C4<00000000000000000000000000000000>, C4<0>, C4<0>, C4<0>;
v0x5d027e592430_0 .net/2u *"_ivl_178", 31 0, L_0x77ad6589e4e0;  1 drivers
v0x5d027e592510_0 .net *"_ivl_18", 20 0, L_0x5d027e5b8210;  1 drivers
v0x5d027e5925f0_0 .net *"_ivl_180", 31 0, L_0x5d027e5beba0;  1 drivers
v0x5d027e5926d0_0 .net *"_ivl_183", 0 0, L_0x5d027e5bed30;  1 drivers
L_0x77ad6589e528 .functor BUFT 1, C4<0000000000000000000000000000000>, C4<0>, C4<0>, C4<0>;
v0x5d027e5927b0_0 .net/2u *"_ivl_184", 30 0, L_0x77ad6589e528;  1 drivers
v0x5d027e592890_0 .net *"_ivl_186", 31 0, L_0x5d027e5bf000;  1 drivers
L_0x77ad6589e570 .functor BUFT 1, C4<00000000000000000000000000000000>, C4<0>, C4<0>, C4<0>;
v0x5d027e592970_0 .net/2u *"_ivl_188", 31 0, L_0x77ad6589e570;  1 drivers
v0x5d027e592a50_0 .net *"_ivl_190", 31 0, L_0x5d027e5bf140;  1 drivers
v0x5d027e592b30_0 .net *"_ivl_192", 31 0, L_0x5d027e5b8bb0;  1 drivers
v0x5d027e592c10_0 .net *"_ivl_195", 0 0, L_0x5d027e5bf5b0;  1 drivers
L_0x77ad6589e5b8 .functor BUFT 1, C4<0000000000000000000000000000000>, C4<0>, C4<0>, C4<0>;
v0x5d027e592cf0_0 .net/2u *"_ivl_196", 30 0, L_0x77ad6589e5b8;  1 drivers
v0x5d027e592dd0_0 .net *"_ivl_198", 31 0, L_0x5d027e5bf650;  1 drivers
L_0x77ad6589e018 .functor BUFT 1, C4<00000001>, C4<0>, C4<0>, C4<0>;
v0x5d027e592eb0_0 .net/2u *"_ivl_2", 7 0, L_0x77ad6589e018;  1 drivers
L_0x77ad6589e600 .functor BUFT 1, C4<00000000000000000000000000000000>, C4<0>, C4<0>, C4<0>;
v0x5d027e592f90_0 .net/2u *"_ivl_200", 31 0, L_0x77ad6589e600;  1 drivers
v0x5d027e593070_0 .net *"_ivl_202", 31 0, L_0x5d027e5bf990;  1 drivers
v0x5d027e593150_0 .net *"_ivl_204", 31 0, L_0x5d027e5bfb20;  1 drivers
v0x5d027e593230_0 .net *"_ivl_207", 0 0, L_0x5d027e5bfc80;  1 drivers
v0x5d027e593310_0 .net *"_ivl_208", 31 0, L_0x5d027e5bff80;  1 drivers
v0x5d027e5933f0_0 .net *"_ivl_21", 10 0, L_0x5d027e5b85b0;  1 drivers
L_0x77ad6589e648 .functor BUFT 1, C4<00000000000000000000000000000000>, C4<0>, C4<0>, C4<0>;
v0x5d027e5938e0_0 .net/2u *"_ivl_210", 31 0, L_0x77ad6589e648;  1 drivers
v0x5d027e5939c0_0 .net *"_ivl_212", 31 0, L_0x5d027e5bfff0;  1 drivers
v0x5d027e593aa0_0 .net *"_ivl_214", 31 0, L_0x5d027e5c0180;  1 drivers
v0x5d027e593b80_0 .net *"_ivl_217", 0 0, L_0x5d027e5c02f0;  1 drivers
v0x5d027e593c60_0 .net *"_ivl_218", 31 0, L_0x5d027e5c0600;  1 drivers
L_0x77ad6589e690 .functor BUFT 1, C4<00000000000000000000000000000000>, C4<0>, C4<0>, C4<0>;
v0x5d027e593d40_0 .net/2u *"_ivl_220", 31 0, L_0x77ad6589e690;  1 drivers
v0x5d027e593e20_0 .net *"_ivl_222", 31 0, L_0x5d027e5c0670;  1 drivers
v0x5d027e593f00_0 .net *"_ivl_224", 31 0, L_0x5d027e5c07b0;  1 drivers
v0x5d027e593fe0_0 .net *"_ivl_227", 0 0, L_0x5d027e5c0930;  1 drivers
v0x5d027e5940c0_0 .net *"_ivl_228", 31 0, L_0x5d027e5c0c50;  1 drivers
L_0x77ad6589e6d8 .functor BUFT 1, C4<00000000000000000000000000000000>, C4<0>, C4<0>, C4<0>;
v0x5d027e5941a0_0 .net/2u *"_ivl_230", 31 0, L_0x77ad6589e6d8;  1 drivers
v0x5d027e594280_0 .net *"_ivl_232", 31 0, L_0x5d027e5c0cc0;  1 drivers
v0x5d027e594360_0 .net *"_ivl_234", 31 0, L_0x5d027e5c0e50;  1 drivers
L_0x77ad6589e720 .functor BUFT 1, C4<00000000000000000000000000000000>, C4<0>, C4<0>, C4<0>;
v0x5d027e594440_0 .net/2u *"_ivl_236", 31 0, L_0x77ad6589e720;  1 drivers
v0x5d027e594520_0 .net *"_ivl_238", 31 0, L_0x5d027e5c0fe0;  1 drivers
v0x5d027e594600_0 .net *"_ivl_243", 0 0, L_0x5d027e5c1400;  1 drivers
v0x5d027e5946e0_0 .net *"_ivl_245", 0 0, L_0x5d027e5c15b0;  1 drivers
v0x5d027e5947c0_0 .net *"_ivl_249", 0 0, L_0x5d027e5c1ae0;  1 drivers
v0x5d027e5948a0_0 .net *"_ivl_25", 0 0, L_0x5d027e5b87a0;  1 drivers
v0x5d027e594980_0 .net *"_ivl_250", 0 0, L_0x5d027e5c1b80;  1 drivers
v0x5d027e594a60_0 .net *"_ivl_253", 0 0, L_0x5d027e5c1c90;  1 drivers
v0x5d027e594b40_0 .net *"_ivl_255", 0 0, L_0x5d027e5c1fe0;  1 drivers
v0x5d027e594c00_0 .net *"_ivl_256", 0 0, L_0x5d027e5c2080;  1 drivers
v0x5d027e594ce0_0 .net *"_ivl_258", 0 0, L_0x5d027e5c2230;  1 drivers
v0x5d027e594dc0_0 .net *"_ivl_26", 20 0, L_0x5d027e5b8840;  1 drivers
v0x5d027e594ea0_0 .net *"_ivl_261", 0 0, L_0x5d027e5c2340;  1 drivers
v0x5d027e594f80_0 .net *"_ivl_262", 0 0, L_0x5d027e5c26a0;  1 drivers
v0x5d027e595060_0 .net *"_ivl_264", 0 0, L_0x5d027e5c2810;  1 drivers
v0x5d027e595140_0 .net *"_ivl_267", 0 0, L_0x5d027e5c2190;  1 drivers
v0x5d027e595220_0 .net *"_ivl_269", 0 0, L_0x5d027e5c2920;  1 drivers
v0x5d027e5952e0_0 .net *"_ivl_270", 0 0, L_0x5d027e5c2c90;  1 drivers
v0x5d027e5953c0_0 .net *"_ivl_272", 0 0, L_0x5d027e5c2e10;  1 drivers
v0x5d027e5954a0_0 .net *"_ivl_275", 0 0, L_0x5d027e5c2f20;  1 drivers
v0x5d027e595580_0 .net *"_ivl_276", 0 0, L_0x5d027e5c2fc0;  1 drivers
v0x5d027e595660_0 .net *"_ivl_278", 0 0, L_0x5d027e5c3150;  1 drivers
v0x5d027e595740_0 .net *"_ivl_281", 0 0, L_0x5d027e5c3260;  1 drivers
v0x5d027e595820_0 .net *"_ivl_283", 0 0, L_0x5d027e5c35e0;  1 drivers
v0x5d027e5958e0_0 .net *"_ivl_284", 0 0, L_0x5d027e5c3680;  1 drivers
L_0x77ad6589e768 .functor BUFT 1, C4<000000000000000000000100>, C4<0>, C4<0>, C4<0>;
v0x5d027e5959c0_0 .net/2u *"_ivl_288", 23 0, L_0x77ad6589e768;  1 drivers
v0x5d027e595aa0_0 .net *"_ivl_29", 5 0, L_0x5d027e5b8c20;  1 drivers
v0x5d027e595b80_0 .net *"_ivl_293", 0 0, L_0x5d027e5c3d80;  1 drivers
v0x5d027e595c60_0 .net *"_ivl_295", 23 0, L_0x5d027e5c3e20;  1 drivers
v0x5d027e595d40_0 .net *"_ivl_297", 0 0, L_0x5d027e5c4210;  1 drivers
v0x5d027e595e20_0 .net *"_ivl_299", 23 0, L_0x5d027e5c42b0;  1 drivers
v0x5d027e595f00_0 .net *"_ivl_301", 23 0, L_0x5d027e5c46b0;  1 drivers
v0x5d027e595fe0_0 .net *"_ivl_302", 23 0, L_0x5d027e5c47a0;  1 drivers
v0x5d027e5960c0_0 .net *"_ivl_304", 23 0, L_0x5d027e5c4c50;  1 drivers
v0x5d027e5961a0_0 .net *"_ivl_309", 23 0, L_0x5d027e5c5250;  1 drivers
v0x5d027e596280_0 .net *"_ivl_31", 4 0, L_0x5d027e5b8cc0;  1 drivers
v0x5d027e596360_0 .net *"_ivl_311", 0 0, L_0x5d027e5c5340;  1 drivers
v0x5d027e596440_0 .net *"_ivl_313", 23 0, L_0x5d027e5c5720;  1 drivers
v0x5d027e596520_0 .net *"_ivl_315", 23 0, L_0x5d027e5c5810;  1 drivers
v0x5d027e596600_0 .net *"_ivl_316", 23 0, L_0x5d027e5c5c00;  1 drivers
v0x5d027e5966e0_0 .net *"_ivl_321", 0 0, L_0x5d027e5c6230;  1 drivers
v0x5d027e5967c0_0 .net *"_ivl_323", 0 0, L_0x5d027e5c62d0;  1 drivers
v0x5d027e5968a0_0 .net *"_ivl_324", 0 0, L_0x5d027e5c39d0;  1 drivers
v0x5d027e596980_0 .net *"_ivl_326", 31 0, L_0x5d027e5c68c0;  1 drivers
L_0x77ad6589e7b0 .functor BUFT 1, C4<00000000>, C4<0>, C4<0>, C4<0>;
v0x5d027e596a60_0 .net *"_ivl_329", 7 0, L_0x77ad6589e7b0;  1 drivers
v0x5d027e596b40_0 .net *"_ivl_330", 31 0, L_0x5d027e5c69b0;  1 drivers
L_0x77ad6589e7f8 .functor BUFT 1, C4<00000000>, C4<0>, C4<0>, C4<0>;
v0x5d027e596c20_0 .net *"_ivl_333", 7 0, L_0x77ad6589e7f8;  1 drivers
L_0x77ad6589e840 .functor BUFT 1, C4<00000000000000000000000000000000>, C4<0>, C4<0>, C4<0>;
v0x5d027e596d00_0 .net/2u *"_ivl_336", 31 0, L_0x77ad6589e840;  1 drivers
v0x5d027e596de0_0 .net *"_ivl_338", 31 0, L_0x5d027e5c7000;  1 drivers
L_0x77ad6589e888 .functor BUFT 1, C4<00000000000000000000000000000000>, C4<0>, C4<0>, C4<0>;
v0x5d027e596ec0_0 .net/2u *"_ivl_340", 31 0, L_0x77ad6589e888;  1 drivers
v0x5d027e596fa0_0 .net *"_ivl_342", 31 0, L_0x5d027e5c74d0;  1 drivers
v0x5d027e597890_0 .net *"_ivl_344", 31 0, L_0x5d027e5c7610;  1 drivers
L_0x77ad6589e8d0 .functor BUFT 1, C4<00000000000000000000000000000000>, C4<0>, C4<0>, C4<0>;
v0x5d027e597970_0 .net/2u *"_ivl_346", 31 0, L_0x77ad6589e8d0;  1 drivers
v0x5d027e597a50_0 .net *"_ivl_348", 31 0, L_0x5d027e5c7720;  1 drivers
v0x5d027e597b30_0 .net *"_ivl_35", 0 0, L_0x5d027e5b8f80;  1 drivers
v0x5d027e597c10_0 .net *"_ivl_350", 31 0, L_0x5d027e5c7c50;  1 drivers
v0x5d027e597cf0_0 .net *"_ivl_352", 31 0, L_0x5d027e5c7e60;  1 drivers
L_0x77ad6589e918 .functor BUFT 1, C4<00000000>, C4<0>, C4<0>, C4<0>;
v0x5d027e597dd0_0 .net *"_ivl_355", 7 0, L_0x77ad6589e918;  1 drivers
L_0x77ad6589e960 .functor BUFT 1, C4<00000000000000000000000000000000>, C4<0>, C4<0>, C4<0>;
v0x5d027e597eb0_0 .net/2u *"_ivl_356", 31 0, L_0x77ad6589e960;  1 drivers
v0x5d027e597f90_0 .net *"_ivl_358", 31 0, L_0x5d027e5c7fa0;  1 drivers
v0x5d027e598070_0 .net *"_ivl_36", 19 0, L_0x5d027e5b90b0;  1 drivers
v0x5d027e598150_0 .net *"_ivl_360", 31 0, L_0x5d027e5c84e0;  1 drivers
v0x5d027e598230_0 .net *"_ivl_362", 0 0, L_0x5d027e5c85f0;  1 drivers
v0x5d027e598310_0 .net *"_ivl_364", 31 0, L_0x5d027e5c8810;  1 drivers
L_0x77ad6589e9a8 .functor BUFT 1, C4<00000000>, C4<0>, C4<0>, C4<0>;
v0x5d027e5983f0_0 .net *"_ivl_367", 7 0, L_0x77ad6589e9a8;  1 drivers
L_0x77ad6589e9f0 .functor BUFT 1, C4<00000000000000000000000000000000>, C4<0>, C4<0>, C4<0>;
v0x5d027e5984d0_0 .net/2u *"_ivl_368", 31 0, L_0x77ad6589e9f0;  1 drivers
v0x5d027e5985b0_0 .net *"_ivl_370", 31 0, L_0x5d027e5c8950;  1 drivers
v0x5d027e598690_0 .net *"_ivl_372", 31 0, L_0x5d027e5c8ea0;  1 drivers
L_0x77ad6589ea38 .functor BUFT 1, C4<00000000000000000000000000000000>, C4<0>, C4<0>, C4<0>;
v0x5d027e598770_0 .net/2u *"_ivl_374", 31 0, L_0x77ad6589ea38;  1 drivers
v0x5d027e598850_0 .net *"_ivl_376", 31 0, L_0x5d027e5c8fb0;  1 drivers
v0x5d027e598930_0 .net *"_ivl_381", 1 0, L_0x5d027e5c9320;  1 drivers
L_0x77ad6589ea80 .functor BUFT 1, C4<00>, C4<0>, C4<0>, C4<0>;
v0x5d027e598a10_0 .net/2u *"_ivl_382", 1 0, L_0x77ad6589ea80;  1 drivers
v0x5d027e598af0_0 .net *"_ivl_387", 1 0, L_0x5d027e5c98d0;  1 drivers
L_0x77ad6589eac8 .functor BUFT 1, C4<01>, C4<0>, C4<0>, C4<0>;
v0x5d027e598bd0_0 .net/2u *"_ivl_388", 1 0, L_0x77ad6589eac8;  1 drivers
v0x5d027e598cb0_0 .net *"_ivl_39", 0 0, L_0x5d027e5b9570;  1 drivers
v0x5d027e598d90_0 .net *"_ivl_393", 0 0, L_0x5d027e5c9e90;  1 drivers
v0x5d027e598e70_0 .net *"_ivl_395", 0 0, L_0x5d027e5ca320;  1 drivers
v0x5d027e598f30_0 .net *"_ivl_397", 0 0, L_0x5d027e5ca410;  1 drivers
v0x5d027e599010_0 .net *"_ivl_399", 0 0, L_0x5d027e5ca8b0;  1 drivers
v0x5d027e5990f0_0 .net *"_ivl_400", 0 0, L_0x5d027e5ca950;  1 drivers
v0x5d027e5991d0_0 .net *"_ivl_404", 23 0, L_0x5d027e5cb000;  1 drivers
v0x5d027e5992b0_0 .net *"_ivl_406", 31 0, L_0x5d027e5cb0f0;  1 drivers
v0x5d027e599390_0 .net *"_ivl_408", 15 0, L_0x5d027e5cb600;  1 drivers
v0x5d027e599470_0 .net *"_ivl_41", 5 0, L_0x5d027e5b96b0;  1 drivers
v0x5d027e599550_0 .net *"_ivl_410", 31 0, L_0x5d027e5cb6a0;  1 drivers
v0x5d027e599630_0 .net *"_ivl_412", 31 0, L_0x5d027e5cb1e0;  1 drivers
v0x5d027e599710_0 .net *"_ivl_417", 0 0, L_0x5d027e5cb500;  1 drivers
v0x5d027e5997f0_0 .net *"_ivl_419", 15 0, L_0x5d027e5cbc20;  1 drivers
v0x5d027e5998d0_0 .net *"_ivl_421", 15 0, L_0x5d027e5cb7e0;  1 drivers
v0x5d027e5999b0_0 .net *"_ivl_425", 0 0, L_0x5d027e5cba50;  1 drivers
v0x5d027e599a90_0 .net *"_ivl_427", 7 0, L_0x5d027e5cbb80;  1 drivers
v0x5d027e599b70_0 .net *"_ivl_429", 7 0, L_0x5d027e5cbcc0;  1 drivers
v0x5d027e599c50_0 .net *"_ivl_43", 3 0, L_0x5d027e5b9750;  1 drivers
v0x5d027e599d30_0 .net *"_ivl_435", 7 0, L_0x5d027e5cbe50;  1 drivers
v0x5d027e599e10_0 .net *"_ivl_439", 0 0, L_0x5d027e5cbf40;  1 drivers
L_0x77ad6589e0a8 .functor BUFT 1, C4<0>, C4<0>, C4<0>, C4<0>;
v0x5d027e599ef0_0 .net/2u *"_ivl_44", 0 0, L_0x77ad6589e0a8;  1 drivers
v0x5d027e599fd0_0 .net *"_ivl_441", 7 0, L_0x5d027e5cbfe0;  1 drivers
v0x5d027e59a0b0_0 .net *"_ivl_443", 7 0, L_0x5d027e5cc080;  1 drivers
v0x5d027e59a190_0 .net *"_ivl_444", 7 0, L_0x5d027e5cc1b0;  1 drivers
v0x5d027e59a270_0 .net *"_ivl_449", 0 0, L_0x5d027e5cc2f0;  1 drivers
v0x5d027e59a350_0 .net *"_ivl_451", 7 0, L_0x5d027e5cc390;  1 drivers
v0x5d027e59a430_0 .net *"_ivl_453", 7 0, L_0x5d027e5cc430;  1 drivers
v0x5d027e59a510_0 .net *"_ivl_454", 7 0, L_0x5d027e5cc4d0;  1 drivers
v0x5d027e59a5f0_0 .net *"_ivl_460", 0 0, L_0x5d027e5cc6d0;  1 drivers
v0x5d027e59a6d0_0 .net *"_ivl_462", 7 0, L_0x5d027e5cc770;  1 drivers
v0x5d027e59a7b0_0 .net *"_ivl_464", 0 0, L_0x5d027e5cc810;  1 drivers
v0x5d027e59a890_0 .net *"_ivl_466", 7 0, L_0x5d027e5cc8b0;  1 drivers
v0x5d027e59a970_0 .net *"_ivl_468", 7 0, L_0x5d027e5cc950;  1 drivers
v0x5d027e59aa50_0 .net *"_ivl_469", 7 0, L_0x5d027e5cc9f0;  1 drivers
v0x5d027e59ab30_0 .net *"_ivl_471", 7 0, L_0x5d027e5cd260;  1 drivers
v0x5d027e59ac10_0 .net *"_ivl_474", 0 0, L_0x5d027e5cd440;  1 drivers
v0x5d027e59acf0_0 .net *"_ivl_476", 0 0, L_0x5d027e5ccd60;  1 drivers
L_0x77ad6589eb10 .functor BUFT 1, C4<1000>, C4<0>, C4<0>, C4<0>;
v0x5d027e59add0_0 .net/2u *"_ivl_477", 3 0, L_0x77ad6589eb10;  1 drivers
L_0x77ad6589eb58 .functor BUFT 1, C4<0100>, C4<0>, C4<0>, C4<0>;
v0x5d027e59aeb0_0 .net/2u *"_ivl_479", 3 0, L_0x77ad6589eb58;  1 drivers
v0x5d027e59af90_0 .net *"_ivl_481", 3 0, L_0x5d027e5cce00;  1 drivers
v0x5d027e59b070_0 .net *"_ivl_484", 0 0, L_0x5d027e5ccf90;  1 drivers
L_0x77ad6589eba0 .functor BUFT 1, C4<0010>, C4<0>, C4<0>, C4<0>;
v0x5d027e59b150_0 .net/2u *"_ivl_485", 3 0, L_0x77ad6589eba0;  1 drivers
L_0x77ad6589ebe8 .functor BUFT 1, C4<0001>, C4<0>, C4<0>, C4<0>;
v0x5d027e59b230_0 .net/2u *"_ivl_487", 3 0, L_0x77ad6589ebe8;  1 drivers
v0x5d027e59b310_0 .net *"_ivl_489", 3 0, L_0x5d027e5cd030;  1 drivers
v0x5d027e59b3f0_0 .net *"_ivl_49", 0 0, L_0x5d027e5b9aa0;  1 drivers
v0x5d027e59b4d0_0 .net *"_ivl_491", 3 0, L_0x5d027e5cd1c0;  1 drivers
v0x5d027e59b5b0_0 .net *"_ivl_494", 0 0, L_0x5d027e5cdb00;  1 drivers
L_0x77ad6589ec30 .functor BUFT 1, C4<1100>, C4<0>, C4<0>, C4<0>;
v0x5d027e59b690_0 .net/2u *"_ivl_495", 3 0, L_0x77ad6589ec30;  1 drivers
L_0x77ad6589ec78 .functor BUFT 1, C4<0011>, C4<0>, C4<0>, C4<0>;
v0x5d027e59b770_0 .net/2u *"_ivl_497", 3 0, L_0x77ad6589ec78;  1 drivers
v0x5d027e59b850_0 .net *"_ivl_499", 3 0, L_0x5d027e5cd4e0;  1 drivers
v0x5d027e59b930_0 .net *"_ivl_5", 2 0, L_0x5d027e5a7b80;  1 drivers
v0x5d027e59ba10_0 .net *"_ivl_50", 11 0, L_0x5d027e5b9c00;  1 drivers
L_0x77ad6589ecc0 .functor BUFT 1, C4<1111>, C4<0>, C4<0>, C4<0>;
v0x5d027e59baf0_0 .net/2u *"_ivl_501", 3 0, L_0x77ad6589ecc0;  1 drivers
v0x5d027e59bbd0_0 .net *"_ivl_503", 3 0, L_0x5d027e5cd670;  1 drivers
v0x5d027e59bcb0_0 .net *"_ivl_507", 0 0, L_0x5d027e5cd8a0;  1 drivers
v0x5d027e59bd90_0 .net *"_ivl_509", 0 0, L_0x5d027e5cd960;  1 drivers
v0x5d027e59be70_0 .net *"_ivl_512", 0 0, L_0x5d027e5c9250;  1 drivers
v0x5d027e59bf50_0 .net *"_ivl_514", 0 0, L_0x5d027e5cdba0;  1 drivers
v0x5d027e59c030_0 .net *"_ivl_515", 0 0, L_0x5d027e5cdc40;  1 drivers
v0x5d027e59c110_0 .net *"_ivl_520", 0 0, L_0x5d027e5cdf50;  1 drivers
v0x5d027e59c1f0_0 .net *"_ivl_521", 0 0, L_0x5d027e5cdff0;  1 drivers
v0x5d027e59c2d0_0 .net *"_ivl_524", 0 0, L_0x5d027e5ce8e0;  1 drivers
v0x5d027e59c3b0_0 .net *"_ivl_528", 0 0, L_0x5d027e5ceae0;  1 drivers
v0x5d027e59c490_0 .net *"_ivl_529", 0 0, L_0x5d027e5ce220;  1 drivers
v0x5d027e59c570_0 .net *"_ivl_53", 7 0, L_0x5d027e5b9cf0;  1 drivers
v0x5d027e59c650_0 .net *"_ivl_531", 3 0, L_0x5d027e5ce440;  1 drivers
v0x5d027e59c730_0 .net *"_ivl_536", 0 0, L_0x5d027e5ce6d0;  1 drivers
v0x5d027e59c810_0 .net *"_ivl_539", 0 0, L_0x5d027e5cedb0;  1 drivers
v0x5d027e59c8f0_0 .net *"_ivl_543", 0 0, L_0x5d027e5cf060;  1 drivers
v0x5d027e59c9d0_0 .net *"_ivl_545", 0 0, L_0x5d027e5cf8c0;  1 drivers
v0x5d027e59cab0_0 .net *"_ivl_55", 0 0, L_0x5d027e5b9e60;  1 drivers
v0x5d027e59cb90_0 .net *"_ivl_57", 9 0, L_0x5d027e5ba110;  1 drivers
L_0x77ad6589e0f0 .functor BUFT 1, C4<0>, C4<0>, C4<0>, C4<0>;
v0x5d027e59cc70_0 .net/2u *"_ivl_58", 0 0, L_0x77ad6589e0f0;  1 drivers
v0x5d027e59cd50_0 .net *"_ivl_63", 4 0, L_0x5d027e5ba4e0;  1 drivers
L_0x77ad6589e138 .functor BUFT 1, C4<00000>, C4<0>, C4<0>, C4<0>;
v0x5d027e59ce30_0 .net/2u *"_ivl_64", 4 0, L_0x77ad6589e138;  1 drivers
v0x5d027e59cf10_0 .net *"_ivl_69", 4 0, L_0x5d027e5ba800;  1 drivers
L_0x77ad6589e180 .functor BUFT 1, C4<00100>, C4<0>, C4<0>, C4<0>;
v0x5d027e59cff0_0 .net/2u *"_ivl_70", 4 0, L_0x77ad6589e180;  1 drivers
v0x5d027e59d0d0_0 .net *"_ivl_75", 4 0, L_0x5d027e5baae0;  1 drivers
L_0x77ad6589e1c8 .functor BUFT 1, C4<01000>, C4<0>, C4<0>, C4<0>;
v0x5d027e59d1b0_0 .net/2u *"_ivl_76", 4 0, L_0x77ad6589e1c8;  1 drivers
v0x5d027e59d290_0 .net *"_ivl_81", 4 0, L_0x5d027e5badd0;  1 drivers
L_0x77ad6589e210 .functor BUFT 1, C4<01100>, C4<0>, C4<0>, C4<0>;
v0x5d027e59d370_0 .net/2u *"_ivl_82", 4 0, L_0x77ad6589e210;  1 drivers
v0x5d027e59d450_0 .net *"_ivl_87", 4 0, L_0x5d027e5bb0d0;  1 drivers
L_0x77ad6589e258 .functor BUFT 1, C4<11100>, C4<0>, C4<0>, C4<0>;
v0x5d027e59d530_0 .net/2u *"_ivl_88", 4 0, L_0x77ad6589e258;  1 drivers
v0x5d027e59d610_0 .net *"_ivl_9", 0 0, L_0x5d027e5a7de0;  1 drivers
v0x5d027e59d6f0_0 .net *"_ivl_95", 4 0, L_0x5d027e5bb480;  1 drivers
L_0x77ad6589e2a0 .functor BUFT 1, C4<11001>, C4<0>, C4<0>, C4<0>;
v0x5d027e59d7d0_0 .net/2u *"_ivl_96", 4 0, L_0x77ad6589e2a0;  1 drivers
v0x5d027e59d8b0_0 .net "aluBusy", 0 0, L_0x5d027e5bc4c0;  1 drivers
v0x5d027e59d970_0 .net "aluIn1", 31 0, L_0x5d027e561e20;  1 drivers
v0x5d027e59da50_0 .net "aluIn2", 31 0, L_0x5d027e5bc380;  1 drivers
v0x5d027e59db30_0 .net "aluMinus", 32 0, L_0x5d027e5bcfe0;  1 drivers
v0x5d027e59dc10_0 .net "aluOut", 31 0, L_0x5d027e5c08c0;  1 drivers
v0x5d027e59dcf0_0 .net "aluPlus", 31 0, L_0x5d027e5bc720;  1 drivers
v0x5d027e59ddd0_0 .var "aluReg", 31 0;
v0x5d027e59deb0_0 .var "aluShamt", 4 0;
v0x5d027e59df90_0 .net "aluWr", 0 0, L_0x5d027e5ceb80;  1 drivers
v0x5d027e59e050_0 .net "clk", 0 0, v0x5d027e5a7510_0;  alias, 1 drivers
v0x5d027e59e110_0 .var "cycles", 31 0;
v0x5d027e59e1f0_0 .net "funct3Is", 7 0, L_0x5d027e5a7ca0;  1 drivers
v0x5d027e59e2f0_0 .net "funct3IsShift", 0 0, L_0x5d027e5c18f0;  1 drivers
v0x5d027e59e3b0_0 .var "instr", 31 2;
v0x5d027e59e490_0 .net "isALU", 0 0, L_0x5d027e576ff0;  1 drivers
v0x5d027e59e550_0 .net "isALUimm", 0 0, L_0x5d027e5ba9a0;  1 drivers
v0x5d027e59e610_0 .net "isALUreg", 0 0, L_0x5d027e5baf90;  1 drivers
v0x5d027e59e6d0_0 .net "isAUIPC", 0 0, L_0x5d027e5bbc20;  1 drivers
v0x5d027e597060_0 .net "isBranch", 0 0, L_0x5d027e5bbfa0;  1 drivers
v0x5d027e597120_0 .net "isJAL", 0 0, L_0x5d027e5bb2a0;  1 drivers
v0x5d027e5971e0_0 .net "isJALR", 0 0, L_0x5d027e5bb550;  1 drivers
v0x5d027e5972a0_0 .net "isLUI", 0 0, L_0x5d027e5bb8b0;  1 drivers
v0x5d027e597360_0 .net "isLoad", 0 0, L_0x5d027e5ba6c0;  1 drivers
v0x5d027e597420_0 .net "isSYSTEM", 0 0, L_0x5d027e5bae70;  1 drivers
v0x5d027e5974e0_0 .net "isStore", 0 0, L_0x5d027e5bac90;  1 drivers
v0x5d027e5975a0_0 .net "jumpToPCplusImm", 0 0, L_0x5d027e5cee20;  1 drivers
v0x5d027e597660_0 .net "loadstore_addr", 23 0, L_0x5d027e5c5d90;  1 drivers
v0x5d027e597740_0 .net "mem_addr", 31 0, L_0x5d027e5c6e70;  alias, 1 drivers
v0x5d027e59f780_0 .net "mem_byteAccess", 0 0, L_0x5d027e5c9790;  1 drivers
v0x5d027e59f820_0 .net "mem_halfwordAccess", 0 0, L_0x5d027e5c9d50;  1 drivers
L_0x77ad6589ed08 .functor BUFT 1, C4<0>, C4<0>, C4<0>, C4<0>;
v0x5d027e59f8e0_0 .net "mem_rbusy", 0 0, L_0x77ad6589ed08;  1 drivers
v0x5d027e59f9a0_0 .net "mem_rdata", 31 0, v0x5d027e5a6d10_0;  1 drivers
v0x5d027e59fa80_0 .net "mem_rstrb", 0 0, L_0x5d027e5ce980;  alias, 1 drivers
L_0x77ad6589ed50 .functor BUFT 1, C4<0>, C4<0>, C4<0>, C4<0>;
v0x5d027e59fb40_0 .net "mem_wbusy", 0 0, L_0x77ad6589ed50;  1 drivers
v0x5d027e59fc00_0 .net "mem_wdata", 31 0, L_0x5d027e5ccb90;  alias, 1 drivers
v0x5d027e59fce0_0 .net "mem_wmask", 3 0, L_0x5d027e5ce5c0;  alias, 1 drivers
v0x5d027e59fdc0_0 .net "needToWait", 0 0, L_0x5d027e5cfb50;  1 drivers
v0x5d027e59fe80_0 .net "predicate", 0 0, L_0x5d027e5c3820;  1 drivers
v0x5d027e59ff40_0 .net "rdId", 4 0, L_0x5d027e5a7ae0;  1 drivers
v0x5d027e5a0020 .array "registerFile", 0 31, 31 0;
v0x5d027e5a00e0_0 .net "reset", 0 0, v0x5d027e5a76e0_0;  alias, 1 drivers
v0x5d027e5a01a0_0 .var "rs1", 31 0;
v0x5d027e5a0280_0 .var "rs2", 31 0;
v0x5d027e5a0360_0 .var "state", 3 0;
v0x5d027e5a0460_0 .net "writeBack", 0 0, L_0x5d027e5cde40;  1 drivers
v0x5d027e5a0520_0 .net "writeBackData", 31 0, L_0x5d027e5c90f0;  1 drivers
E_0x5d027e485810 .event posedge, v0x5d027e59e050_0;
L_0x5d027e5a7ae0 .part v0x5d027e59e3b0_0, 5, 5;
L_0x5d027e5a7b80 .part v0x5d027e59e3b0_0, 10, 3;
L_0x5d027e5a7ca0 .shift/l 8, L_0x77ad6589e018, L_0x5d027e5a7b80;
L_0x5d027e5a7de0 .part v0x5d027e59e3b0_0, 29, 1;
L_0x5d027e5a7eb0 .part v0x5d027e59e3b0_0, 10, 19;
L_0x5d027e5b7f90 .concat [ 12 19 1 0], L_0x77ad6589e060, L_0x5d027e5a7eb0, L_0x5d027e5a7de0;
L_0x5d027e5b8170 .part v0x5d027e59e3b0_0, 29, 1;
LS_0x5d027e5b8210_0_0 .concat [ 1 1 1 1], L_0x5d027e5b8170, L_0x5d027e5b8170, L_0x5d027e5b8170, L_0x5d027e5b8170;
LS_0x5d027e5b8210_0_4 .concat [ 1 1 1 1], L_0x5d027e5b8170, L_0x5d027e5b8170, L_0x5d027e5b8170, L_0x5d027e5b8170;
LS_0x5d027e5b8210_0_8 .concat [ 1 1 1 1], L_0x5d027e5b8170, L_0x5d027e5b8170, L_0x5d027e5b8170, L_0x5d027e5b8170;
LS_0x5d027e5b8210_0_12 .concat [ 1 1 1 1], L_0x5d027e5b8170, L_0x5d027e5b8170, L_0x5d027e5b8170, L_0x5d027e5b8170;
LS_0x5d027e5b8210_0_16 .concat [ 1 1 1 1], L_0x5d027e5b8170, L_0x5d027e5b8170, L_0x5d027e5b8170, L_0x5d027e5b8170;
LS_0x5d027e5b8210_0_20 .concat [ 1 0 0 0], L_0x5d027e5b8170;
LS_0x5d027e5b8210_1_0 .concat [ 4 4 4 4], LS_0x5d027e5b8210_0_0, LS_0x5d027e5b8210_0_4, LS_0x5d027e5b8210_0_8, LS_0x5d027e5b8210_0_12;
LS_0x5d027e5b8210_1_4 .concat [ 4 1 0 0], LS_0x5d027e5b8210_0_16, LS_0x5d027e5b8210_0_20;
L_0x5d027e5b8210 .concat [ 16 5 0 0], LS_0x5d027e5b8210_1_0, LS_0x5d027e5b8210_1_4;
L_0x5d027e5b85b0 .part v0x5d027e59e3b0_0, 18, 11;
L_0x5d027e5b8650 .concat [ 11 21 0 0], L_0x5d027e5b85b0, L_0x5d027e5b8210;
L_0x5d027e5b87a0 .part v0x5d027e59e3b0_0, 29, 1;
LS_0x5d027e5b8840_0_0 .concat [ 1 1 1 1], L_0x5d027e5b87a0, L_0x5d027e5b87a0, L_0x5d027e5b87a0, L_0x5d027e5b87a0;
LS_0x5d027e5b8840_0_4 .concat [ 1 1 1 1], L_0x5d027e5b87a0, L_0x5d027e5b87a0, L_0x5d027e5b87a0, L_0x5d027e5b87a0;
LS_0x5d027e5b8840_0_8 .concat [ 1 1 1 1], L_0x5d027e5b87a0, L_0x5d027e5b87a0, L_0x5d027e5b87a0, L_0x5d027e5b87a0;
LS_0x5d027e5b8840_0_12 .concat [ 1 1 1 1], L_0x5d027e5b87a0, L_0x5d027e5b87a0, L_0x5d027e5b87a0, L_0x5d027e5b87a0;
LS_0x5d027e5b8840_0_16 .concat [ 1 1 1 1], L_0x5d027e5b87a0, L_0x5d027e5b87a0, L_0x5d027e5b87a0, L_0x5d027e5b87a0;
LS_0x5d027e5b8840_0_20 .concat [ 1 0 0 0], L_0x5d027e5b87a0;
LS_0x5d027e5b8840_1_0 .concat [ 4 4 4 4], LS_0x5d027e5b8840_0_0, LS_0x5d027e5b8840_0_4, LS_0x5d027e5b8840_0_8, LS_0x5d027e5b8840_0_12;
LS_0x5d027e5b8840_1_4 .concat [ 4 1 0 0], LS_0x5d027e5b8840_0_16, LS_0x5d027e5b8840_0_20;
L_0x5d027e5b8840 .concat [ 16 5 0 0], LS_0x5d027e5b8840_1_0, LS_0x5d027e5b8840_1_4;
L_0x5d027e5b8c20 .part v0x5d027e59e3b0_0, 23, 6;
L_0x5d027e5b8cc0 .part v0x5d027e59e3b0_0, 5, 5;
L_0x5d027e5b8de0 .concat [ 5 6 21 0], L_0x5d027e5b8cc0, L_0x5d027e5b8c20, L_0x5d027e5b8840;
L_0x5d027e5b8f80 .part v0x5d027e59e3b0_0, 29, 1;
LS_0x5d027e5b90b0_0_0 .concat [ 1 1 1 1], L_0x5d027e5b8f80, L_0x5d027e5b8f80, L_0x5d027e5b8f80, L_0x5d027e5b8f80;
LS_0x5d027e5b90b0_0_4 .concat [ 1 1 1 1], L_0x5d027e5b8f80, L_0x5d027e5b8f80, L_0x5d027e5b8f80, L_0x5d027e5b8f80;
LS_0x5d027e5b90b0_0_8 .concat [ 1 1 1 1], L_0x5d027e5b8f80, L_0x5d027e5b8f80, L_0x5d027e5b8f80, L_0x5d027e5b8f80;
LS_0x5d027e5b90b0_0_12 .concat [ 1 1 1 1], L_0x5d027e5b8f80, L_0x5d027e5b8f80, L_0x5d027e5b8f80, L_0x5d027e5b8f80;
LS_0x5d027e5b90b0_0_16 .concat [ 1 1 1 1], L_0x5d027e5b8f80, L_0x5d027e5b8f80, L_0x5d027e5b8f80, L_0x5d027e5b8f80;
LS_0x5d027e5b90b0_1_0 .concat [ 4 4 4 4], LS_0x5d027e5b90b0_0_0, LS_0x5d027e5b90b0_0_4, LS_0x5d027e5b90b0_0_8, LS_0x5d027e5b90b0_0_12;
LS_0x5d027e5b90b0_1_4 .concat [ 4 0 0 0], LS_0x5d027e5b90b0_0_16;
L_0x5d027e5b90b0 .concat [ 16 4 0 0], LS_0x5d027e5b90b0_1_0, LS_0x5d027e5b90b0_1_4;
L_0x5d027e5b9570 .part v0x5d027e59e3b0_0, 5, 1;
L_0x5d027e5b96b0 .part v0x5d027e59e3b0_0, 23, 6;
L_0x5d027e5b9750 .part v0x5d027e59e3b0_0, 6, 4;
LS_0x5d027e5b9610_0_0 .concat [ 1 4 6 1], L_0x77ad6589e0a8, L_0x5d027e5b9750, L_0x5d027e5b96b0, L_0x5d027e5b9570;
LS_0x5d027e5b9610_0_4 .concat [ 20 0 0 0], L_0x5d027e5b90b0;
L_0x5d027e5b9610 .concat [ 12 20 0 0], LS_0x5d027e5b9610_0_0, LS_0x5d027e5b9610_0_4;
L_0x5d027e5b9aa0 .part v0x5d027e59e3b0_0, 29, 1;
LS_0x5d027e5b9c00_0_0 .concat [ 1 1 1 1], L_0x5d027e5b9aa0, L_0x5d027e5b9aa0, L_0x5d027e5b9aa0, L_0x5d027e5b9aa0;
LS_0x5d027e5b9c00_0_4 .concat [ 1 1 1 1], L_0x5d027e5b9aa0, L_0x5d027e5b9aa0, L_0x5d027e5b9aa0, L_0x5d027e5b9aa0;
LS_0x5d027e5b9c00_0_8 .concat [ 1 1 1 1], L_0x5d027e5b9aa0, L_0x5d027e5b9aa0, L_0x5d027e5b9aa0, L_0x5d027e5b9aa0;
L_0x5d027e5b9c00 .concat [ 4 4 4 0], LS_0x5d027e5b9c00_0_0, LS_0x5d027e5b9c00_0_4, LS_0x5d027e5b9c00_0_8;
L_0x5d027e5b9cf0 .part v0x5d027e59e3b0_0, 10, 8;
L_0x5d027e5b9e60 .part v0x5d027e59e3b0_0, 18, 1;
L_0x5d027e5ba110 .part v0x5d027e59e3b0_0, 19, 10;
LS_0x5d027e5ba290_0_0 .concat [ 1 10 1 8], L_0x77ad6589e0f0, L_0x5d027e5ba110, L_0x5d027e5b9e60, L_0x5d027e5b9cf0;
LS_0x5d027e5ba290_0_4 .concat [ 12 0 0 0], L_0x5d027e5b9c00;
L_0x5d027e5ba290 .concat [ 20 12 0 0], LS_0x5d027e5ba290_0_0, LS_0x5d027e5ba290_0_4;
L_0x5d027e5ba4e0 .part v0x5d027e59e3b0_0, 0, 5;
L_0x5d027e5ba6c0 .cmp/eq 5, L_0x5d027e5ba4e0, L_0x77ad6589e138;
L_0x5d027e5ba800 .part v0x5d027e59e3b0_0, 0, 5;
L_0x5d027e5ba9a0 .cmp/eq 5, L_0x5d027e5ba800, L_0x77ad6589e180;
L_0x5d027e5baae0 .part v0x5d027e59e3b0_0, 0, 5;
L_0x5d027e5bac90 .cmp/eq 5, L_0x5d027e5baae0, L_0x77ad6589e1c8;
L_0x5d027e5badd0 .part v0x5d027e59e3b0_0, 0, 5;
L_0x5d027e5baf90 .cmp/eq 5, L_0x5d027e5badd0, L_0x77ad6589e210;
L_0x5d027e5bb0d0 .part v0x5d027e59e3b0_0, 0, 5;
L_0x5d027e5bae70 .cmp/eq 5, L_0x5d027e5bb0d0, L_0x77ad6589e258;
L_0x5d027e5bb2a0 .part v0x5d027e59e3b0_0, 1, 1;
L_0x5d027e5bb480 .part v0x5d027e59e3b0_0, 0, 5;
L_0x5d027e5bb550 .cmp/eq 5, L_0x5d027e5bb480, L_0x77ad6589e2a0;
L_0x5d027e5bb810 .part v0x5d027e59e3b0_0, 0, 5;
L_0x5d027e5bb8b0 .cmp/eq 5, L_0x5d027e5bb810, L_0x77ad6589e2e8;
L_0x5d027e5bbb80 .part v0x5d027e59e3b0_0, 0, 5;
L_0x5d027e5bbc20 .cmp/eq 5, L_0x5d027e5bbb80, L_0x77ad6589e330;
L_0x5d027e5bbf00 .part v0x5d027e59e3b0_0, 0, 5;
L_0x5d027e5bbfa0 .cmp/eq 5, L_0x5d027e5bbf00, L_0x77ad6589e378;
L_0x5d027e5bc380 .functor MUXZ 32, L_0x5d027e5b8650, v0x5d027e5a0280_0, L_0x5d027e55ac60, C4<>;
L_0x5d027e5bc4c0 .reduce/or v0x5d027e59deb0_0;
L_0x5d027e5bc720 .arith/sum 32, L_0x5d027e561e20, L_0x5d027e5bc380;
L_0x5d027e5bc8c0 .concat [ 32 1 0 0], L_0x5d027e55c0c0, L_0x77ad6589e3c0;
L_0x5d027e5bcbd0 .concat [ 32 1 0 0], L_0x5d027e561e20, L_0x77ad6589e408;
L_0x5d027e5bccc0 .arith/sum 33, L_0x5d027e5bc8c0, L_0x5d027e5bcbd0;
L_0x5d027e5bcfe0 .arith/sum 33, L_0x5d027e5bccc0, L_0x77ad6589e450;
L_0x5d027e5bd120 .part L_0x5d027e561e20, 31, 1;
L_0x5d027e5bd380 .part L_0x5d027e5bc380, 31, 1;
L_0x5d027e5bd450 .part L_0x5d027e561e20, 31, 1;
L_0x5d027e5bd6c0 .part L_0x5d027e5bcfe0, 32, 1;
L_0x5d027e5bd7b0 .functor MUXZ 1, L_0x5d027e5bd6c0, L_0x5d027e5bd450, L_0x5d027e55cab0, C4<>;
L_0x5d027e5bdb20 .part L_0x5d027e5bcfe0, 32, 1;
L_0x5d027e5bdbc0 .part L_0x5d027e5bcfe0, 0, 32;
L_0x5d027e5bdee0 .cmp/eq 32, L_0x5d027e5bdbc0, L_0x77ad6589e498;
L_0x5d027e5be000 .part L_0x5d027e5a7ca0, 0, 1;
L_0x5d027e5be2f0 .part v0x5d027e59e3b0_0, 28, 1;
L_0x5d027e5be390 .part v0x5d027e59e3b0_0, 3, 1;
L_0x5d027e5be750 .part L_0x5d027e5bcfe0, 0, 32;
L_0x5d027e5be7f0 .functor MUXZ 32, L_0x5d027e5bc720, L_0x5d027e5be750, L_0x5d027e4a2950, C4<>;
L_0x5d027e5beba0 .functor MUXZ 32, L_0x77ad6589e4e0, L_0x5d027e5be7f0, L_0x5d027e5be000, C4<>;
L_0x5d027e5bed30 .part L_0x5d027e5a7ca0, 2, 1;
L_0x5d027e5bf000 .concat [ 1 31 0 0], L_0x5d027e5bd7b0, L_0x77ad6589e528;
L_0x5d027e5bf140 .functor MUXZ 32, L_0x77ad6589e570, L_0x5d027e5bf000, L_0x5d027e5bed30, C4<>;
L_0x5d027e5bf5b0 .part L_0x5d027e5a7ca0, 3, 1;
L_0x5d027e5bf650 .concat [ 1 31 0 0], L_0x5d027e5bdb20, L_0x77ad6589e5b8;
L_0x5d027e5bf990 .functor MUXZ 32, L_0x77ad6589e600, L_0x5d027e5bf650, L_0x5d027e5bf5b0, C4<>;
L_0x5d027e5bfc80 .part L_0x5d027e5a7ca0, 4, 1;
L_0x5d027e5bfff0 .functor MUXZ 32, L_0x77ad6589e648, L_0x5d027e5bff80, L_0x5d027e5bfc80, C4<>;
L_0x5d027e5c02f0 .part L_0x5d027e5a7ca0, 6, 1;
L_0x5d027e5c0670 .functor MUXZ 32, L_0x77ad6589e690, L_0x5d027e5c0600, L_0x5d027e5c02f0, C4<>;
L_0x5d027e5c0930 .part L_0x5d027e5a7ca0, 7, 1;
L_0x5d027e5c0cc0 .functor MUXZ 32, L_0x77ad6589e6d8, L_0x5d027e5c0c50, L_0x5d027e5c0930, C4<>;
L_0x5d027e5c0fe0 .functor MUXZ 32, L_0x77ad6589e720, v0x5d027e59ddd0_0, L_0x5d027e5c18f0, C4<>;
L_0x5d027e5c1400 .part L_0x5d027e5a7ca0, 1, 1;
L_0x5d027e5c15b0 .part L_0x5d027e5a7ca0, 5, 1;
L_0x5d027e5c1ae0 .part L_0x5d027e5a7ca0, 0, 1;
L_0x5d027e5c1c90 .part L_0x5d027e5a7ca0, 1, 1;
L_0x5d027e5c1fe0 .reduce/nor L_0x5d027e5bdee0;
L_0x5d027e5c2340 .part L_0x5d027e5a7ca0, 4, 1;
L_0x5d027e5c2190 .part L_0x5d027e5a7ca0, 5, 1;
L_0x5d027e5c2920 .reduce/nor L_0x5d027e5bd7b0;
L_0x5d027e5c2f20 .part L_0x5d027e5a7ca0, 6, 1;
L_0x5d027e5c3260 .part L_0x5d027e5a7ca0, 7, 1;
L_0x5d027e5c35e0 .reduce/nor L_0x5d027e5bdb20;
L_0x5d027e5c3930 .arith/sum 24, v0x5d027e5902a0_0, L_0x77ad6589e768;
L_0x5d027e5c3d80 .part v0x5d027e59e3b0_0, 1, 1;
L_0x5d027e5c3e20 .part L_0x5d027e5ba290, 0, 24;
L_0x5d027e5c4210 .part v0x5d027e59e3b0_0, 2, 1;
L_0x5d027e5c42b0 .part L_0x5d027e5b7f90, 0, 24;
L_0x5d027e5c46b0 .part L_0x5d027e5b9610, 0, 24;
L_0x5d027e5c47a0 .functor MUXZ 24, L_0x5d027e5c46b0, L_0x5d027e5c42b0, L_0x5d027e5c4210, C4<>;
L_0x5d027e5c4c50 .functor MUXZ 24, L_0x5d027e5c47a0, L_0x5d027e5c3e20, L_0x5d027e5c3d80, C4<>;
L_0x5d027e5c4de0 .arith/sum 24, v0x5d027e5902a0_0, L_0x5d027e5c4c50;
L_0x5d027e5c5250 .part v0x5d027e5a01a0_0, 0, 24;
L_0x5d027e5c5340 .part v0x5d027e59e3b0_0, 3, 1;
L_0x5d027e5c5720 .part L_0x5d027e5b8de0, 0, 24;
L_0x5d027e5c5810 .part L_0x5d027e5b8650, 0, 24;
L_0x5d027e5c5c00 .functor MUXZ 24, L_0x5d027e5c5810, L_0x5d027e5c5720, L_0x5d027e5c5340, C4<>;
L_0x5d027e5c5d90 .arith/sum 24, L_0x5d027e5c5250, L_0x5d027e5c5c00;
L_0x5d027e5c6230 .part v0x5d027e5a0360_0, 1, 1;
L_0x5d027e5c62d0 .part v0x5d027e5a0360_0, 0, 1;
L_0x5d027e5c68c0 .concat [ 24 8 0 0], v0x5d027e5902a0_0, L_0x77ad6589e7b0;
L_0x5d027e5c69b0 .concat [ 24 8 0 0], L_0x5d027e5c5d90, L_0x77ad6589e7f8;
L_0x5d027e5c6e70 .functor MUXZ 32, L_0x5d027e5c69b0, L_0x5d027e5c68c0, L_0x5d027e5c39d0, C4<>;
L_0x5d027e5c7000 .functor MUXZ 32, L_0x77ad6589e840, v0x5d027e59e110_0, L_0x5d027e5bae70, C4<>;
L_0x5d027e5c74d0 .functor MUXZ 32, L_0x77ad6589e888, L_0x5d027e5b7f90, L_0x5d027e5bb8b0, C4<>;
L_0x5d027e5c7720 .functor MUXZ 32, L_0x77ad6589e8d0, L_0x5d027e5c08c0, L_0x5d027e576ff0, C4<>;
L_0x5d027e5c7e60 .concat [ 24 8 0 0], L_0x5d027e5c4de0, L_0x77ad6589e918;
L_0x5d027e5c7fa0 .functor MUXZ 32, L_0x77ad6589e960, L_0x5d027e5c7e60, L_0x5d027e5bbc20, C4<>;
L_0x5d027e5c8810 .concat [ 24 8 0 0], L_0x5d027e5c3930, L_0x77ad6589e9a8;
L_0x5d027e5c8950 .functor MUXZ 32, L_0x77ad6589e9f0, L_0x5d027e5c8810, L_0x5d027e5c85f0, C4<>;
L_0x5d027e5c8fb0 .functor MUXZ 32, L_0x77ad6589ea38, L_0x5d027e5cb370, L_0x5d027e5ba6c0, C4<>;
L_0x5d027e5c9320 .part v0x5d027e59e3b0_0, 10, 2;
L_0x5d027e5c9790 .cmp/eq 2, L_0x5d027e5c9320, L_0x77ad6589ea80;
L_0x5d027e5c98d0 .part v0x5d027e59e3b0_0, 10, 2;
L_0x5d027e5c9d50 .cmp/eq 2, L_0x5d027e5c98d0, L_0x77ad6589eac8;
L_0x5d027e5c9e90 .part v0x5d027e59e3b0_0, 12, 1;
L_0x5d027e5ca320 .reduce/nor L_0x5d027e5c9e90;
L_0x5d027e5ca410 .part L_0x5d027e5cbd60, 7, 1;
L_0x5d027e5ca8b0 .part L_0x5d027e5cb910, 15, 1;
L_0x5d027e5ca950 .functor MUXZ 1, L_0x5d027e5ca8b0, L_0x5d027e5ca410, L_0x5d027e5c9790, C4<>;
LS_0x5d027e5cb000_0_0 .concat [ 1 1 1 1], L_0x5d027e5caef0, L_0x5d027e5caef0, L_0x5d027e5caef0, L_0x5d027e5caef0;
LS_0x5d027e5cb000_0_4 .concat [ 1 1 1 1], L_0x5d027e5caef0, L_0x5d027e5caef0, L_0x5d027e5caef0, L_0x5d027e5caef0;
LS_0x5d027e5cb000_0_8 .concat [ 1 1 1 1], L_0x5d027e5caef0, L_0x5d027e5caef0, L_0x5d027e5caef0, L_0x5d027e5caef0;
LS_0x5d027e5cb000_0_12 .concat [ 1 1 1 1], L_0x5d027e5caef0, L_0x5d027e5caef0, L_0x5d027e5caef0, L_0x5d027e5caef0;
LS_0x5d027e5cb000_0_16 .concat [ 1 1 1 1], L_0x5d027e5caef0, L_0x5d027e5caef0, L_0x5d027e5caef0, L_0x5d027e5caef0;
LS_0x5d027e5cb000_0_20 .concat [ 1 1 1 1], L_0x5d027e5caef0, L_0x5d027e5caef0, L_0x5d027e5caef0, L_0x5d027e5caef0;
LS_0x5d027e5cb000_1_0 .concat [ 4 4 4 4], LS_0x5d027e5cb000_0_0, LS_0x5d027e5cb000_0_4, LS_0x5d027e5cb000_0_8, LS_0x5d027e5cb000_0_12;
LS_0x5d027e5cb000_1_4 .concat [ 4 4 0 0], LS_0x5d027e5cb000_0_16, LS_0x5d027e5cb000_0_20;
L_0x5d027e5cb000 .concat [ 16 8 0 0], LS_0x5d027e5cb000_1_0, LS_0x5d027e5cb000_1_4;
L_0x5d027e5cb0f0 .concat [ 8 24 0 0], L_0x5d027e5cbd60, L_0x5d027e5cb000;
LS_0x5d027e5cb600_0_0 .concat [ 1 1 1 1], L_0x5d027e5caef0, L_0x5d027e5caef0, L_0x5d027e5caef0, L_0x5d027e5caef0;
LS_0x5d027e5cb600_0_4 .concat [ 1 1 1 1], L_0x5d027e5caef0, L_0x5d027e5caef0, L_0x5d027e5caef0, L_0x5d027e5caef0;
LS_0x5d027e5cb600_0_8 .concat [ 1 1 1 1], L_0x5d027e5caef0, L_0x5d027e5caef0, L_0x5d027e5caef0, L_0x5d027e5caef0;
LS_0x5d027e5cb600_0_12 .concat [ 1 1 1 1], L_0x5d027e5caef0, L_0x5d027e5caef0, L_0x5d027e5caef0, L_0x5d027e5caef0;
L_0x5d027e5cb600 .concat [ 4 4 4 4], LS_0x5d027e5cb600_0_0, LS_0x5d027e5cb600_0_4, LS_0x5d027e5cb600_0_8, LS_0x5d027e5cb600_0_12;
L_0x5d027e5cb6a0 .concat [ 16 16 0 0], L_0x5d027e5cb910, L_0x5d027e5cb600;
L_0x5d027e5cb1e0 .functor MUXZ 32, v0x5d027e5a6d10_0, L_0x5d027e5cb6a0, L_0x5d027e5c9d50, C4<>;
L_0x5d027e5cb370 .functor MUXZ 32, L_0x5d027e5cb1e0, L_0x5d027e5cb0f0, L_0x5d027e5c9790, C4<>;
L_0x5d027e5cb500 .part L_0x5d027e5c5d90, 1, 1;
L_0x5d027e5cbc20 .part v0x5d027e5a6d10_0, 16, 16;
L_0x5d027e5cb7e0 .part v0x5d027e5a6d10_0, 0, 16;
L_0x5d027e5cb910 .functor MUXZ 16, L_0x5d027e5cb7e0, L_0x5d027e5cbc20, L_0x5d027e5cb500, C4<>;
L_0x5d027e5cba50 .part L_0x5d027e5c5d90, 0, 1;
L_0x5d027e5cbb80 .part L_0x5d027e5cb910, 8, 8;
L_0x5d027e5cbcc0 .part L_0x5d027e5cb910, 0, 8;
L_0x5d027e5cbd60 .functor MUXZ 8, L_0x5d027e5cbcc0, L_0x5d027e5cbb80, L_0x5d027e5cba50, C4<>;
L_0x5d027e5cbe50 .part v0x5d027e5a0280_0, 0, 8;
L_0x5d027e5cbf40 .part L_0x5d027e5c5d90, 0, 1;
L_0x5d027e5cbfe0 .part v0x5d027e5a0280_0, 0, 8;
L_0x5d027e5cc080 .part v0x5d027e5a0280_0, 8, 8;
L_0x5d027e5cc1b0 .functor MUXZ 8, L_0x5d027e5cc080, L_0x5d027e5cbfe0, L_0x5d027e5cbf40, C4<>;
L_0x5d027e5cc2f0 .part L_0x5d027e5c5d90, 1, 1;
L_0x5d027e5cc390 .part v0x5d027e5a0280_0, 0, 8;
L_0x5d027e5cc430 .part v0x5d027e5a0280_0, 16, 8;
L_0x5d027e5cc4d0 .functor MUXZ 8, L_0x5d027e5cc430, L_0x5d027e5cc390, L_0x5d027e5cc2f0, C4<>;
L_0x5d027e5ccb90 .concat8 [ 8 8 8 8], L_0x5d027e5cbe50, L_0x5d027e5cc1b0, L_0x5d027e5cc4d0, L_0x5d027e5cd260;
L_0x5d027e5cc6d0 .part L_0x5d027e5c5d90, 0, 1;
L_0x5d027e5cc770 .part v0x5d027e5a0280_0, 0, 8;
L_0x5d027e5cc810 .part L_0x5d027e5c5d90, 1, 1;
L_0x5d027e5cc8b0 .part v0x5d027e5a0280_0, 8, 8;
L_0x5d027e5cc950 .part v0x5d027e5a0280_0, 24, 8;
L_0x5d027e5cc9f0 .functor MUXZ 8, L_0x5d027e5cc950, L_0x5d027e5cc8b0, L_0x5d027e5cc810, C4<>;
L_0x5d027e5cd260 .functor MUXZ 8, L_0x5d027e5cc9f0, L_0x5d027e5cc770, L_0x5d027e5cc6d0, C4<>;
L_0x5d027e5cd440 .part L_0x5d027e5c5d90, 1, 1;
L_0x5d027e5ccd60 .part L_0x5d027e5c5d90, 0, 1;
L_0x5d027e5cce00 .functor MUXZ 4, L_0x77ad6589eb58, L_0x77ad6589eb10, L_0x5d027e5ccd60, C4<>;
L_0x5d027e5ccf90 .part L_0x5d027e5c5d90, 0, 1;
L_0x5d027e5cd030 .functor MUXZ 4, L_0x77ad6589ebe8, L_0x77ad6589eba0, L_0x5d027e5ccf90, C4<>;
L_0x5d027e5cd1c0 .functor MUXZ 4, L_0x5d027e5cd030, L_0x5d027e5cce00, L_0x5d027e5cd440, C4<>;
L_0x5d027e5cdb00 .part L_0x5d027e5c5d90, 1, 1;
L_0x5d027e5cd4e0 .functor MUXZ 4, L_0x77ad6589ec78, L_0x77ad6589ec30, L_0x5d027e5cdb00, C4<>;
L_0x5d027e5cd670 .functor MUXZ 4, L_0x77ad6589ecc0, L_0x5d027e5cd4e0, L_0x5d027e5c9d50, C4<>;
L_0x5d027e5cd7b0 .functor MUXZ 4, L_0x5d027e5cd670, L_0x5d027e5cd1c0, L_0x5d027e5c9790, C4<>;
L_0x5d027e5c9250 .part v0x5d027e5a0360_0, 2, 1;
L_0x5d027e5cdba0 .part v0x5d027e5a0360_0, 3, 1;
L_0x5d027e5cdf50 .part v0x5d027e5a0360_0, 2, 1;
L_0x5d027e5ce8e0 .part v0x5d027e5a0360_0, 0, 1;
L_0x5d027e5ceae0 .part v0x5d027e5a0360_0, 2, 1;
L_0x5d027e5ce440 .concat [ 1 1 1 1], L_0x5d027e5ce220, L_0x5d027e5ce220, L_0x5d027e5ce220, L_0x5d027e5ce220;
L_0x5d027e5ce6d0 .part v0x5d027e5a0360_0, 2, 1;
S_0x5d027e5a0720 .scope module, "RAM" "bram" 3 29, 5 3 0, S_0x5d027e58ef10;
 .timescale 0 0;
    .port_info 0 /INPUT 1 "clk";
    .port_info 1 /INPUT 32 "mem_addr";
    .port_info 2 /OUTPUT 32 "mem_rdata";
    .port_info 3 /INPUT 1 "mem_rstrb";
    .port_info 4 /INPUT 32 "mem_wdata";
    .port_info 5 /INPUT 4 "mem_wmask";
v0x5d027e5a0970 .array "MEM", 4095 0, 31 0;
v0x5d027e5a0a30_0 .net "clk", 0 0, v0x5d027e5a7510_0;  alias, 1 drivers
v0x5d027e5a0af0_0 .net "mem_addr", 31 0, L_0x5d027e5c6e70;  alias, 1 drivers
v0x5d027e5a0bf0_0 .var "mem_rdata", 31 0;
v0x5d027e5a0c90_0 .net "mem_rstrb", 0 0, L_0x5d027e5cfea0;  1 drivers
v0x5d027e5a0d80_0 .net "mem_wdata", 31 0, L_0x5d027e5ccb90;  alias, 1 drivers
v0x5d027e5a0e40_0 .net "mem_wmask", 3 0, L_0x5d027e5d0170;  1 drivers
v0x5d027e5a0f00_0 .net "word_addr", 29 0, L_0x5d027e5cfcd0;  1 drivers
L_0x5d027e5cfcd0 .part L_0x5d027e5c6e70, 2, 30;
S_0x5d027e5a10a0 .scope module, "mult1" "peripheral_mult" 3 62, 6 1 0, S_0x5d027e58ef10;
 .timescale 0 0;
    .port_info 0 /INPUT 1 "clk";
    .port_info 1 /INPUT 1 "reset";
    .port_info 2 /INPUT 16 "d_in";
    .port_info 3 /INPUT 1 "cs";
    .port_info 4 /INPUT 5 "addr";
    .port_info 5 /INPUT 1 "rd";
    .port_info 6 /INPUT 1 "wr";
    .port_info 7 /OUTPUT 32 "d_out";
v0x5d027e5a2780_0 .var "A", 15 0;
v0x5d027e5a2860_0 .var "B", 15 0;
v0x5d027e5a2900_0 .net "addr", 4 0, L_0x5d027e5d0c10;  1 drivers
v0x5d027e5a29d0_0 .net "clk", 0 0, v0x5d027e5a7510_0;  alias, 1 drivers
v0x5d027e5a2a70_0 .net "cs", 0 0, L_0x5d027e5d0a80;  1 drivers
v0x5d027e5a2b30_0 .net "d_in", 15 0, L_0x5d027e5d09e0;  1 drivers
v0x5d027e5a2c10_0 .var "d_out", 31 0;
v0x5d027e5a2cf0_0 .net "done", 0 0, v0x5d027e5a1f70_0;  1 drivers
v0x5d027e5a2d90_0 .var "init", 0 0;
v0x5d027e5a2e60_0 .net "rd", 0 0, L_0x5d027e5cfc60;  alias, 1 drivers
v0x5d027e5a2f00_0 .net "reset", 0 0, L_0x5d027e5d0810;  1 drivers
v0x5d027e5a2fd0_0 .net "result", 31 0, v0x5d027e5a23c0_0;  1 drivers
v0x5d027e5a30a0_0 .var "s", 4 0;
v0x5d027e5a3140_0 .net "wr", 0 0, L_0x5d027e5cfbc0;  alias, 1 drivers
E_0x5d027e57e2f0 .event anyedge, v0x5d027e5a2a70_0, v0x5d027e5a2900_0;
S_0x5d027e5a13f0 .scope module, "mult1" "mult" 6 70, 7 1 0, S_0x5d027e5a10a0;
 .timescale 0 0;
    .port_info 0 /INPUT 1 "reset";
    .port_info 1 /INPUT 1 "clk";
    .port_info 2 /INPUT 1 "init";
    .port_info 3 /OUTPUT 1 "done";
    .port_info 4 /OUTPUT 32 "result";
    .port_info 5 /INPUT 16 "op_A";
    .port_info 6 /INPUT 16 "op_B";
P_0x5d027e5a15f0 .param/l "ADD" 0 7 16, C4<011>;
P_0x5d027e5a1630 .param/l "CHECK" 0 7 14, C4<001>;
P_0x5d027e5a1670 .param/l "END" 0 7 17, C4<100>;
P_0x5d027e5a16b0 .param/l "SHIFT" 0 7 15, C4<010>;
P_0x5d027e5a16f0 .param/l "START" 0 7 13, C4<000>;
P_0x5d027e5a1730 .param/l "START1" 0 7 18, C4<101>;
v0x5d027e5a1bb0_0 .var "A", 15 0;
v0x5d027e5a1cb0_0 .var "B", 15 0;
v0x5d027e5a1d90_0 .net "clk", 0 0, v0x5d027e5a7510_0;  alias, 1 drivers
v0x5d027e5a1eb0_0 .var "count", 4 0;
v0x5d027e5a1f70_0 .var "done", 0 0;
v0x5d027e5a2080_0 .net "init", 0 0, v0x5d027e5a2d90_0;  1 drivers
v0x5d027e5a2140_0 .net "op_A", 15 0, v0x5d027e5a2780_0;  1 drivers
v0x5d027e5a2220_0 .net "op_B", 15 0, v0x5d027e5a2860_0;  1 drivers
v0x5d027e5a2300_0 .net "reset", 0 0, L_0x5d027e5d0810;  alias, 1 drivers
v0x5d027e5a23c0_0 .var "result", 31 0;
v0x5d027e5a24a0_0 .var "state", 2 0;
v0x5d027e5a2580_0 .var "state_name", 320 1;
E_0x5d027e5a1af0 .event anyedge, v0x5d027e5a24a0_0;
E_0x5d027e5a1b50 .event posedge, v0x5d027e5a2300_0, v0x5d027e59e050_0;
S_0x5d027e5a3300 .scope module, "per_uart" "peripheral_uart" 3 48, 8 1 0, S_0x5d027e58ef10;
 .timescale 0 0;
    .port_info 0 /INPUT 1 "clk";
    .port_info 1 /INPUT 1 "rst";
    .port_info 2 /INPUT 32 "d_in";
    .port_info 3 /INPUT 1 "cs";
    .port_info 4 /INPUT 5 "addr";
    .port_info 5 /INPUT 1 "rd";
    .port_info 6 /INPUT 1 "wr";
    .port_info 7 /OUTPUT 32 "d_out";
    .port_info 8 /OUTPUT 1 "uart_tx";
    .port_info 9 /INPUT 1 "uart_rx";
    .port_info 10 /OUTPUT 1 "ledout";
P_0x5d027e57ad90 .param/l "baud" 0 8 3, +C4<00000000000000011100001000000000>;
P_0x5d027e57add0 .param/l "clk_freq" 0 8 2, +C4<00000001111111001010000001010101>;
v0x5d027e5a5140_0 .net "addr", 4 0, L_0x5d027e5d0770;  1 drivers
v0x5d027e5a5240_0 .net "clk", 0 0, v0x5d027e5a7510_0;  alias, 1 drivers
v0x5d027e5a5300_0 .net "cs", 0 0, L_0x5d027e5d06d0;  1 drivers
v0x5d027e5a53a0_0 .net "d_in", 31 0, L_0x5d027e5ccb90;  alias, 1 drivers
v0x5d027e5a5440_0 .var "d_in_uart", 7 0;
v0x5d027e5a5550_0 .var "d_out", 31 0;
v0x5d027e5a5610_0 .var "ledout", 0 0;
v0x5d027e5a56d0_0 .net "rd", 0 0, L_0x5d027e5cfc60;  alias, 1 drivers
v0x5d027e5a5770_0 .net "rst", 0 0, L_0x5d027e5d05e0;  1 drivers
v0x5d027e5a5840_0 .net "rx_avail", 0 0, v0x5d027e5a40b0_0;  1 drivers
v0x5d027e5a5910_0 .net "rx_data", 7 0, v0x5d027e5a43f0_0;  1 drivers
v0x5d027e5a59e0_0 .net "rx_error", 0 0, v0x5d027e5a44d0_0;  1 drivers
v0x5d027e5a5ab0_0 .var "s", 1 0;
v0x5d027e5a5b50_0 .net "tx_busy", 0 0, v0x5d027e5a4750_0;  1 drivers
v0x5d027e5a5c20_0 .var "uart_ctrl", 7 0;
v0x5d027e5a5cc0_0 .net "uart_rx", 0 0, v0x5d027e5a77d0_0;  alias, 1 drivers
v0x5d027e5a5d90_0 .net "uart_tx", 0 0, v0x5d027e5a4ec0_0;  alias, 1 drivers
v0x5d027e5a5f70_0 .net "wr", 0 0, L_0x5d027e5cfbc0;  alias, 1 drivers
E_0x5d027e57e130 .event anyedge, v0x5d027e5a5140_0, v0x5d027e5a5300_0;
L_0x5d027e5d0450 .part v0x5d027e5a5c20_0, 1, 1;
L_0x5d027e5d04f0 .part v0x5d027e5a5c20_0, 0, 1;
S_0x5d027e5a35d0 .scope module, "uart0" "uart" 8 56, 9 5 0, S_0x5d027e5a3300;
 .timescale 0 0;
    .port_info 0 /INPUT 1 "reset";
    .port_info 1 /INPUT 1 "clk";
    .port_info 2 /INPUT 1 "uart_rxd";
    .port_info 3 /OUTPUT 1 "uart_txd";
    .port_info 4 /OUTPUT 8 "rx_data";
    .port_info 5 /OUTPUT 1 "rx_avail";
    .port_info 6 /OUTPUT 1 "rx_error";
    .port_info 7 /INPUT 1 "rx_ack";
    .port_info 8 /INPUT 8 "tx_data";
    .port_info 9 /INPUT 1 "tx_wr";
    .port_info 10 /OUTPUT 1 "tx_busy";
P_0x5d027e5a37d0 .param/l "baud" 0 9 7, +C4<00000000000000011100001000000000>;
P_0x5d027e5a3810 .param/l "divisor" 1 9 24, +C4<00000000000000000000000000010010>;
P_0x5d027e5a3850 .param/l "freq_hz" 0 9 6, +C4<00000001111111001010000001010101>;
v0x5d027e5a3a20_0 .net *"_ivl_0", 31 0, L_0x5d027e5d0270;  1 drivers
L_0x77ad6589ed98 .functor BUFT 1, C4<0000000000000000>, C4<0>, C4<0>, C4<0>;
v0x5d027e5a3b20_0 .net *"_ivl_3", 15 0, L_0x77ad6589ed98;  1 drivers
L_0x77ad6589ede0 .functor BUFT 1, C4<00000000000000000000000000000000>, C4<0>, C4<0>, C4<0>;
v0x5d027e5a3c00_0 .net/2u *"_ivl_4", 31 0, L_0x77ad6589ede0;  1 drivers
v0x5d027e5a3cf0_0 .net "clk", 0 0, v0x5d027e5a7510_0;  alias, 1 drivers
v0x5d027e5a3d90_0 .net "enable16", 0 0, L_0x5d027e5d0310;  1 drivers
v0x5d027e5a3e50_0 .var "enable16_counter", 15 0;
v0x5d027e5a3f30_0 .net "reset", 0 0, L_0x5d027e5d05e0;  alias, 1 drivers
v0x5d027e5a3ff0_0 .net "rx_ack", 0 0, L_0x5d027e5d0450;  1 drivers
v0x5d027e5a40b0_0 .var "rx_avail", 0 0;
v0x5d027e5a4170_0 .var "rx_bitcount", 3 0;
v0x5d027e5a4250_0 .var "rx_busy", 0 0;
v0x5d027e5a4310_0 .var "rx_count16", 3 0;
v0x5d027e5a43f0_0 .var "rx_data", 7 0;
v0x5d027e5a44d0_0 .var "rx_error", 0 0;
v0x5d027e5a4590_0 .var "rxd_reg", 7 0;
v0x5d027e5a4670_0 .var "tx_bitcount", 3 0;
v0x5d027e5a4750_0 .var "tx_busy", 0 0;
v0x5d027e5a4920_0 .var "tx_count16", 3 0;
v0x5d027e5a4a00_0 .net "tx_data", 7 0, v0x5d027e5a5440_0;  1 drivers
v0x5d027e5a4ae0_0 .net "tx_wr", 0 0, L_0x5d027e5d04f0;  1 drivers
v0x5d027e5a4ba0_0 .var "txd_reg", 7 0;
v0x5d027e5a4c80_0 .net "uart_rxd", 0 0, v0x5d027e5a77d0_0;  alias, 1 drivers
v0x5d027e5a4d40_0 .var "uart_rxd1", 0 0;
v0x5d027e5a4e00_0 .var "uart_rxd2", 0 0;
v0x5d027e5a4ec0_0 .var "uart_txd", 0 0;
L_0x5d027e5d0270 .concat [ 16 16 0 0], v0x5d027e5a3e50_0, L_0x77ad6589ed98;
L_0x5d027e5d0310 .cmp/eq 32, L_0x5d027e5d0270, L_0x77ad6589ede0;
    .scope S_0x5d027e58f200;
T_1 ;
    %wait E_0x5d027e485810;
    %load/vec4 v0x5d027e5a0460_0;
    %flag_set/vec4 8;
    %jmp/0xz  T_1.0, 8;
    %load/vec4 v0x5d027e59ff40_0;
    %pad/u 32;
    %cmpi/ne 0, 0, 32;
    %jmp/0xz  T_1.2, 4;
    %load/vec4 v0x5d027e5a0520_0;
    %load/vec4 v0x5d027e59ff40_0;
    %pad/u 7;
    %ix/vec4 3;
    %ix/load 4, 0, 0; Constant delay
    %assign/vec4/a/d v0x5d027e5a0020, 0, 4;
T_1.2 ;
T_1.0 ;
    %jmp T_1;
    .thread T_1;
    .scope S_0x5d027e58f200;
T_2 ;
    %wait E_0x5d027e485810;
    %load/vec4 v0x5d027e59df90_0;
    %flag_set/vec4 8;
    %jmp/0xz  T_2.0, 8;
    %load/vec4 v0x5d027e59e2f0_0;
    %flag_set/vec4 8;
    %jmp/0xz  T_2.2, 8;
    %load/vec4 v0x5d027e59d970_0;
    %assign/vec4 v0x5d027e59ddd0_0, 0;
    %load/vec4 v0x5d027e59da50_0;
    %parti/s 5, 0, 2;
    %assign/vec4 v0x5d027e59deb0_0, 0;
T_2.2 ;
T_2.0 ;
    %load/vec4 v0x5d027e59deb0_0;
    %or/r;
    %flag_set/vec4 8;
    %jmp/0xz  T_2.4, 8;
    %load/vec4 v0x5d027e59deb0_0;
    %subi 1, 0, 5;
    %assign/vec4 v0x5d027e59deb0_0, 0;
    %load/vec4 v0x5d027e59e1f0_0;
    %parti/s 1, 1, 2;
    %flag_set/vec4 8;
    %jmp/0 T_2.6, 8;
    %load/vec4 v0x5d027e59ddd0_0;
    %ix/load 4, 1, 0;
    %flag_set/imm 4, 0;
    %shiftl 4;
    %jmp/1 T_2.7, 8;
T_2.6 ; End of true expr.
    %load/vec4 v0x5d027e59e3b0_0;
    %parti/s 1, 28, 6;
    %load/vec4 v0x5d027e59ddd0_0;
    %parti/s 1, 31, 6;
    %and;
    %load/vec4 v0x5d027e59ddd0_0;
    %parti/s 31, 1, 2;
    %concat/vec4; draw_concat_vec4
    %jmp/0 T_2.7, 8;
 ; End of false expr.
    %blend;
T_2.7;
    %assign/vec4 v0x5d027e59ddd0_0, 0;
T_2.4 ;
    %jmp T_2;
    .thread T_2;
    .scope S_0x5d027e58f200;
T_3 ;
    %wait E_0x5d027e485810;
    %load/vec4 v0x5d027e5a00e0_0;
    %nor/r;
    %flag_set/vec4 8;
    %jmp/0xz  T_3.0, 8;
    %pushi/vec4 8, 0, 4;
    %assign/vec4 v0x5d027e5a0360_0, 0;
    %pushi/vec4 0, 0, 24;
    %assign/vec4 v0x5d027e5902a0_0, 0;
    %jmp T_3.1;
T_3.0 ;
    %pushi/vec4 1, 0, 1;
    %dup/vec4;
    %load/vec4 v0x5d027e5a0360_0;
    %parti/s 1, 1, 2;
    %cmp/u;
    %jmp/1 T_3.2, 6;
    %dup/vec4;
    %load/vec4 v0x5d027e5a0360_0;
    %parti/s 1, 2, 3;
    %cmp/u;
    %jmp/1 T_3.3, 6;
    %dup/vec4;
    %load/vec4 v0x5d027e5a0360_0;
    %parti/s 1, 3, 3;
    %cmp/u;
    %jmp/1 T_3.4, 6;
    %pushi/vec4 2, 0, 4;
    %assign/vec4 v0x5d027e5a0360_0, 0;
    %jmp T_3.6;
T_3.2 ;
    %load/vec4 v0x5d027e59f8e0_0;
    %nor/r;
    %flag_set/vec4 8;
    %jmp/0xz  T_3.7, 8;
    %load/vec4 v0x5d027e59f9a0_0;
    %parti/s 5, 15, 5;
    %pad/u 7;
    %ix/vec4 4;
    %load/vec4a v0x5d027e5a0020, 4;
    %assign/vec4 v0x5d027e5a01a0_0, 0;
    %load/vec4 v0x5d027e59f9a0_0;
    %parti/s 5, 20, 6;
    %pad/u 7;
    %ix/vec4 4;
    %load/vec4a v0x5d027e5a0020, 4;
    %assign/vec4 v0x5d027e5a0280_0, 0;
    %load/vec4 v0x5d027e59f9a0_0;
    %parti/s 30, 2, 3;
    %assign/vec4 v0x5d027e59e3b0_0, 0;
    %pushi/vec4 4, 0, 4;
    %assign/vec4 v0x5d027e5a0360_0, 0;
T_3.7 ;
    %jmp T_3.6;
T_3.3 ;
    %load/vec4 v0x5d027e5971e0_0;
    %flag_set/vec4 8;
    %jmp/0 T_3.9, 8;
    %load/vec4 v0x5d027e59dcf0_0;
    %parti/s 23, 1, 2;
    %concati/vec4 0, 0, 1;
    %jmp/1 T_3.10, 8;
T_3.9 ; End of true expr.
    %load/vec4 v0x5d027e5975a0_0;
    %flag_set/vec4 9;
    %jmp/0 T_3.11, 9;
    %load/vec4 v0x5d027e590460_0;
    %jmp/1 T_3.12, 9;
T_3.11 ; End of true expr.
    %load/vec4 v0x5d027e590380_0;
    %jmp/0 T_3.12, 9;
 ; End of false expr.
    %blend;
T_3.12;
    %jmp/0 T_3.10, 8;
 ; End of false expr.
    %blend;
T_3.10;
    %assign/vec4 v0x5d027e5902a0_0, 0;
    %load/vec4 v0x5d027e59fdc0_0;
    %flag_set/vec4 8;
    %jmp/0 T_3.13, 8;
    %pushi/vec4 8, 0, 35;
    %jmp/1 T_3.14, 8;
T_3.13 ; End of true expr.
    %pushi/vec4 1, 0, 35;
    %jmp/0 T_3.14, 8;
 ; End of false expr.
    %blend;
T_3.14;
    %pad/s 4;
    %assign/vec4 v0x5d027e5a0360_0, 0;
    %jmp T_3.6;
T_3.4 ;
    %load/vec4 v0x5d027e59d8b0_0;
    %nor/r;
    %load/vec4 v0x5d027e59f8e0_0;
    %nor/r;
    %and;
    %load/vec4 v0x5d027e59fb40_0;
    %nor/r;
    %and;
    %flag_set/vec4 8;
    %jmp/0xz  T_3.15, 8;
    %pushi/vec4 1, 0, 4;
    %assign/vec4 v0x5d027e5a0360_0, 0;
T_3.15 ;
    %jmp T_3.6;
T_3.6 ;
    %pop/vec4 1;
T_3.1 ;
    %jmp T_3;
    .thread T_3;
    .scope S_0x5d027e58f200;
T_4 ;
    %wait E_0x5d027e485810;
    %load/vec4 v0x5d027e59e110_0;
    %addi 1, 0, 32;
    %assign/vec4 v0x5d027e59e110_0, 0;
    %jmp T_4;
    .thread T_4;
    .scope S_0x5d027e58f200;
T_5 ;
    %pushi/vec4 0, 0, 32;
    %store/vec4 v0x5d027e59e110_0, 0, 32;
    %pushi/vec4 0, 0, 5;
    %store/vec4 v0x5d027e59deb0_0, 0, 5;
    %pushi/vec4 0, 0, 32;
    %ix/load 4, 0, 0;
    %flag_set/imm 4, 0;
    %store/vec4a v0x5d027e5a0020, 4, 0;
    %end;
    .thread T_5;
    .scope S_0x5d027e5a0720;
T_6 ;
    %vpi_call 5 15 "$readmemh", "./firmware.hex", v0x5d027e5a0970 {0 0 0};
    %end;
    .thread T_6;
    .scope S_0x5d027e5a0720;
T_7 ;
    %wait E_0x5d027e485810;
    %load/vec4 v0x5d027e5a0c90_0;
    %flag_set/vec4 8;
    %jmp/0xz  T_7.0, 8;
    %ix/getv 4, v0x5d027e5a0f00_0;
    %load/vec4a v0x5d027e5a0970, 4;
    %assign/vec4 v0x5d027e5a0bf0_0, 0;
T_7.0 ;
    %load/vec4 v0x5d027e5a0e40_0;
    %parti/s 1, 0, 2;
    %flag_set/vec4 8;
    %jmp/0xz  T_7.2, 8;
    %load/vec4 v0x5d027e5a0d80_0;
    %parti/s 8, 0, 2;
    %ix/getv 3, v0x5d027e5a0f00_0;
    %ix/load 4, 0, 0; Constant delay
    %assign/vec4/a/d v0x5d027e5a0970, 0, 4;
T_7.2 ;
    %load/vec4 v0x5d027e5a0e40_0;
    %parti/s 1, 1, 2;
    %flag_set/vec4 8;
    %jmp/0xz  T_7.4, 8;
    %load/vec4 v0x5d027e5a0d80_0;
    %parti/s 8, 8, 5;
    %ix/getv 3, v0x5d027e5a0f00_0;
    %ix/load 4, 8, 0; part off
    %ix/load 5, 0, 0; Constant delay
    %assign/vec4/a/d v0x5d027e5a0970, 4, 5;
T_7.4 ;
    %load/vec4 v0x5d027e5a0e40_0;
    %parti/s 1, 2, 3;
    %flag_set/vec4 8;
    %jmp/0xz  T_7.6, 8;
    %load/vec4 v0x5d027e5a0d80_0;
    %parti/s 8, 16, 6;
    %ix/getv 3, v0x5d027e5a0f00_0;
    %ix/load 4, 16, 0; part off
    %ix/load 5, 0, 0; Constant delay
    %assign/vec4/a/d v0x5d027e5a0970, 4, 5;
T_7.6 ;
    %load/vec4 v0x5d027e5a0e40_0;
    %parti/s 1, 3, 3;
    %flag_set/vec4 8;
    %jmp/0xz  T_7.8, 8;
    %load/vec4 v0x5d027e5a0d80_0;
    %parti/s 8, 24, 6;
    %ix/getv 3, v0x5d027e5a0f00_0;
    %ix/load 4, 24, 0; part off
    %ix/load 5, 0, 0; Constant delay
    %assign/vec4/a/d v0x5d027e5a0970, 4, 5;
T_7.8 ;
    %jmp T_7;
    .thread T_7;
    .scope S_0x5d027e5a35d0;
T_8 ;
    %wait E_0x5d027e485810;
    %load/vec4 v0x5d027e5a3f30_0;
    %flag_set/vec4 8;
    %jmp/0xz  T_8.0, 8;
    %pushi/vec4 17, 0, 16;
    %assign/vec4 v0x5d027e5a3e50_0, 0;
    %jmp T_8.1;
T_8.0 ;
    %load/vec4 v0x5d027e5a3e50_0;
    %subi 1, 0, 16;
    %assign/vec4 v0x5d027e5a3e50_0, 0;
    %load/vec4 v0x5d027e5a3e50_0;
    %pad/u 32;
    %cmpi/e 0, 0, 32;
    %jmp/0xz  T_8.2, 4;
    %pushi/vec4 17, 0, 16;
    %assign/vec4 v0x5d027e5a3e50_0, 0;
T_8.2 ;
T_8.1 ;
    %jmp T_8;
    .thread T_8;
    .scope S_0x5d027e5a35d0;
T_9 ;
    %wait E_0x5d027e485810;
    %load/vec4 v0x5d027e5a4c80_0;
    %assign/vec4 v0x5d027e5a4d40_0, 0;
    %load/vec4 v0x5d027e5a4d40_0;
    %assign/vec4 v0x5d027e5a4e00_0, 0;
    %jmp T_9;
    .thread T_9;
    .scope S_0x5d027e5a35d0;
T_10 ;
    %wait E_0x5d027e485810;
    %load/vec4 v0x5d027e5a3f30_0;
    %flag_set/vec4 8;
    %jmp/0xz  T_10.0, 8;
    %pushi/vec4 0, 0, 1;
    %assign/vec4 v0x5d027e5a4250_0, 0;
    %pushi/vec4 0, 0, 4;
    %assign/vec4 v0x5d027e5a4310_0, 0;
    %pushi/vec4 0, 0, 4;
    %assign/vec4 v0x5d027e5a4170_0, 0;
    %pushi/vec4 0, 0, 1;
    %assign/vec4 v0x5d027e5a40b0_0, 0;
    %pushi/vec4 0, 0, 1;
    %assign/vec4 v0x5d027e5a44d0_0, 0;
    %jmp T_10.1;
T_10.0 ;
    %load/vec4 v0x5d027e5a3ff0_0;
    %flag_set/vec4 8;
    %jmp/0xz  T_10.2, 8;
    %pushi/vec4 0, 0, 1;
    %assign/vec4 v0x5d027e5a40b0_0, 0;
    %pushi/vec4 0, 0, 1;
    %assign/vec4 v0x5d027e5a44d0_0, 0;
T_10.2 ;
    %load/vec4 v0x5d027e5a3d90_0;
    %flag_set/vec4 8;
    %jmp/0xz  T_10.4, 8;
    %load/vec4 v0x5d027e5a4250_0;
    %nor/r;
    %flag_set/vec4 8;
    %jmp/0xz  T_10.6, 8;
    %load/vec4 v0x5d027e5a4e00_0;
    %nor/r;
    %flag_set/vec4 8;
    %jmp/0xz  T_10.8, 8;
    %pushi/vec4 1, 0, 1;
    %assign/vec4 v0x5d027e5a4250_0, 0;
    %pushi/vec4 7, 0, 4;
    %assign/vec4 v0x5d027e5a4310_0, 0;
    %pushi/vec4 0, 0, 4;
    %assign/vec4 v0x5d027e5a4170_0, 0;
T_10.8 ;
    %jmp T_10.7;
T_10.6 ;
    %load/vec4 v0x5d027e5a4310_0;
    %addi 1, 0, 4;
    %assign/vec4 v0x5d027e5a4310_0, 0;
    %load/vec4 v0x5d027e5a4310_0;
    %pad/u 32;
    %cmpi/e 0, 0, 32;
    %jmp/0xz  T_10.10, 4;
    %load/vec4 v0x5d027e5a4170_0;
    %addi 1, 0, 4;
    %assign/vec4 v0x5d027e5a4170_0, 0;
    %load/vec4 v0x5d027e5a4170_0;
    %pad/u 32;
    %cmpi/e 0, 0, 32;
    %jmp/0xz  T_10.12, 4;
    %load/vec4 v0x5d027e5a4e00_0;
    %flag_set/vec4 8;
    %jmp/0xz  T_10.14, 8;
    %pushi/vec4 0, 0, 1;
    %assign/vec4 v0x5d027e5a4250_0, 0;
T_10.14 ;
    %jmp T_10.13;
T_10.12 ;
    %load/vec4 v0x5d027e5a4170_0;
    %pad/u 32;
    %cmpi/e 9, 0, 32;
    %jmp/0xz  T_10.16, 4;
    %pushi/vec4 0, 0, 1;
    %assign/vec4 v0x5d027e5a4250_0, 0;
    %load/vec4 v0x5d027e5a4e00_0;
    %flag_set/vec4 8;
    %jmp/0xz  T_10.18, 8;
    %load/vec4 v0x5d027e5a4590_0;
    %assign/vec4 v0x5d027e5a43f0_0, 0;
    %pushi/vec4 1, 0, 1;
    %assign/vec4 v0x5d027e5a40b0_0, 0;
    %pushi/vec4 0, 0, 1;
    %assign/vec4 v0x5d027e5a44d0_0, 0;
    %jmp T_10.19;
T_10.18 ;
    %pushi/vec4 1, 0, 1;
    %assign/vec4 v0x5d027e5a44d0_0, 0;
T_10.19 ;
    %jmp T_10.17;
T_10.16 ;
    %load/vec4 v0x5d027e5a4e00_0;
    %load/vec4 v0x5d027e5a4590_0;
    %parti/s 7, 1, 2;
    %concat/vec4; draw_concat_vec4
    %assign/vec4 v0x5d027e5a4590_0, 0;
T_10.17 ;
T_10.13 ;
T_10.10 ;
T_10.7 ;
T_10.4 ;
T_10.1 ;
    %jmp T_10;
    .thread T_10;
    .scope S_0x5d027e5a35d0;
T_11 ;
    %wait E_0x5d027e485810;
    %load/vec4 v0x5d027e5a3f30_0;
    %flag_set/vec4 8;
    %jmp/0xz  T_11.0, 8;
    %pushi/vec4 0, 0, 1;
    %assign/vec4 v0x5d027e5a4750_0, 0;
    %pushi/vec4 1, 0, 1;
    %assign/vec4 v0x5d027e5a4ec0_0, 0;
    %pushi/vec4 0, 0, 4;
    %assign/vec4 v0x5d027e5a4920_0, 0;
    %jmp T_11.1;
T_11.0 ;
    %load/vec4 v0x5d027e5a4ae0_0;
    %flag_set/vec4 9;
    %flag_get/vec4 9;
    %jmp/0 T_11.4, 9;
    %load/vec4 v0x5d027e5a4750_0;
    %nor/r;
    %and;
T_11.4;
    %flag_set/vec4 8;
    %jmp/0xz  T_11.2, 8;
    %load/vec4 v0x5d027e5a4a00_0;
    %assign/vec4 v0x5d027e5a4ba0_0, 0;
    %pushi/vec4 0, 0, 4;
    %assign/vec4 v0x5d027e5a4670_0, 0;
    %pushi/vec4 0, 0, 4;
    %assign/vec4 v0x5d027e5a4920_0, 0;
    %pushi/vec4 1, 0, 1;
    %assign/vec4 v0x5d027e5a4750_0, 0;
T_11.2 ;
    %load/vec4 v0x5d027e5a3d90_0;
    %flag_set/vec4 8;
    %jmp/0xz  T_11.5, 8;
    %load/vec4 v0x5d027e5a4920_0;
    %addi 1, 0, 4;
    %assign/vec4 v0x5d027e5a4920_0, 0;
    %load/vec4 v0x5d027e5a4920_0;
    %pad/u 32;
    %cmpi/e 0, 0, 32;
    %flag_get/vec4 4;
    %jmp/0 T_11.9, 4;
    %load/vec4 v0x5d027e5a4750_0;
    %and;
T_11.9;
    %flag_set/vec4 8;
    %jmp/0xz  T_11.7, 8;
    %load/vec4 v0x5d027e5a4670_0;
    %addi 1, 0, 4;
    %assign/vec4 v0x5d027e5a4670_0, 0;
    %load/vec4 v0x5d027e5a4670_0;
    %pad/u 32;
    %cmpi/e 0, 0, 32;
    %jmp/0xz  T_11.10, 4;
    %pushi/vec4 0, 0, 1;
    %assign/vec4 v0x5d027e5a4ec0_0, 0;
    %jmp T_11.11;
T_11.10 ;
    %load/vec4 v0x5d027e5a4670_0;
    %pad/u 32;
    %cmpi/e 9, 0, 32;
    %jmp/0xz  T_11.12, 4;
    %pushi/vec4 1, 0, 1;
    %assign/vec4 v0x5d027e5a4ec0_0, 0;
    %jmp T_11.13;
T_11.12 ;
    %load/vec4 v0x5d027e5a4670_0;
    %pad/u 32;
    %cmpi/e 10, 0, 32;
    %jmp/0xz  T_11.14, 4;
    %pushi/vec4 0, 0, 4;
    %assign/vec4 v0x5d027e5a4670_0, 0;
    %pushi/vec4 0, 0, 1;
    %assign/vec4 v0x5d027e5a4750_0, 0;
    %jmp T_11.15;
T_11.14 ;
    %load/vec4 v0x5d027e5a4ba0_0;
    %parti/s 1, 0, 2;
    %assign/vec4 v0x5d027e5a4ec0_0, 0;
    %pushi/vec4 0, 0, 1;
    %load/vec4 v0x5d027e5a4ba0_0;
    %parti/s 7, 1, 2;
    %concat/vec4; draw_concat_vec4
    %assign/vec4 v0x5d027e5a4ba0_0, 0;
T_11.15 ;
T_11.13 ;
T_11.11 ;
T_11.7 ;
T_11.5 ;
T_11.1 ;
    %jmp T_11;
    .thread T_11;
    .scope S_0x5d027e5a3300;
T_12 ;
    %pushi/vec4 0, 0, 1;
    %store/vec4 v0x5d027e5a5610_0, 0, 1;
    %pushi/vec4 0, 0, 8;
    %store/vec4 v0x5d027e5a5440_0, 0, 8;
    %pushi/vec4 0, 0, 8;
    %store/vec4 v0x5d027e5a5c20_0, 0, 8;
    %end;
    .thread T_12;
    .scope S_0x5d027e5a3300;
T_13 ;
    %wait E_0x5d027e57e130;
    %load/vec4 v0x5d027e5a5140_0;
    %dup/vec4;
    %pushi/vec4 8, 0, 5;
    %cmp/u;
    %jmp/1 T_13.0, 6;
    %dup/vec4;
    %pushi/vec4 16, 0, 5;
    %cmp/u;
    %jmp/1 T_13.1, 6;
    %pushi/vec4 0, 0, 2;
    %store/vec4 v0x5d027e5a5ab0_0, 0, 2;
    %jmp T_13.3;
T_13.0 ;
    %load/vec4 v0x5d027e5a5300_0;
    %flag_set/vec4 8;
    %jmp/0 T_13.4, 8;
    %pushi/vec4 1, 0, 2;
    %jmp/1 T_13.5, 8;
T_13.4 ; End of true expr.
    %pushi/vec4 0, 0, 2;
    %jmp/0 T_13.5, 8;
 ; End of false expr.
    %blend;
T_13.5;
    %store/vec4 v0x5d027e5a5ab0_0, 0, 2;
    %jmp T_13.3;
T_13.1 ;
    %load/vec4 v0x5d027e5a5300_0;
    %flag_set/vec4 8;
    %jmp/0 T_13.6, 8;
    %pushi/vec4 2, 0, 2;
    %jmp/1 T_13.7, 8;
T_13.6 ; End of true expr.
    %pushi/vec4 0, 0, 2;
    %jmp/0 T_13.7, 8;
 ; End of false expr.
    %blend;
T_13.7;
    %store/vec4 v0x5d027e5a5ab0_0, 0, 2;
    %jmp T_13.3;
T_13.3 ;
    %pop/vec4 1;
    %jmp T_13;
    .thread T_13, $push;
    .scope S_0x5d027e5a3300;
T_14 ;
    %wait E_0x5d027e485810;
    %load/vec4 v0x5d027e5a5ab0_0;
    %parti/s 1, 0, 2;
    %load/vec4 v0x5d027e5a5f70_0;
    %and;
    %flag_set/vec4 8;
    %jmp/0 T_14.0, 8;
    %load/vec4 v0x5d027e5a53a0_0;
    %parti/s 8, 0, 2;
    %jmp/1 T_14.1, 8;
T_14.0 ; End of true expr.
    %load/vec4 v0x5d027e5a5440_0;
    %jmp/0 T_14.1, 8;
 ; End of false expr.
    %blend;
T_14.1;
    %store/vec4 v0x5d027e5a5440_0, 0, 8;
    %load/vec4 v0x5d027e5a5ab0_0;
    %parti/s 1, 1, 2;
    %load/vec4 v0x5d027e5a5f70_0;
    %and;
    %flag_set/vec4 8;
    %jmp/0 T_14.2, 8;
    %load/vec4 v0x5d027e5a53a0_0;
    %parti/s 8, 0, 2;
    %jmp/1 T_14.3, 8;
T_14.2 ; End of true expr.
    %load/vec4 v0x5d027e5a5c20_0;
    %jmp/0 T_14.3, 8;
 ; End of false expr.
    %blend;
T_14.3;
    %store/vec4 v0x5d027e5a5c20_0, 0, 8;
    %load/vec4 v0x5d027e5a5c20_0;
    %parti/s 1, 2, 3;
    %store/vec4 v0x5d027e5a5610_0, 0, 1;
    %jmp T_14;
    .thread T_14;
    .scope S_0x5d027e5a3300;
T_15 ;
    %wait E_0x5d027e485810;
    %load/vec4 v0x5d027e5a5ab0_0;
    %dup/vec4;
    %pushi/vec4 1, 0, 2;
    %cmp/u;
    %jmp/1 T_15.0, 6;
    %dup/vec4;
    %pushi/vec4 2, 0, 2;
    %cmp/u;
    %jmp/1 T_15.1, 6;
    %pushi/vec4 0, 0, 32;
    %store/vec4 v0x5d027e5a5550_0, 0, 32;
    %jmp T_15.3;
T_15.0 ;
    %pushi/vec4 0, 0, 24;
    %load/vec4 v0x5d027e5a5910_0;
    %concat/vec4; draw_concat_vec4
    %store/vec4 v0x5d027e5a5550_0, 0, 32;
    %jmp T_15.3;
T_15.1 ;
    %pushi/vec4 0, 0, 22;
    %load/vec4 v0x5d027e5a5b50_0;
    %concat/vec4; draw_concat_vec4
    %load/vec4 v0x5d027e5a5840_0;
    %concat/vec4; draw_concat_vec4
    %load/vec4 v0x5d027e5a59e0_0;
    %concat/vec4; draw_concat_vec4
    %concati/vec4 0, 0, 7;
    %store/vec4 v0x5d027e5a5550_0, 0, 32;
    %jmp T_15.3;
T_15.3 ;
    %pop/vec4 1;
    %jmp T_15;
    .thread T_15;
    .scope S_0x5d027e5a13f0;
T_16 ;
    %pushi/vec4 0, 0, 32;
    %store/vec4 v0x5d027e5a23c0_0, 0, 32;
    %pushi/vec4 0, 0, 1;
    %store/vec4 v0x5d027e5a1f70_0, 0, 1;
    %end;
    .thread T_16;
    .scope S_0x5d027e5a13f0;
T_17 ;
    %wait E_0x5d027e5a1b50;
    %load/vec4 v0x5d027e5a2300_0;
    %flag_set/vec4 8;
    %jmp/0xz  T_17.0, 8;
    %pushi/vec4 0, 0, 1;
    %assign/vec4 v0x5d027e5a1f70_0, 0;
    %pushi/vec4 0, 0, 32;
    %assign/vec4 v0x5d027e5a23c0_0, 0;
    %pushi/vec4 0, 0, 3;
    %store/vec4 v0x5d027e5a24a0_0, 0, 3;
    %jmp T_17.1;
T_17.0 ;
    %load/vec4 v0x5d027e5a24a0_0;
    %dup/vec4;
    %pushi/vec4 0, 0, 3;
    %cmp/u;
    %jmp/1 T_17.2, 6;
    %dup/vec4;
    %pushi/vec4 5, 0, 3;
    %cmp/u;
    %jmp/1 T_17.3, 6;
    %dup/vec4;
    %pushi/vec4 1, 0, 3;
    %cmp/u;
    %jmp/1 T_17.4, 6;
    %dup/vec4;
    %pushi/vec4 2, 0, 3;
    %cmp/u;
    %jmp/1 T_17.5, 6;
    %dup/vec4;
    %pushi/vec4 3, 0, 3;
    %cmp/u;
    %jmp/1 T_17.6, 6;
    %dup/vec4;
    %pushi/vec4 4, 0, 3;
    %cmp/u;
    %jmp/1 T_17.7, 6;
    %pushi/vec4 0, 0, 3;
    %store/vec4 v0x5d027e5a24a0_0, 0, 3;
    %jmp T_17.9;
T_17.2 ;
    %pushi/vec4 0, 0, 5;
    %store/vec4 v0x5d027e5a1eb0_0, 0, 5;
    %pushi/vec4 0, 0, 1;
    %assign/vec4 v0x5d027e5a1f70_0, 0;
    %pushi/vec4 0, 0, 32;
    %store/vec4 v0x5d027e5a23c0_0, 0, 32;
    %load/vec4 v0x5d027e5a2080_0;
    %flag_set/vec4 8;
    %jmp/0xz  T_17.10, 8;
    %pushi/vec4 5, 0, 3;
    %store/vec4 v0x5d027e5a24a0_0, 0, 3;
    %jmp T_17.11;
T_17.10 ;
    %pushi/vec4 0, 0, 3;
    %store/vec4 v0x5d027e5a24a0_0, 0, 3;
T_17.11 ;
    %jmp T_17.9;
T_17.3 ;
    %load/vec4 v0x5d027e5a2140_0;
    %assign/vec4 v0x5d027e5a1bb0_0, 0;
    %load/vec4 v0x5d027e5a2220_0;
    %assign/vec4 v0x5d027e5a1cb0_0, 0;
    %pushi/vec4 0, 0, 1;
    %assign/vec4 v0x5d027e5a1f70_0, 0;
    %pushi/vec4 0, 0, 32;
    %store/vec4 v0x5d027e5a23c0_0, 0, 32;
    %pushi/vec4 1, 0, 3;
    %store/vec4 v0x5d027e5a24a0_0, 0, 3;
    %jmp T_17.9;
T_17.4 ;
    %load/vec4 v0x5d027e5a1cb0_0;
    %parti/s 1, 0, 2;
    %flag_set/vec4 8;
    %jmp/0xz  T_17.12, 8;
    %pushi/vec4 3, 0, 3;
    %store/vec4 v0x5d027e5a24a0_0, 0, 3;
    %jmp T_17.13;
T_17.12 ;
    %pushi/vec4 2, 0, 3;
    %store/vec4 v0x5d027e5a24a0_0, 0, 3;
T_17.13 ;
    %jmp T_17.9;
T_17.5 ;
    %load/vec4 v0x5d027e5a1cb0_0;
    %ix/load 4, 1, 0;
    %flag_set/imm 4, 0;
    %shiftr 4;
    %store/vec4 v0x5d027e5a1cb0_0, 0, 16;
    %load/vec4 v0x5d027e5a1bb0_0;
    %ix/load 4, 1, 0;
    %flag_set/imm 4, 0;
    %shiftl 4;
    %store/vec4 v0x5d027e5a1bb0_0, 0, 16;
    %pushi/vec4 0, 0, 1;
    %store/vec4 v0x5d027e5a1f70_0, 0, 1;
    %load/vec4 v0x5d027e5a1cb0_0;
    %pad/u 32;
    %cmpi/e 0, 0, 32;
    %jmp/0xz  T_17.14, 4;
    %pushi/vec4 4, 0, 3;
    %store/vec4 v0x5d027e5a24a0_0, 0, 3;
    %jmp T_17.15;
T_17.14 ;
    %pushi/vec4 1, 0, 3;
    %store/vec4 v0x5d027e5a24a0_0, 0, 3;
T_17.15 ;
    %jmp T_17.9;
T_17.6 ;
    %load/vec4 v0x5d027e5a23c0_0;
    %load/vec4 v0x5d027e5a1bb0_0;
    %pad/u 32;
    %add;
    %assign/vec4 v0x5d027e5a23c0_0, 0;
    %pushi/vec4 0, 0, 1;
    %store/vec4 v0x5d027e5a1f70_0, 0, 1;
    %pushi/vec4 2, 0, 3;
    %store/vec4 v0x5d027e5a24a0_0, 0, 3;
    %jmp T_17.9;
T_17.7 ;
    %pushi/vec4 1, 0, 1;
    %store/vec4 v0x5d027e5a1f70_0, 0, 1;
    %load/vec4 v0x5d027e5a1eb0_0;
    %addi 1, 0, 5;
    %store/vec4 v0x5d027e5a1eb0_0, 0, 5;
    %load/vec4 v0x5d027e5a1eb0_0;
    %pad/u 32;
    %cmpi/u 29, 0, 32;
    %flag_or 5, 4; GT is !LE
    %flag_inv 5;
    %flag_mov 8, 5;
    %jmp/0 T_17.16, 8;
    %pushi/vec4 0, 0, 3;
    %jmp/1 T_17.17, 8;
T_17.16 ; End of true expr.
    %pushi/vec4 4, 0, 3;
    %jmp/0 T_17.17, 8;
 ; End of false expr.
    %blend;
T_17.17;
    %store/vec4 v0x5d027e5a24a0_0, 0, 3;
    %jmp T_17.9;
T_17.9 ;
    %pop/vec4 1;
T_17.1 ;
    %jmp T_17;
    .thread T_17;
    .scope S_0x5d027e5a13f0;
T_18 ;
    %wait E_0x5d027e5a1af0;
    %load/vec4 v0x5d027e5a24a0_0;
    %dup/vec4;
    %pushi/vec4 0, 0, 3;
    %cmp/u;
    %jmp/1 T_18.0, 6;
    %dup/vec4;
    %pushi/vec4 5, 0, 3;
    %cmp/u;
    %jmp/1 T_18.1, 6;
    %dup/vec4;
    %pushi/vec4 1, 0, 3;
    %cmp/u;
    %jmp/1 T_18.2, 6;
    %dup/vec4;
    %pushi/vec4 2, 0, 3;
    %cmp/u;
    %jmp/1 T_18.3, 6;
    %dup/vec4;
    %pushi/vec4 3, 0, 3;
    %cmp/u;
    %jmp/1 T_18.4, 6;
    %dup/vec4;
    %pushi/vec4 4, 0, 3;
    %cmp/u;
    %jmp/1 T_18.5, 6;
    %jmp T_18.6;
T_18.0 ;
    %pushi/vec4 0, 0, 32; draw_string_vec4
    %pushi/vec4 0, 0, 32; draw_string_vec4
    %concat/vec4; draw_string_vec4
    %pushi/vec4 0, 0, 32; draw_string_vec4
    %concat/vec4; draw_string_vec4
    %pushi/vec4 0, 0, 32; draw_string_vec4
    %concat/vec4; draw_string_vec4
    %pushi/vec4 0, 0, 32; draw_string_vec4
    %concat/vec4; draw_string_vec4
    %pushi/vec4 0, 0, 32; draw_string_vec4
    %concat/vec4; draw_string_vec4
    %pushi/vec4 0, 0, 32; draw_string_vec4
    %concat/vec4; draw_string_vec4
    %pushi/vec4 0, 0, 32; draw_string_vec4
    %concat/vec4; draw_string_vec4
    %pushi/vec4 83, 0, 32; draw_string_vec4
    %concat/vec4; draw_string_vec4
    %pushi/vec4 1413567060, 0, 32; draw_string_vec4
    %concat/vec4; draw_string_vec4
    %store/vec4 v0x5d027e5a2580_0, 0, 320;
    %jmp T_18.6;
T_18.1 ;
    %pushi/vec4 0, 0, 32; draw_string_vec4
    %pushi/vec4 0, 0, 32; draw_string_vec4
    %concat/vec4; draw_string_vec4
    %pushi/vec4 0, 0, 32; draw_string_vec4
    %concat/vec4; draw_string_vec4
    %pushi/vec4 0, 0, 32; draw_string_vec4
    %concat/vec4; draw_string_vec4
    %pushi/vec4 0, 0, 32; draw_string_vec4
    %concat/vec4; draw_string_vec4
    %pushi/vec4 0, 0, 32; draw_string_vec4
    %concat/vec4; draw_string_vec4
    %pushi/vec4 0, 0, 32; draw_string_vec4
    %concat/vec4; draw_string_vec4
    %pushi/vec4 0, 0, 32; draw_string_vec4
    %concat/vec4; draw_string_vec4
    %pushi/vec4 21332, 0, 32; draw_string_vec4
    %concat/vec4; draw_string_vec4
    %pushi/vec4 1095914545, 0, 32; draw_string_vec4
    %concat/vec4; draw_string_vec4
    %store/vec4 v0x5d027e5a2580_0, 0, 320;
    %jmp T_18.6;
T_18.2 ;
    %pushi/vec4 0, 0, 32; draw_string_vec4
    %pushi/vec4 0, 0, 32; draw_string_vec4
    %concat/vec4; draw_string_vec4
    %pushi/vec4 0, 0, 32; draw_string_vec4
    %concat/vec4; draw_string_vec4
    %pushi/vec4 0, 0, 32; draw_string_vec4
    %concat/vec4; draw_string_vec4
    %pushi/vec4 0, 0, 32; draw_string_vec4
    %concat/vec4; draw_string_vec4
    %pushi/vec4 0, 0, 32; draw_string_vec4
    %concat/vec4; draw_string_vec4
    %pushi/vec4 0, 0, 32; draw_string_vec4
    %concat/vec4; draw_string_vec4
    %pushi/vec4 0, 0, 32; draw_string_vec4
    %concat/vec4; draw_string_vec4
    %pushi/vec4 67, 0, 32; draw_string_vec4
    %concat/vec4; draw_string_vec4
    %pushi/vec4 1212498763, 0, 32; draw_string_vec4
    %concat/vec4; draw_string_vec4
    %store/vec4 v0x5d027e5a2580_0, 0, 320;
    %jmp T_18.6;
T_18.3 ;
    %pushi/vec4 0, 0, 32; draw_string_vec4
    %pushi/vec4 0, 0, 32; draw_string_vec4
    %concat/vec4; draw_string_vec4
    %pushi/vec4 0, 0, 32; draw_string_vec4
    %concat/vec4; draw_string_vec4
    %pushi/vec4 0, 0, 32; draw_string_vec4
    %concat/vec4; draw_string_vec4
    %pushi/vec4 0, 0, 32; draw_string_vec4
    %concat/vec4; draw_string_vec4
    %pushi/vec4 0, 0, 32; draw_string_vec4
    %concat/vec4; draw_string_vec4
    %pushi/vec4 0, 0, 32; draw_string_vec4
    %concat/vec4; draw_string_vec4
    %pushi/vec4 0, 0, 32; draw_string_vec4
    %concat/vec4; draw_string_vec4
    %pushi/vec4 83, 0, 32; draw_string_vec4
    %concat/vec4; draw_string_vec4
    %pushi/vec4 1212761684, 0, 32; draw_string_vec4
    %concat/vec4; draw_string_vec4
    %store/vec4 v0x5d027e5a2580_0, 0, 320;
    %jmp T_18.6;
T_18.4 ;
    %pushi/vec4 0, 0, 32; draw_string_vec4
    %pushi/vec4 0, 0, 32; draw_string_vec4
    %concat/vec4; draw_string_vec4
    %pushi/vec4 0, 0, 32; draw_string_vec4
    %concat/vec4; draw_string_vec4
    %pushi/vec4 0, 0, 32; draw_string_vec4
    %concat/vec4; draw_string_vec4
    %pushi/vec4 0, 0, 32; draw_string_vec4
    %concat/vec4; draw_string_vec4
    %pushi/vec4 0, 0, 32; draw_string_vec4
    %concat/vec4; draw_string_vec4
    %pushi/vec4 0, 0, 32; draw_string_vec4
    %concat/vec4; draw_string_vec4
    %pushi/vec4 0, 0, 32; draw_string_vec4
    %concat/vec4; draw_string_vec4
    %pushi/vec4 0, 0, 32; draw_string_vec4
    %concat/vec4; draw_string_vec4
    %pushi/vec4 4277316, 0, 32; draw_string_vec4
    %concat/vec4; draw_string_vec4
    %store/vec4 v0x5d027e5a2580_0, 0, 320;
    %jmp T_18.6;
T_18.5 ;
    %pushi/vec4 0, 0, 32; draw_string_vec4
    %pushi/vec4 0, 0, 32; draw_string_vec4
    %concat/vec4; draw_string_vec4
    %pushi/vec4 0, 0, 32; draw_string_vec4
    %concat/vec4; draw_string_vec4
    %pushi/vec4 0, 0, 32; draw_string_vec4
    %concat/vec4; draw_string_vec4
    %pushi/vec4 0, 0, 32; draw_string_vec4
    %concat/vec4; draw_string_vec4
    %pushi/vec4 0, 0, 32; draw_string_vec4
    %concat/vec4; draw_string_vec4
    %pushi/vec4 0, 0, 32; draw_string_vec4
    %concat/vec4; draw_string_vec4
    %pushi/vec4 0, 0, 32; draw_string_vec4
    %concat/vec4; draw_string_vec4
    %pushi/vec4 0, 0, 32; draw_string_vec4
    %concat/vec4; draw_string_vec4
    %pushi/vec4 4542020, 0, 32; draw_string_vec4
    %concat/vec4; draw_string_vec4
    %store/vec4 v0x5d027e5a2580_0, 0, 320;
    %jmp T_18.6;
T_18.6 ;
    %pop/vec4 1;
    %jmp T_18;
    .thread T_18, $push;
    .scope S_0x5d027e5a10a0;
T_19 ;
    %wait E_0x5d027e57e2f0;
    %load/vec4 v0x5d027e5a2a70_0;
    %flag_set/vec4 8;
    %jmp/0xz  T_19.0, 8;
    %load/vec4 v0x5d027e5a2900_0;
    %dup/vec4;
    %pushi/vec4 4, 0, 5;
    %cmp/u;
    %jmp/1 T_19.2, 6;
    %dup/vec4;
    %pushi/vec4 8, 0, 5;
    %cmp/u;
    %jmp/1 T_19.3, 6;
    %dup/vec4;
    %pushi/vec4 12, 0, 5;
    %cmp/u;
    %jmp/1 T_19.4, 6;
    %dup/vec4;
    %pushi/vec4 16, 0, 5;
    %cmp/u;
    %jmp/1 T_19.5, 6;
    %dup/vec4;
    %pushi/vec4 20, 0, 5;
    %cmp/u;
    %jmp/1 T_19.6, 6;
    %pushi/vec4 0, 0, 5;
    %store/vec4 v0x5d027e5a30a0_0, 0, 5;
    %jmp T_19.8;
T_19.2 ;
    %pushi/vec4 1, 0, 5;
    %store/vec4 v0x5d027e5a30a0_0, 0, 5;
    %jmp T_19.8;
T_19.3 ;
    %pushi/vec4 2, 0, 5;
    %store/vec4 v0x5d027e5a30a0_0, 0, 5;
    %jmp T_19.8;
T_19.4 ;
    %pushi/vec4 4, 0, 5;
    %store/vec4 v0x5d027e5a30a0_0, 0, 5;
    %jmp T_19.8;
T_19.5 ;
    %pushi/vec4 8, 0, 5;
    %store/vec4 v0x5d027e5a30a0_0, 0, 5;
    %jmp T_19.8;
T_19.6 ;
    %pushi/vec4 16, 0, 5;
    %store/vec4 v0x5d027e5a30a0_0, 0, 5;
    %jmp T_19.8;
T_19.8 ;
    %pop/vec4 1;
    %jmp T_19.1;
T_19.0 ;
    %pushi/vec4 0, 0, 5;
    %store/vec4 v0x5d027e5a30a0_0, 0, 5;
T_19.1 ;
    %jmp T_19;
    .thread T_19, $push;
    .scope S_0x5d027e5a10a0;
T_20 ;
    %wait E_0x5d027e485810;
    %load/vec4 v0x5d027e5a2f00_0;
    %flag_set/vec4 8;
    %jmp/0xz  T_20.0, 8;
    %pushi/vec4 0, 0, 1;
    %store/vec4 v0x5d027e5a2d90_0, 0, 1;
    %pushi/vec4 0, 0, 16;
    %store/vec4 v0x5d027e5a2780_0, 0, 16;
    %pushi/vec4 0, 0, 16;
    %store/vec4 v0x5d027e5a2860_0, 0, 16;
    %jmp T_20.1;
T_20.0 ;
    %load/vec4 v0x5d027e5a2a70_0;
    %flag_set/vec4 9;
    %flag_get/vec4 9;
    %jmp/0 T_20.4, 9;
    %load/vec4 v0x5d027e5a3140_0;
    %and;
T_20.4;
    %flag_set/vec4 8;
    %jmp/0xz  T_20.2, 8;
    %load/vec4 v0x5d027e5a30a0_0;
    %parti/s 1, 0, 2;
    %flag_set/vec4 8;
    %jmp/0 T_20.5, 8;
    %load/vec4 v0x5d027e5a2b30_0;
    %jmp/1 T_20.6, 8;
T_20.5 ; End of true expr.
    %load/vec4 v0x5d027e5a2780_0;
    %jmp/0 T_20.6, 8;
 ; End of false expr.
    %blend;
T_20.6;
    %store/vec4 v0x5d027e5a2780_0, 0, 16;
    %load/vec4 v0x5d027e5a30a0_0;
    %parti/s 1, 1, 2;
    %flag_set/vec4 8;
    %jmp/0 T_20.7, 8;
    %load/vec4 v0x5d027e5a2b30_0;
    %jmp/1 T_20.8, 8;
T_20.7 ; End of true expr.
    %load/vec4 v0x5d027e5a2860_0;
    %jmp/0 T_20.8, 8;
 ; End of false expr.
    %blend;
T_20.8;
    %store/vec4 v0x5d027e5a2860_0, 0, 16;
    %load/vec4 v0x5d027e5a30a0_0;
    %parti/s 1, 2, 3;
    %flag_set/vec4 8;
    %jmp/0 T_20.9, 8;
    %load/vec4 v0x5d027e5a2b30_0;
    %parti/s 1, 0, 2;
    %jmp/1 T_20.10, 8;
T_20.9 ; End of true expr.
    %load/vec4 v0x5d027e5a2d90_0;
    %jmp/0 T_20.10, 8;
 ; End of false expr.
    %blend;
T_20.10;
    %store/vec4 v0x5d027e5a2d90_0, 0, 1;
T_20.2 ;
T_20.1 ;
    %jmp T_20;
    .thread T_20;
    .scope S_0x5d027e5a10a0;
T_21 ;
    %wait E_0x5d027e485810;
    %load/vec4 v0x5d027e5a2f00_0;
    %flag_set/vec4 8;
    %jmp/0xz  T_21.0, 8;
    %pushi/vec4 0, 0, 32;
    %store/vec4 v0x5d027e5a2c10_0, 0, 32;
    %jmp T_21.1;
T_21.0 ;
    %load/vec4 v0x5d027e5a2a70_0;
    %flag_set/vec4 9;
    %flag_get/vec4 9;
    %jmp/0 T_21.4, 9;
    %load/vec4 v0x5d027e5a2e60_0;
    %and;
T_21.4;
    %flag_set/vec4 8;
    %jmp/0xz  T_21.2, 8;
    %load/vec4 v0x5d027e5a30a0_0;
    %dup/vec4;
    %pushi/vec4 8, 0, 5;
    %cmp/u;
    %jmp/1 T_21.5, 6;
    %dup/vec4;
    %pushi/vec4 16, 0, 5;
    %cmp/u;
    %jmp/1 T_21.6, 6;
    %jmp T_21.7;
T_21.5 ;
    %load/vec4 v0x5d027e5a2fd0_0;
    %store/vec4 v0x5d027e5a2c10_0, 0, 32;
    %jmp T_21.7;
T_21.6 ;
    %pushi/vec4 0, 0, 31;
    %load/vec4 v0x5d027e5a2cf0_0;
    %concat/vec4; draw_concat_vec4
    %store/vec4 v0x5d027e5a2c10_0, 0, 32;
    %jmp T_21.7;
T_21.7 ;
    %pop/vec4 1;
T_21.2 ;
T_21.1 ;
    %jmp T_21;
    .thread T_21;
    .scope S_0x5d027e58ef10;
T_22 ;
    %wait E_0x5d027e4ce660;
    %load/vec4 v0x5d027e5a6c50_0;
    %parti/s 16, 16, 6;
    %dup/vec4;
    %pushi/vec4 64, 0, 16;
    %cmp/u;
    %jmp/1 T_22.0, 6;
    %dup/vec4;
    %pushi/vec4 65, 0, 16;
    %cmp/u;
    %jmp/1 T_22.1, 6;
    %dup/vec4;
    %pushi/vec4 66, 0, 16;
    %cmp/u;
    %jmp/1 T_22.2, 6;
    %dup/vec4;
    %pushi/vec4 67, 0, 16;
    %cmp/u;
    %jmp/1 T_22.3, 6;
    %dup/vec4;
    %pushi/vec4 68, 0, 16;
    %cmp/u;
    %jmp/1 T_22.4, 6;
    %dup/vec4;
    %pushi/vec4 69, 0, 16;
    %cmp/u;
    %jmp/1 T_22.5, 6;
    %pushi/vec4 1, 0, 7;
    %store/vec4 v0x5d027e5a68d0_0, 0, 7;
    %jmp T_22.7;
T_22.0 ;
    %pushi/vec4 32, 0, 7;
    %store/vec4 v0x5d027e5a68d0_0, 0, 7;
    %jmp T_22.7;
T_22.1 ;
    %pushi/vec4 16, 0, 7;
    %store/vec4 v0x5d027e5a68d0_0, 0, 7;
    %jmp T_22.7;
T_22.2 ;
    %pushi/vec4 8, 0, 7;
    %store/vec4 v0x5d027e5a68d0_0, 0, 7;
    %jmp T_22.7;
T_22.3 ;
    %pushi/vec4 4, 0, 7;
    %store/vec4 v0x5d027e5a68d0_0, 0, 7;
    %jmp T_22.7;
T_22.4 ;
    %pushi/vec4 2, 0, 7;
    %store/vec4 v0x5d027e5a68d0_0, 0, 7;
    %jmp T_22.7;
T_22.5 ;
    %pushi/vec4 64, 0, 7;
    %store/vec4 v0x5d027e5a68d0_0, 0, 7;
    %jmp T_22.7;
T_22.7 ;
    %pop/vec4 1;
    %jmp T_22;
    .thread T_22, $push;
    .scope S_0x5d027e58ef10;
T_23 ;
    %wait E_0x5d027e4d6ba0;
    %load/vec4 v0x5d027e5a68d0_0;
    %dup/vec4;
    %pushi/vec4 64, 0, 7;
    %cmp/u;
    %jmp/1 T_23.0, 6;
    %dup/vec4;
    %pushi/vec4 32, 0, 7;
    %cmp/u;
    %jmp/1 T_23.1, 6;
    %dup/vec4;
    %pushi/vec4 16, 0, 7;
    %cmp/u;
    %jmp/1 T_23.2, 6;
    %dup/vec4;
    %pushi/vec4 8, 0, 7;
    %cmp/u;
    %jmp/1 T_23.3, 6;
    %dup/vec4;
    %pushi/vec4 4, 0, 7;
    %cmp/u;
    %jmp/1 T_23.4, 6;
    %dup/vec4;
    %pushi/vec4 2, 0, 7;
    %cmp/u;
    %jmp/1 T_23.5, 6;
    %dup/vec4;
    %pushi/vec4 1, 0, 7;
    %cmp/u;
    %jmp/1 T_23.6, 6;
    %pushi/vec4 1717986918, 0, 32;
    %store/vec4 v0x5d027e5a6d10_0, 0, 32;
    %jmp T_23.8;
T_23.0 ;
    %load/vec4 v0x5d027e5a6a90_0;
    %store/vec4 v0x5d027e5a6d10_0, 0, 32;
    %jmp T_23.8;
T_23.1 ;
    %load/vec4 v0x5d027e5a72f0_0;
    %store/vec4 v0x5d027e5a6d10_0, 0, 32;
    %jmp T_23.8;
T_23.2 ;
    %load/vec4 v0x5d027e5a6b70_0;
    %store/vec4 v0x5d027e5a6d10_0, 0, 32;
    %jmp T_23.8;
T_23.3 ;
    %load/vec4 v0x5d027e5a70c0_0;
    %store/vec4 v0x5d027e5a6d10_0, 0, 32;
    %jmp T_23.8;
T_23.4 ;
    %load/vec4 v0x5d027e5a69b0_0;
    %store/vec4 v0x5d027e5a6d10_0, 0, 32;
    %jmp T_23.8;
T_23.5 ;
    %load/vec4 v0x5d027e5a6750_0;
    %store/vec4 v0x5d027e5a6d10_0, 0, 32;
    %jmp T_23.8;
T_23.6 ;
    %load/vec4 v0x5d027e5a6210_0;
    %store/vec4 v0x5d027e5a6d10_0, 0, 32;
    %jmp T_23.8;
T_23.8 ;
    %pop/vec4 1;
    %jmp T_23;
    .thread T_23, $push;
    .scope S_0x5d027e58ef10;
T_24 ;
    %wait E_0x5d027e485810;
    %load/vec4 v0x5d027e5a68d0_0;
    %parti/s 1, 5, 4;
    %load/vec4 v0x5d027e5a73c0_0;
    %and;
    %flag_set/vec4 8;
    %jmp/0xz  T_24.0, 8;
    %vpi_call 3 120 "$write", "%c", &PV<v0x5d027e5a6e70_0, 0, 8> {0 0 0};
    %vpi_call 3 121 "$fflush", 32'b10000000000000000000000000000001 {0 0 0};
T_24.0 ;
    %jmp T_24;
    .thread T_24;
    .scope S_0x5d027e527830;
T_25 ;
    %pushi/vec4 0, 0, 1;
    %store/vec4 v0x5d027e5a77d0_0, 0, 1;
    %pushi/vec4 0, 0, 5;
    %store/vec4 v0x5d027e5a7a00_0, 0, 5;
    %end;
    .thread T_25;
    .scope S_0x5d027e527830;
T_26 ;
    %pushi/vec4 0, 0, 1;
    %assign/vec4 v0x5d027e5a7510_0, 0;
    %end;
    .thread T_26;
    .scope S_0x5d027e527830;
T_27 ;
    %delay 20, 0;
    %load/vec4 v0x5d027e5a7510_0;
    %inv;
    %assign/vec4 v0x5d027e5a7510_0, 0;
    %jmp T_27;
    .thread T_27;
    .scope S_0x5d027e527830;
T_28 ;
    %load/vec4 v0x5d027e5a75d0_0;
    %pad/u 5;
    %load/vec4 v0x5d027e5a7a00_0;
    %cmp/ne;
    %jmp/0xz  T_28.0, 4;
    %vpi_call 2 59 "$display", "LEDS = %b", v0x5d027e5a75d0_0 {0 0 0};
T_28.0 ;
    %load/vec4 v0x5d027e5a75d0_0;
    %pad/u 5;
    %assign/vec4 v0x5d027e5a7a00_0, 0;
    %end;
    .thread T_28;
    .scope S_0x5d027e527830;
T_29 ;
    %vpi_call 2 69 "$dumpfile", "bench.vcd" {0 0 0};
    %vpi_call 2 70 "$dumpvars", 32'sb11111111111111111111111111111111, S_0x5d027e527830 {0 0 0};
    %pushi/vec4 0, 0, 32;
    %store/vec4 v0x5d027e5a7960_0, 0, 32;
T_29.0 ;
    %load/vec4 v0x5d027e5a7960_0;
    %cmpi/s 32, 0, 32;
    %jmp/0xz T_29.1, 5;
    %vpi_call 2 71 "$dumpvars", 32'sb00000000000000000000000000000000, &A<v0x5d027e5a0020, v0x5d027e5a7960_0 > {0 0 0};
    %load/vec4 v0x5d027e5a7960_0;
    %addi 1, 0, 32;
    %store/vec4 v0x5d027e5a7960_0, 0, 32;
    %jmp T_29.0;
T_29.1 ;
    %delay 0, 0;
    %pushi/vec4 1, 0, 1;
    %store/vec4 v0x5d027e5a77d0_0, 0, 1;
    %delay 0, 0;
    %pushi/vec4 0, 0, 1;
    %store/vec4 v0x5d027e5a76e0_0, 0, 1;
    %delay 80, 0;
    %pushi/vec4 0, 0, 1;
    %store/vec4 v0x5d027e5a76e0_0, 0, 1;
    %delay 160, 0;
    %pushi/vec4 1, 0, 1;
    %store/vec4 v0x5d027e5a76e0_0, 0, 1;
    %wait E_0x5d027e485810;
    %delay 2000000, 0;
    %pushi/vec4 52, 0, 8;
    %store/vec4 v0x5d027e569f70_0, 0, 8;
    %fork TD_bench.UART_WRITE_BYTE, S_0x5d027e563110;
    %join;
    %delay 100000, 0;
    %pushi/vec4 53, 0, 8;
    %store/vec4 v0x5d027e569f70_0, 0, 8;
    %fork TD_bench.UART_WRITE_BYTE, S_0x5d027e563110;
    %join;
    %delay 100000, 0;
    %pushi/vec4 42, 0, 8;
    %store/vec4 v0x5d027e569f70_0, 0, 8;
    %fork TD_bench.UART_WRITE_BYTE, S_0x5d027e563110;
    %join;
    %delay 100000, 0;
    %pushi/vec4 52, 0, 8;
    %store/vec4 v0x5d027e569f70_0, 0, 8;
    %fork TD_bench.UART_WRITE_BYTE, S_0x5d027e563110;
    %join;
    %delay 100000, 0;
    %pushi/vec4 50, 0, 8;
    %store/vec4 v0x5d027e569f70_0, 0, 8;
    %fork TD_bench.UART_WRITE_BYTE, S_0x5d027e563110;
    %join;
    %delay 4000000, 0;
    %pushi/vec4 57, 0, 8;
    %store/vec4 v0x5d027e569f70_0, 0, 8;
    %fork TD_bench.UART_WRITE_BYTE, S_0x5d027e563110;
    %join;
    %delay 100000, 0;
    %pushi/vec4 57, 0, 8;
    %store/vec4 v0x5d027e569f70_0, 0, 8;
    %fork TD_bench.UART_WRITE_BYTE, S_0x5d027e563110;
    %join;
    %delay 100000, 0;
    %pushi/vec4 47, 0, 8;
    %store/vec4 v0x5d027e569f70_0, 0, 8;
    %fork TD_bench.UART_WRITE_BYTE, S_0x5d027e563110;
    %join;
    %delay 100000, 0;
    %pushi/vec4 48, 0, 8;
    %store/vec4 v0x5d027e569f70_0, 0, 8;
    %fork TD_bench.UART_WRITE_BYTE, S_0x5d027e563110;
    %join;
    %delay 100000, 0;
    %pushi/vec4 51, 0, 8;
    %store/vec4 v0x5d027e569f70_0, 0, 8;
    %fork TD_bench.UART_WRITE_BYTE, S_0x5d027e563110;
    %join;
    %wait E_0x5d027e485810;
    %delay 2000000, 0;
    %vpi_call 2 107 "$finish" {0 0 0};
    %end;
    .thread T_29;
# The file index is used to find the file name in the following table.
:file_names 10;
    "N/A";
    "<interactive>";
    "bench_quark.v";
    "SOC.v";
    "cores/cpu/femtorv32_quark.v";
    "cores/bram/bram.v";
    "cores/mult/perip_mult.v";
    "cores/mult/mult.v";
    "cores/uart/perip_uart.v";
    "cores/uart/uart.v";
