
firmware.elf:     file format elf32-littleriscv

Sections:
Idx Name          Size      VMA       LMA       File off  Algn
  0 .text         00000732  00000000  00000000  00001000  2**2
                  CONTENTS, ALLOC, LOAD, READONLY, CODE
  1 .rodata       00000025  00000734  00000734  00001734  2**2
                  CONTENTS, ALLOC, LOAD, READONLY, DATA
  2 .bss          0000000c  0000075c  0000075c  00001759  2**2
                  ALLOC
  3 .riscv.attributes 00000026  00000000  00000000  00001759  2**0
                  CONTENTS, READONLY
  4 .comment      00000015  00000000  00000000  0000177f  2**0
                  CONTENTS, READONLY
  5 .debug_line   000001cf  00000000  00000000  00001794  2**0
                  CONTENTS, READONLY, DEBUGGING, OCTETS
  6 .debug_info   00000026  00000000  00000000  00001963  2**0
                  CONTENTS, READONLY, DEBUGGING, OCTETS
  7 .debug_abbrev 00000014  00000000  00000000  00001989  2**0
                  CONTENTS, READONLY, DEBUGGING, OCTETS
  8 .debug_aranges 00000020  00000000  00000000  000019a0  2**3
                  CONTENTS, READONLY, DEBUGGING, OCTETS
  9 .debug_str    00000140  00000000  00000000  000019c0  2**0
                  CONTENTS, READONLY, DEBUGGING, OCTETS

Disassembly of section .text:

00000000 <_start>:
   0:	004001b7          	lui	gp,0x400
   4:	00002137          	lui	sp,0x2
   8:	00000097          	auipc	ra,0x0
   c:	010080e7          	jalr	16(ra) # 18 <main>
  10:	00000317          	auipc	t1,0x0
  14:	14c30067          	jr	332(t1) # 15c <exit>

00000018 <main>:
  18:	fe010113          	addi	sp,sp,-32 # 1fe0 <cycles_.0+0x187c>
  1c:	00112e23          	sw	ra,28(sp)
  20:	00812c23          	sw	s0,24(sp)
  24:	02010413          	addi	s0,sp,32
  28:	fe0407a3          	sb	zero,-17(s0)
  2c:	fe040723          	sb	zero,-18(s0)
  30:	00100793          	li	a5,1
  34:	fef407a3          	sb	a5,-17(s0)
  38:	01c0006f          	j	54 <main+0x3c>
  3c:	fef44783          	lbu	a5,-17(s0)
  40:	00278793          	addi	a5,a5,2
  44:	fef40723          	sb	a5,-18(s0)
  48:	fef44783          	lbu	a5,-17(s0)
  4c:	00178793          	addi	a5,a5,1
  50:	fef407a3          	sb	a5,-17(s0)
  54:	fef44703          	lbu	a4,-17(s0)
  58:	00a00793          	li	a5,10
  5c:	fee7f0e3          	bgeu	a5,a4,3c <main+0x24>
  60:	000007b7          	lui	a5,0x0
  64:	73478513          	addi	a0,a5,1844 # 734 <_end+0x2>
  68:	00000097          	auipc	ra,0x0
  6c:	248080e7          	jalr	584(ra) # 2b0 <printf>
  70:	0c800513          	li	a0,200
  74:	00000097          	auipc	ra,0x0
  78:	02c080e7          	jalr	44(ra) # a0 <milliwait>
  7c:	fef44783          	lbu	a5,-17(s0)
  80:	00178793          	addi	a5,a5,1
  84:	fef407a3          	sb	a5,-17(s0)
  88:	fef44783          	lbu	a5,-17(s0)
  8c:	fff7c713          	not	a4,a5
  90:	004007b7          	lui	a5,0x400
  94:	00478793          	addi	a5,a5,4 # 400004 <IO_BASE+0x4>
  98:	00e7a023          	sw	a4,0(a5)
  9c:	fd5ff06f          	j	70 <main+0x58>

000000a0 <milliwait>:
  a0:	fe010113          	addi	sp,sp,-32
  a4:	00112e23          	sw	ra,28(sp)
  a8:	00812c23          	sw	s0,24(sp)
  ac:	02010413          	addi	s0,sp,32
  b0:	fea42623          	sw	a0,-20(s0)
  b4:	fec42703          	lw	a4,-20(s0)
  b8:	00070793          	mv	a5,a4
  bc:	00379793          	slli	a5,a5,0x3
  c0:	40e787b3          	sub	a5,a5,a4
  c4:	00579793          	slli	a5,a5,0x5
  c8:	00e787b3          	add	a5,a5,a4
  cc:	00479713          	slli	a4,a5,0x4
  d0:	40f70733          	sub	a4,a4,a5
  d4:	00371793          	slli	a5,a4,0x3
  d8:	00078713          	mv	a4,a5
  dc:	00070793          	mv	a5,a4
  e0:	00078513          	mv	a0,a5
  e4:	00000097          	auipc	ra,0x0
  e8:	01c080e7          	jalr	28(ra) # 100 <wait_cycles>
  ec:	00000013          	nop
  f0:	01c12083          	lw	ra,28(sp)
  f4:	01812403          	lw	s0,24(sp)
  f8:	02010113          	addi	sp,sp,32
  fc:	00008067          	ret

00000100 <wait_cycles>:
 100:	fd010113          	addi	sp,sp,-48
 104:	02112623          	sw	ra,44(sp)
 108:	02812423          	sw	s0,40(sp)
 10c:	03010413          	addi	s0,sp,48
 110:	fca42e23          	sw	a0,-36(s0)
 114:	00000097          	auipc	ra,0x0
 118:	0ac080e7          	jalr	172(ra) # 1c0 <cycles>
 11c:	00050713          	mv	a4,a0
 120:	fdc42783          	lw	a5,-36(s0)
 124:	00f707b3          	add	a5,a4,a5
 128:	fef42623          	sw	a5,-20(s0)
 12c:	00000013          	nop
 130:	00000097          	auipc	ra,0x0
 134:	090080e7          	jalr	144(ra) # 1c0 <cycles>
 138:	00050713          	mv	a4,a0
 13c:	fec42783          	lw	a5,-20(s0)
 140:	fef768e3          	bltu	a4,a5,130 <wait_cycles+0x30>
 144:	00000013          	nop
 148:	00000013          	nop
 14c:	02c12083          	lw	ra,44(sp)
 150:	02812403          	lw	s0,40(sp)
 154:	03010113          	addi	sp,sp,48
 158:	00008067          	ret

0000015c <exit>:
 15c:	00a1a223          	sw	a0,4(gp) # 400004 <IO_BASE+0x4>

00000160 <exitl1>:
 160:	00051063          	bnez	a0,160 <exitl1>

00000164 <exitl>:
 164:	00100293          	li	t0,1
 168:	0051a223          	sw	t0,4(gp)
 16c:	06400513          	li	a0,100
 170:	00000097          	auipc	ra,0x0
 174:	f30080e7          	jalr	-208(ra) # a0 <milliwait>
 178:	00200293          	li	t0,2
 17c:	0051a223          	sw	t0,4(gp)
 180:	06400513          	li	a0,100
 184:	00000097          	auipc	ra,0x0
 188:	f1c080e7          	jalr	-228(ra) # a0 <milliwait>
 18c:	00400293          	li	t0,4
 190:	0051a223          	sw	t0,4(gp)
 194:	06400513          	li	a0,100
 198:	00000097          	auipc	ra,0x0
 19c:	f08080e7          	jalr	-248(ra) # a0 <milliwait>
 1a0:	00800293          	li	t0,8
 1a4:	0051a223          	sw	t0,4(gp)
 1a8:	06400513          	li	a0,100
 1ac:	00000097          	auipc	ra,0x0
 1b0:	ef4080e7          	jalr	-268(ra) # a0 <milliwait>
 1b4:	fb1ff06f          	j	164 <exitl>

000001b8 <abort>:
 1b8:	00100073          	ebreak
 1bc:	00008067          	ret

000001c0 <cycles>:
 1c0:	fe010113          	addi	sp,sp,-32
 1c4:	00812e23          	sw	s0,28(sp)
 1c8:	02010413          	addi	s0,sp,32
 1cc:	000007b7          	lui	a5,0x0
 1d0:	75c7a783          	lw	a5,1884(a5) # 75c <cycles_lap_.2>
 1d4:	04079863          	bnez	a5,224 <cycles+0x64>
 1d8:	006007b7          	lui	a5,0x600
 1dc:	0007a783          	lw	a5,0(a5) # 600000 <IO_BASE+0x200000>
 1e0:	07f7f713          	andi	a4,a5,127
 1e4:	000007b7          	lui	a5,0x0
 1e8:	74e7ae23          	sw	a4,1884(a5) # 75c <cycles_lap_.2>
 1ec:	000007b7          	lui	a5,0x0
 1f0:	75c7a703          	lw	a4,1884(a5) # 75c <cycles_lap_.2>
 1f4:	02000793          	li	a5,32
 1f8:	00f71a63          	bne	a4,a5,20c <cycles+0x4c>
 1fc:	000007b7          	lui	a5,0x0
 200:	fff00713          	li	a4,-1
 204:	74e7ae23          	sw	a4,1884(a5) # 75c <cycles_lap_.2>
 208:	01c0006f          	j	224 <cycles+0x64>
 20c:	000007b7          	lui	a5,0x0
 210:	75c7a783          	lw	a5,1884(a5) # 75c <cycles_lap_.2>
 214:	00100713          	li	a4,1
 218:	00f71733          	sll	a4,a4,a5
 21c:	000007b7          	lui	a5,0x0
 220:	74e7ae23          	sw	a4,1884(a5) # 75c <cycles_lap_.2>
 224:	c00027f3          	rdcycle	a5
 228:	fef42623          	sw	a5,-20(s0)
 22c:	000007b7          	lui	a5,0x0
 230:	7607a783          	lw	a5,1888(a5) # 760 <last_cycles32_.1>
 234:	fec42703          	lw	a4,-20(s0)
 238:	02f77063          	bgeu	a4,a5,258 <cycles+0x98>
 23c:	000007b7          	lui	a5,0x0
 240:	7647a703          	lw	a4,1892(a5) # 764 <cycles_.0>
 244:	000007b7          	lui	a5,0x0
 248:	75c7a783          	lw	a5,1884(a5) # 75c <cycles_lap_.2>
 24c:	00f70733          	add	a4,a4,a5
 250:	000007b7          	lui	a5,0x0
 254:	76e7a223          	sw	a4,1892(a5) # 764 <cycles_.0>
 258:	000007b7          	lui	a5,0x0
 25c:	7647a703          	lw	a4,1892(a5) # 764 <cycles_.0>
 260:	fec42783          	lw	a5,-20(s0)
 264:	00f70733          	add	a4,a4,a5
 268:	000007b7          	lui	a5,0x0
 26c:	76e7a223          	sw	a4,1892(a5) # 764 <cycles_.0>
 270:	000007b7          	lui	a5,0x0
 274:	7647a703          	lw	a4,1892(a5) # 764 <cycles_.0>
 278:	000007b7          	lui	a5,0x0
 27c:	7607a783          	lw	a5,1888(a5) # 760 <last_cycles32_.1>
 280:	40f70733          	sub	a4,a4,a5
 284:	000007b7          	lui	a5,0x0
 288:	76e7a223          	sw	a4,1892(a5) # 764 <cycles_.0>
 28c:	000007b7          	lui	a5,0x0
 290:	fec42703          	lw	a4,-20(s0)
 294:	76e7a023          	sw	a4,1888(a5) # 760 <last_cycles32_.1>
 298:	000007b7          	lui	a5,0x0
 29c:	7647a783          	lw	a5,1892(a5) # 764 <cycles_.0>
 2a0:	00078513          	mv	a0,a5
 2a4:	01c12403          	lw	s0,28(sp)
 2a8:	02010113          	addi	sp,sp,32
 2ac:	00008067          	ret

000002b0 <printf>:
 2b0:	fb010113          	addi	sp,sp,-80
 2b4:	02112623          	sw	ra,44(sp)
 2b8:	02812423          	sw	s0,40(sp)
 2bc:	03010413          	addi	s0,sp,48
 2c0:	fca42e23          	sw	a0,-36(s0)
 2c4:	00b42223          	sw	a1,4(s0)
 2c8:	00c42423          	sw	a2,8(s0)
 2cc:	00d42623          	sw	a3,12(s0)
 2d0:	00e42823          	sw	a4,16(s0)
 2d4:	00f42a23          	sw	a5,20(s0)
 2d8:	01042c23          	sw	a6,24(s0)
 2dc:	01142e23          	sw	a7,28(s0)
 2e0:	02040793          	addi	a5,s0,32
 2e4:	fcf42c23          	sw	a5,-40(s0)
 2e8:	fd842783          	lw	a5,-40(s0)
 2ec:	fe478793          	addi	a5,a5,-28
 2f0:	fef42623          	sw	a5,-20(s0)
 2f4:	1180006f          	j	40c <printf+0x15c>
 2f8:	fdc42783          	lw	a5,-36(s0)
 2fc:	0007c703          	lbu	a4,0(a5)
 300:	02500793          	li	a5,37
 304:	0ef71463          	bne	a4,a5,3ec <printf+0x13c>
 308:	fdc42783          	lw	a5,-36(s0)
 30c:	00178793          	addi	a5,a5,1
 310:	fcf42e23          	sw	a5,-36(s0)
 314:	fdc42783          	lw	a5,-36(s0)
 318:	0007c703          	lbu	a4,0(a5)
 31c:	07300793          	li	a5,115
 320:	02f71263          	bne	a4,a5,344 <printf+0x94>
 324:	fec42783          	lw	a5,-20(s0)
 328:	00478713          	addi	a4,a5,4
 32c:	fee42623          	sw	a4,-20(s0)
 330:	0007a783          	lw	a5,0(a5)
 334:	00078513          	mv	a0,a5
 338:	00000097          	auipc	ra,0x0
 33c:	12c080e7          	jalr	300(ra) # 464 <print_string>
 340:	0c00006f          	j	400 <printf+0x150>
 344:	fdc42783          	lw	a5,-36(s0)
 348:	0007c703          	lbu	a4,0(a5)
 34c:	07800793          	li	a5,120
 350:	02f71263          	bne	a4,a5,374 <printf+0xc4>
 354:	fec42783          	lw	a5,-20(s0)
 358:	00478713          	addi	a4,a5,4
 35c:	fee42623          	sw	a4,-20(s0)
 360:	0007a783          	lw	a5,0(a5)
 364:	00078513          	mv	a0,a5
 368:	00000097          	auipc	ra,0x0
 36c:	290080e7          	jalr	656(ra) # 5f8 <print_hex>
 370:	0900006f          	j	400 <printf+0x150>
 374:	fdc42783          	lw	a5,-36(s0)
 378:	0007c703          	lbu	a4,0(a5)
 37c:	06400793          	li	a5,100
 380:	02f71263          	bne	a4,a5,3a4 <printf+0xf4>
 384:	fec42783          	lw	a5,-20(s0)
 388:	00478713          	addi	a4,a5,4
 38c:	fee42623          	sw	a4,-20(s0)
 390:	0007a783          	lw	a5,0(a5)
 394:	00078513          	mv	a0,a5
 398:	00000097          	auipc	ra,0x0
 39c:	174080e7          	jalr	372(ra) # 50c <print_dec>
 3a0:	0600006f          	j	400 <printf+0x150>
 3a4:	fdc42783          	lw	a5,-36(s0)
 3a8:	0007c703          	lbu	a4,0(a5)
 3ac:	06300793          	li	a5,99
 3b0:	02f71263          	bne	a4,a5,3d4 <printf+0x124>
 3b4:	fec42783          	lw	a5,-20(s0)
 3b8:	00478713          	addi	a4,a5,4
 3bc:	fee42623          	sw	a4,-20(s0)
 3c0:	0007a783          	lw	a5,0(a5)
 3c4:	00078513          	mv	a0,a5
 3c8:	00000097          	auipc	ra,0x0
 3cc:	068080e7          	jalr	104(ra) # 430 <putchar>
 3d0:	0300006f          	j	400 <printf+0x150>
 3d4:	fdc42783          	lw	a5,-36(s0)
 3d8:	0007c783          	lbu	a5,0(a5)
 3dc:	00078513          	mv	a0,a5
 3e0:	00000097          	auipc	ra,0x0
 3e4:	050080e7          	jalr	80(ra) # 430 <putchar>
 3e8:	0180006f          	j	400 <printf+0x150>
 3ec:	fdc42783          	lw	a5,-36(s0)
 3f0:	0007c783          	lbu	a5,0(a5)
 3f4:	00078513          	mv	a0,a5
 3f8:	00000097          	auipc	ra,0x0
 3fc:	038080e7          	jalr	56(ra) # 430 <putchar>
 400:	fdc42783          	lw	a5,-36(s0)
 404:	00178793          	addi	a5,a5,1
 408:	fcf42e23          	sw	a5,-36(s0)
 40c:	fdc42783          	lw	a5,-36(s0)
 410:	0007c783          	lbu	a5,0(a5)
 414:	ee0792e3          	bnez	a5,2f8 <printf+0x48>
 418:	00000793          	li	a5,0
 41c:	00078513          	mv	a0,a5
 420:	02c12083          	lw	ra,44(sp)
 424:	02812403          	lw	s0,40(sp)
 428:	05010113          	addi	sp,sp,80
 42c:	00008067          	ret

00000430 <putchar>:
 430:	00a1a423          	sw	a0,8(gp)
 434:	20000293          	li	t0,512
 438:	0101a303          	lw	t1,16(gp)
 43c:	00537333          	and	t1,t1,t0
 440:	fe031ce3          	bnez	t1,438 <putchar+0x8>
 444:	00008067          	ret

00000448 <getchar>:
 448:	0081a503          	lw	a0,8(gp)
 44c:	10057293          	andi	t0,a0,256
 450:	fe028ce3          	beqz	t0,448 <getchar>
 454:	0ff57513          	andi	a0,a0,255
 458:	00a00293          	li	t0,10
 45c:	fe5506e3          	beq	a0,t0,448 <getchar>
 460:	00008067          	ret

00000464 <print_string>:
 464:	fd010113          	addi	sp,sp,-48
 468:	02112623          	sw	ra,44(sp)
 46c:	02812423          	sw	s0,40(sp)
 470:	03010413          	addi	s0,sp,48
 474:	fca42e23          	sw	a0,-36(s0)
 478:	fdc42783          	lw	a5,-36(s0)
 47c:	fef42623          	sw	a5,-20(s0)
 480:	0240006f          	j	4a4 <print_string+0x40>
 484:	fec42783          	lw	a5,-20(s0)
 488:	0007c783          	lbu	a5,0(a5)
 48c:	00078513          	mv	a0,a5
 490:	00000097          	auipc	ra,0x0
 494:	fa0080e7          	jalr	-96(ra) # 430 <putchar>
 498:	fec42783          	lw	a5,-20(s0)
 49c:	00178793          	addi	a5,a5,1
 4a0:	fef42623          	sw	a5,-20(s0)
 4a4:	fec42783          	lw	a5,-20(s0)
 4a8:	0007c783          	lbu	a5,0(a5)
 4ac:	fc079ce3          	bnez	a5,484 <print_string+0x20>
 4b0:	00000013          	nop
 4b4:	00000013          	nop
 4b8:	02c12083          	lw	ra,44(sp)
 4bc:	02812403          	lw	s0,40(sp)
 4c0:	03010113          	addi	sp,sp,48
 4c4:	00008067          	ret

000004c8 <puts>:
 4c8:	fe010113          	addi	sp,sp,-32
 4cc:	00112e23          	sw	ra,28(sp)
 4d0:	00812c23          	sw	s0,24(sp)
 4d4:	02010413          	addi	s0,sp,32
 4d8:	fea42623          	sw	a0,-20(s0)
 4dc:	fec42503          	lw	a0,-20(s0)
 4e0:	00000097          	auipc	ra,0x0
 4e4:	f84080e7          	jalr	-124(ra) # 464 <print_string>
 4e8:	00a00513          	li	a0,10
 4ec:	00000097          	auipc	ra,0x0
 4f0:	f44080e7          	jalr	-188(ra) # 430 <putchar>
 4f4:	00100793          	li	a5,1
 4f8:	00078513          	mv	a0,a5
 4fc:	01c12083          	lw	ra,28(sp)
 500:	01812403          	lw	s0,24(sp)
 504:	02010113          	addi	sp,sp,32
 508:	00008067          	ret

0000050c <print_dec>:
 50c:	ed010113          	addi	sp,sp,-304
 510:	12112623          	sw	ra,300(sp)
 514:	12812423          	sw	s0,296(sp)
 518:	13010413          	addi	s0,sp,304
 51c:	eca42e23          	sw	a0,-292(s0)
 520:	eec40793          	addi	a5,s0,-276
 524:	fef42623          	sw	a5,-20(s0)
 528:	edc42783          	lw	a5,-292(s0)
 52c:	0607da63          	bgez	a5,5a0 <print_dec+0x94>
 530:	02d00513          	li	a0,45
 534:	00000097          	auipc	ra,0x0
 538:	efc080e7          	jalr	-260(ra) # 430 <putchar>
 53c:	edc42783          	lw	a5,-292(s0)
 540:	40f007b3          	neg	a5,a5
 544:	00078513          	mv	a0,a5
 548:	00000097          	auipc	ra,0x0
 54c:	fc4080e7          	jalr	-60(ra) # 50c <print_dec>
 550:	0980006f          	j	5e8 <print_dec+0xdc>
 554:	edc42783          	lw	a5,-292(s0)
 558:	00a00593          	li	a1,10
 55c:	00078513          	mv	a0,a5
 560:	00000097          	auipc	ra,0x0
 564:	1ac080e7          	jalr	428(ra) # 70c <__modsi3>
 568:	00050793          	mv	a5,a0
 56c:	00078693          	mv	a3,a5
 570:	fec42783          	lw	a5,-20(s0)
 574:	00178713          	addi	a4,a5,1
 578:	fee42623          	sw	a4,-20(s0)
 57c:	0ff6f713          	andi	a4,a3,255
 580:	00e78023          	sb	a4,0(a5)
 584:	edc42783          	lw	a5,-292(s0)
 588:	00a00593          	li	a1,10
 58c:	00078513          	mv	a0,a5
 590:	00000097          	auipc	ra,0x0
 594:	124080e7          	jalr	292(ra) # 6b4 <__divsi3>
 598:	00050793          	mv	a5,a0
 59c:	ecf42e23          	sw	a5,-292(s0)
 5a0:	edc42783          	lw	a5,-292(s0)
 5a4:	fa0798e3          	bnez	a5,554 <print_dec+0x48>
 5a8:	eec40793          	addi	a5,s0,-276
 5ac:	fec42703          	lw	a4,-20(s0)
 5b0:	faf702e3          	beq	a4,a5,554 <print_dec+0x48>
 5b4:	0280006f          	j	5dc <print_dec+0xd0>
 5b8:	fec42783          	lw	a5,-20(s0)
 5bc:	fff78793          	addi	a5,a5,-1
 5c0:	fef42623          	sw	a5,-20(s0)
 5c4:	fec42783          	lw	a5,-20(s0)
 5c8:	0007c783          	lbu	a5,0(a5)
 5cc:	03078793          	addi	a5,a5,48
 5d0:	00078513          	mv	a0,a5
 5d4:	00000097          	auipc	ra,0x0
 5d8:	e5c080e7          	jalr	-420(ra) # 430 <putchar>
 5dc:	eec40793          	addi	a5,s0,-276
 5e0:	fec42703          	lw	a4,-20(s0)
 5e4:	fcf71ae3          	bne	a4,a5,5b8 <print_dec+0xac>
 5e8:	12c12083          	lw	ra,300(sp)
 5ec:	12812403          	lw	s0,296(sp)
 5f0:	13010113          	addi	sp,sp,304
 5f4:	00008067          	ret

000005f8 <print_hex>:
 5f8:	fe010113          	addi	sp,sp,-32
 5fc:	00112e23          	sw	ra,28(sp)
 600:	00812c23          	sw	s0,24(sp)
 604:	02010413          	addi	s0,sp,32
 608:	fea42623          	sw	a0,-20(s0)
 60c:	00800593          	li	a1,8
 610:	fec42503          	lw	a0,-20(s0)
 614:	00000097          	auipc	ra,0x0
 618:	01c080e7          	jalr	28(ra) # 630 <print_hex_digits>
 61c:	00000013          	nop
 620:	01c12083          	lw	ra,28(sp)
 624:	01812403          	lw	s0,24(sp)
 628:	02010113          	addi	sp,sp,32
 62c:	00008067          	ret

00000630 <print_hex_digits>:
 630:	fd010113          	addi	sp,sp,-48
 634:	02112623          	sw	ra,44(sp)
 638:	02812423          	sw	s0,40(sp)
 63c:	03010413          	addi	s0,sp,48
 640:	fca42e23          	sw	a0,-36(s0)
 644:	fcb42c23          	sw	a1,-40(s0)
 648:	fd842783          	lw	a5,-40(s0)
 64c:	fff78793          	addi	a5,a5,-1
 650:	00279793          	slli	a5,a5,0x2
 654:	fef42623          	sw	a5,-20(s0)
 658:	03c0006f          	j	694 <print_hex_digits+0x64>
 65c:	fec42783          	lw	a5,-20(s0)
 660:	fdc42703          	lw	a4,-36(s0)
 664:	00f757b3          	srl	a5,a4,a5
 668:	00f7f793          	andi	a5,a5,15
 66c:	00000737          	lui	a4,0x0
 670:	74870713          	addi	a4,a4,1864 # 748 <_end+0x16>
 674:	00f707b3          	add	a5,a4,a5
 678:	0007c783          	lbu	a5,0(a5)
 67c:	00078513          	mv	a0,a5
 680:	00000097          	auipc	ra,0x0
 684:	db0080e7          	jalr	-592(ra) # 430 <putchar>
 688:	fec42783          	lw	a5,-20(s0)
 68c:	ffc78793          	addi	a5,a5,-4
 690:	fef42623          	sw	a5,-20(s0)
 694:	fec42783          	lw	a5,-20(s0)
 698:	fc07d2e3          	bgez	a5,65c <print_hex_digits+0x2c>
 69c:	00000013          	nop
 6a0:	00000013          	nop
 6a4:	02c12083          	lw	ra,44(sp)
 6a8:	02812403          	lw	s0,40(sp)
 6ac:	03010113          	addi	sp,sp,48
 6b0:	00008067          	ret

000006b4 <__divsi3>:
 6b4:	02054e63          	bltz	a0,6f0 <__umodsi3+0x8>
 6b8:	0405c363          	bltz	a1,6fe <__umodsi3+0x16>

000006bc <__udivsi3>:
 6bc:	862e                	mv	a2,a1
 6be:	85aa                	mv	a1,a0
 6c0:	557d                	li	a0,-1
 6c2:	c215                	beqz	a2,6e6 <__udivsi3+0x2a>
 6c4:	4685                	li	a3,1
 6c6:	00b67863          	bgeu	a2,a1,6d6 <__udivsi3+0x1a>
 6ca:	00c05663          	blez	a2,6d6 <__udivsi3+0x1a>
 6ce:	0606                	slli	a2,a2,0x1
 6d0:	0686                	slli	a3,a3,0x1
 6d2:	feb66ce3          	bltu	a2,a1,6ca <__udivsi3+0xe>
 6d6:	4501                	li	a0,0
 6d8:	00c5e463          	bltu	a1,a2,6e0 <__udivsi3+0x24>
 6dc:	8d91                	sub	a1,a1,a2
 6de:	8d55                	or	a0,a0,a3
 6e0:	8285                	srli	a3,a3,0x1
 6e2:	8205                	srli	a2,a2,0x1
 6e4:	faf5                	bnez	a3,6d8 <__udivsi3+0x1c>
 6e6:	8082                	ret

000006e8 <__umodsi3>:
 6e8:	8286                	mv	t0,ra
 6ea:	3fc9                	jal	6bc <__udivsi3>
 6ec:	852e                	mv	a0,a1
 6ee:	8282                	jr	t0
 6f0:	40a00533          	neg	a0,a0
 6f4:	0005d763          	bgez	a1,702 <__umodsi3+0x1a>
 6f8:	40b005b3          	neg	a1,a1
 6fc:	b7c1                	j	6bc <__udivsi3>
 6fe:	40b005b3          	neg	a1,a1
 702:	8286                	mv	t0,ra
 704:	3f65                	jal	6bc <__udivsi3>
 706:	40a00533          	neg	a0,a0
 70a:	8282                	jr	t0

0000070c <__modsi3>:
 70c:	8286                	mv	t0,ra
 70e:	0005c763          	bltz	a1,71c <__modsi3+0x10>
 712:	00054963          	bltz	a0,724 <__modsi3+0x18>
 716:	375d                	jal	6bc <__udivsi3>
 718:	852e                	mv	a0,a1
 71a:	8282                	jr	t0
 71c:	40b005b3          	neg	a1,a1
 720:	fe055be3          	bgez	a0,716 <__modsi3+0xa>
 724:	40a00533          	neg	a0,a0
 728:	3f51                	jal	6bc <__udivsi3>
 72a:	40b00533          	neg	a0,a1
 72e:	8282                	jr	t0
	...
